nohup: ignoring input
/home/ubuntu/anaconda3/lib/python3.6/site-packages/sklearn/cross_validation.py:41: DeprecationWarning: This module was deprecated in version 0.18 in favor of the model_selection module into which all the refactored classes and functions are moved. Also note that the interface of the new CV iterators are different from that of this module. This module will be removed in 0.20.
  "This module will be removed in 0.20.", DeprecationWarning)
[7.152557373046875e-06] Load Train
[32.33009099960327] Load Test
[43.2490975856781] Load Features
[185.48990893363953] Finished Loading Features, start concatenate
(62080001, 7)
(20870003, 7)
[208.6507534980774] Concat Train/Test
(62080001, 26)
(20870003, 26)
[220.31703782081604] Time prep
[289.280800819397] group by...unique app per ip/dev/os
merge...
[384.19509387016296] group by...count app per ip/dev/os/min
merge...
[493.0310974121094] group by...unique app per ip/day/hr/chl
merge...
[541.6807813644409] group by...unique app per ip/app/chl
[601.0267288684845] group by...unique app per ip/app/os/chl
[702.0374441146851] Add entropy
[732.6121904850006] Data types
<class 'pandas.core.frame.DataFrame'>
Int64Index: 82950004 entries, 0 to 82950003
Data columns (total 41 columns):
ip                                  uint32
app                                 uint16
device                              uint16
os                                  uint16
channel                             uint16
click_time                          object
is_attributed                       uint8
click_sec_lead_chl                  int32
click_sec_lag_chl                   int32
click_sec_lead_os                   int32
click_sec_lag_os                    int32
click_sec_lead_app                  int32
click_sec_lag_app                   int32
click_sec_lsum_os                   int32
click_sec_lsum_chl                  int32
click_sec_lead_sameappchl           int32
click_sec_lead_shift2               int32
click_sec_lead_split_sec            float32
click_sec_lead_split_sec_ip_only    float32
same_next_app                       int8
same_prev_app                       int8
same_next_chl                       int8
same_prev_chl                       int8
qty                                 uint16
prevday_qty                         int32
prevhour_qty                        int32
hour                                uint8
day                                 uint8
minute                              uint8
day_minute                          uint8
unique_app_ipdevos                  int64
unique_app_ipdevosmin               int64
qty_chl                             int64
ip_app_count                        uint16
ip_app_os_count                     uint16
ip_device_entropy                   float32
ip_os_entropy                       float32
ip_app_entropy                      float32
ip_channel_entropy                  float32
ip_click_hr_entropy                 float32
ip_click_min_entropy                float32
dtypes: float32(8), int32(12), int64(3), int8(4), object(1), uint16(7), uint32(1), uint8(5)
memory usage: 11.4+ GB
(82950004, 41)
Device 3032 shape : 0
[753.1641929149628] Get common train and test
Get common to train and test : app
explore/lgb_cts_0604A.py:297: SettingWithCopyWarning: 
A value is trying to be set on a copy of a slice from a DataFrame

See the caveats in the documentation: http://pandas.pydata.org/pandas-docs/stable/indexing.html#indexing-view-versus-copy
  train_df[col][~train_df[col].isin(keep)] = np.nan
Length remaining for app : 376
Get common to train and test : channel
Length remaining for channel : 175
Get common to train and test : os
Length remaining for os : 299
Get common to train and test : hour
Length remaining for hour : 9
Get common to train and test : device
Length remaining for device : 1324
[852.0793764591217] Data split complete
train size:  62080001
valid size:  0
test size :  20870003
**************************************************
['click_sec_lead_split_sec', 'day_minute', 'prevday_qty', 'ip_channel_entropy', 'qty', 'click_sec_lead_app', 'ip_device_entropy', 'ip_os_entropy', 'click_sec_lead_shift2', 'click_sec_lag_os', 'click_sec_lag_app', 'ip_click_hr_entropy', 'os', 'ip_app_count', 'click_sec_lag_chl', 'ip', 'unique_app_ipdevosmin', 'ip_app_entropy', 'click_sec_lead_split_sec_ip_only', 'hour', 'click_sec_lead_sameappchl', 'device', 'ip_click_min_entropy', 'prevhour_qty', 'click_sec_lead_os', 'qty_chl', 'channel', 'app', 'ip_app_os_count', 'click_sec_lead_chl']
**************************************************
['app', 'device', 'os', 'channel', 'hour']
**************************************************
[852.0894339084625] Drop features complete
train size:  62080001
valid size:  20870003
test size :  20870003
[852.0894742012024] Training...
preparing validation datasets
/home/ubuntu/anaconda3/lib/python3.6/site-packages/lightgbm/basic.py:1036: UserWarning: Using categorical_feature in Dataset.
  warnings.warn('Using categorical_feature in Dataset.')
/home/ubuntu/anaconda3/lib/python3.6/site-packages/lightgbm/basic.py:681: UserWarning: categorical_feature in param dict is overrided.
  warnings.warn('categorical_feature in param dict is overrided.')
Training until validation scores don't improve for 100 rounds.
[10]	train's auc: 0.969608	valid's auc: 0.961096
[20]	train's auc: 0.972569	valid's auc: 0.964448
[30]	train's auc: 0.97498	valid's auc: 0.967972
[40]	train's auc: 0.977603	valid's auc: 0.97121
[50]	train's auc: 0.979299	valid's auc: 0.973569
[60]	train's auc: 0.980647	valid's auc: 0.975315
[70]	train's auc: 0.981703	valid's auc: 0.976638
[80]	train's auc: 0.982289	valid's auc: 0.977341
[90]	train's auc: 0.982787	valid's auc: 0.977922
[100]	train's auc: 0.983179	valid's auc: 0.978366
[110]	train's auc: 0.983496	valid's auc: 0.978762
[120]	train's auc: 0.983783	valid's auc: 0.979127
[130]	train's auc: 0.984052	valid's auc: 0.979431
[140]	train's auc: 0.984231	valid's auc: 0.979671
[150]	train's auc: 0.984449	valid's auc: 0.979935
[160]	train's auc: 0.984669	valid's auc: 0.980179
[170]	train's auc: 0.984836	valid's auc: 0.980324
[180]	train's auc: 0.984969	valid's auc: 0.98047
[190]	train's auc: 0.985105	valid's auc: 0.980607
[200]	train's auc: 0.985245	valid's auc: 0.980768
[210]	train's auc: 0.985363	valid's auc: 0.980859
[220]	train's auc: 0.985521	valid's auc: 0.981014
[230]	train's auc: 0.98562	valid's auc: 0.981087
[240]	train's auc: 0.985726	valid's auc: 0.981202
[250]	train's auc: 0.98584	valid's auc: 0.981311
[260]	train's auc: 0.985915	valid's auc: 0.981393
[270]	train's auc: 0.985992	valid's auc: 0.981439
[280]	train's auc: 0.986082	valid's auc: 0.981534
[290]	train's auc: 0.986131	valid's auc: 0.981559
[300]	train's auc: 0.986204	valid's auc: 0.981657
[310]	train's auc: 0.986295	valid's auc: 0.98175
[320]	train's auc: 0.986359	valid's auc: 0.9818
[330]	train's auc: 0.986439	valid's auc: 0.98189
[340]	train's auc: 0.986505	valid's auc: 0.981975
[350]	train's auc: 0.986556	valid's auc: 0.982033
[360]	train's auc: 0.986611	valid's auc: 0.982077
[370]	train's auc: 0.986671	valid's auc: 0.982161
[380]	train's auc: 0.986711	valid's auc: 0.982197
[390]	train's auc: 0.986758	valid's auc: 0.982222
[400]	train's auc: 0.986808	valid's auc: 0.982267
[410]	train's auc: 0.986858	valid's auc: 0.982289
[420]	train's auc: 0.986902	valid's auc: 0.982324
[430]	train's auc: 0.98694	valid's auc: 0.982361
[440]	train's auc: 0.986989	valid's auc: 0.982393
[450]	train's auc: 0.987035	valid's auc: 0.982413
[460]	train's auc: 0.987075	valid's auc: 0.982445
[470]	train's auc: 0.987118	valid's auc: 0.982495
[480]	train's auc: 0.987154	valid's auc: 0.982515
[490]	train's auc: 0.987197	valid's auc: 0.982529
[500]	train's auc: 0.987233	valid's auc: 0.982547
[510]	train's auc: 0.987273	valid's auc: 0.982554
[520]	train's auc: 0.98731	valid's auc: 0.982576
[530]	train's auc: 0.987341	valid's auc: 0.982594
[540]	train's auc: 0.987368	valid's auc: 0.982604
[550]	train's auc: 0.987398	valid's auc: 0.982632
[560]	train's auc: 0.987425	valid's auc: 0.982654
[570]	train's auc: 0.987453	valid's auc: 0.982664
[580]	train's auc: 0.987486	valid's auc: 0.982666
[590]	train's auc: 0.987511	valid's auc: 0.982684
[600]	train's auc: 0.987537	valid's auc: 0.982716
[610]	train's auc: 0.987568	valid's auc: 0.982724
[620]	train's auc: 0.987598	valid's auc: 0.982735
[630]	train's auc: 0.987624	valid's auc: 0.982753
[640]	train's auc: 0.987648	valid's auc: 0.982751
[650]	train's auc: 0.987676	valid's auc: 0.982758
[660]	train's auc: 0.987699	valid's auc: 0.982769
[670]	train's auc: 0.987724	valid's auc: 0.982776
[680]	train's auc: 0.98775	valid's auc: 0.982774
[690]	train's auc: 0.987769	valid's auc: 0.982794
[700]	train's auc: 0.987792	valid's auc: 0.982794
[710]	train's auc: 0.987819	valid's auc: 0.982804
[720]	train's auc: 0.987835	valid's auc: 0.982818
[730]	train's auc: 0.987859	valid's auc: 0.982826
[740]	train's auc: 0.987886	valid's auc: 0.98283
[750]	train's auc: 0.987912	valid's auc: 0.982842
[760]	train's auc: 0.987931	valid's auc: 0.982834
[770]	train's auc: 0.98795	valid's auc: 0.982832
[780]	train's auc: 0.98797	valid's auc: 0.982834
[790]	train's auc: 0.987989	valid's auc: 0.982839
[800]	train's auc: 0.988012	valid's auc: 0.982846
[810]	train's auc: 0.988029	valid's auc: 0.982852
[820]	train's auc: 0.988056	valid's auc: 0.982861
[830]	train's auc: 0.988081	valid's auc: 0.982867
[840]	train's auc: 0.988097	valid's auc: 0.982878
[850]	train's auc: 0.98812	valid's auc: 0.98289
[860]	train's auc: 0.988138	valid's auc: 0.98288
[870]	train's auc: 0.988157	valid's auc: 0.982882
[880]	train's auc: 0.988181	valid's auc: 0.982882
[890]	train's auc: 0.988199	valid's auc: 0.982883
[900]	train's auc: 0.988218	valid's auc: 0.982883
[910]	train's auc: 0.988236	valid's auc: 0.982884
[920]	train's auc: 0.988255	valid's auc: 0.982894
[930]	train's auc: 0.988273	valid's auc: 0.982903
[940]	train's auc: 0.988296	valid's auc: 0.982925
[950]	train's auc: 0.988313	valid's auc: 0.982919
[960]	train's auc: 0.988327	valid's auc: 0.982913
[970]	train's auc: 0.988345	valid's auc: 0.982912
[980]	train's auc: 0.988362	valid's auc: 0.982901
[990]	train's auc: 0.988378	valid's auc: 0.982893
[1000]	train's auc: 0.988397	valid's auc: 0.982899
[1010]	train's auc: 0.988411	valid's auc: 0.982892
[1020]	train's auc: 0.988428	valid's auc: 0.982898
[1030]	train's auc: 0.988442	valid's auc: 0.982889
Early stopping, best iteration is:
[939]	train's auc: 0.988296	valid's auc: 0.982927

Model Report
n_estimators :  939
auc: 0.982926573981
                                feat   imp
0                            channel  1301
1                                app   977
2                                 os   920
3           click_sec_lead_split_sec   300
4                               hour   166
5                      ip_os_entropy   142
6                       ip_app_count   127
7                 ip_channel_entropy   124
8                  ip_device_entropy   120
9                ip_click_hr_entropy   118
10              ip_click_min_entropy   107
11                           qty_chl   100
12                    ip_app_entropy   100
13                               qty    92
14                click_sec_lead_app    89
15             unique_app_ipdevosmin    88
16             click_sec_lead_shift2    87
17  click_sec_lead_split_sec_ip_only    82
18                                ip    81
19                        day_minute    62
20                 click_sec_lead_os    60
21                   ip_app_os_count    60
22                            device    59
23                      prevhour_qty    59
24                 click_sec_lag_app    54
25                  click_sec_lag_os    46
26                       prevday_qty    45
27                click_sec_lead_chl    31
28                 click_sec_lag_chl    25
29         click_sec_lead_sameappchl    12
Auc for all hours in testval : 0.982926573981
Auc for select hours in testval : 0.966331461188
writing...
