nohup: ignoring input
/home/ubuntu/anaconda3/lib/python3.6/site-packages/sklearn/cross_validation.py:41: DeprecationWarning: This module was deprecated in version 0.18 in favor of the model_selection module into which all the refactored classes and functions are moved. Also note that the interface of the new CV iterators are different from that of this module. This module will be removed in 0.20.
  "This module will be removed in 0.20.", DeprecationWarning)
[8.821487426757812e-06] Load Train
[143.9376838207245] Load Test
[159.82848644256592] Load Features
[475.112535238266] Finished Loading Features, start concatenate
(184903890, 7)
(18790469, 7)
[533.7107992172241] Concat Train/Test
(184903890, 25)
(18790469, 25)
[565.0239918231964] Time prep
[734.7559821605682] group by...unique app per ip/dev/os
merge...
[1040.590463399887] group by...count app per ip/dev/os/min
merge...
[1319.0580110549927] group by...unique app per ip/day/hr/chl
merge...
[1490.2955555915833] group by...unique app per ip/app/chl
[1678.7585101127625] group by...unique app per ip/app/os/chl
[1953.2856121063232] Add entropy
[2041.072452545166] Data types
<class 'pandas.core.frame.DataFrame'>
Int64Index: 203694359 entries, 0 to 203694358
Data columns (total 40 columns):
app                          uint16
channel                      uint16
click_id                     float64
click_sec_lag_app            int32
click_sec_lag_chl            int32
click_sec_lag_os             int32
click_sec_lead_app           int32
click_sec_lead_chl           int32
click_sec_lead_os            int32
click_sec_lead_sameappchl    int32
click_sec_lead_shift2        int32
click_sec_lead_split_sec     float32
click_sec_lsum_chl           int32
click_sec_lsum_os            int32
click_time                   object
device                       uint16
ip                           uint32
is_attributed                float64
os                           uint16
prevday_qty                  int32
prevhour_qty                 int32
qty                          uint16
same_next_app                int8
same_next_chl                int8
same_prev_app                int8
same_prev_chl                int8
hour                         uint8
day                          uint8
minute                       uint8
unique_app_ipdevos           int64
unique_app_ipdevosmin        int64
qty_chl                      int64
ip_app_count                 uint16
ip_app_os_count              uint16
ip_device_entropy            float32
ip_os_entropy                float32
ip_app_entropy               float32
ip_channel_entropy           float32
ip_click_hr_entropy          float32
ip_click_min_entropy         float32
dtypes: float32(7), float64(2), int32(12), int64(3), int8(4), object(1), uint16(7), uint32(1), uint8(3)
memory usage: 29.8+ GB
(203694359, 40)
Device 3032 shape : 692891
[2100.9737627506256] Get common train and test
Get common to train and test : app
explore/lgb_cts_0304C_checkit.py:293: SettingWithCopyWarning: 
A value is trying to be set on a copy of a slice from a DataFrame

See the caveats in the documentation: http://pandas.pydata.org/pandas-docs/stable/indexing.html#indexing-view-versus-copy
  train_df[col][~train_df[col].isin(keep)] = np.nan
Length remaining for app : 391
Get common to train and test : channel
Length remaining for channel : 179
Get common to train and test : os
Length remaining for os : 340
Get common to train and test : hour
Length remaining for hour : 10
Get common to train and test : device
Length remaining for device : 1662
[2399.425175666809] Data split complete
train size:  184200999
valid size:  10000
test size :  18790469
**************************************************
['ip_app_entropy', 'click_sec_lead_os', 'ip_channel_entropy', 'os', 'channel', 'same_next_app', 'click_sec_lead_chl', 'same_next_chl', 'click_sec_lead_split_sec', 'app', 'ip_os_entropy', 'device', 'click_sec_lead_sameappchl', 'ip_app_count', 'click_sec_lead_shift2', 'unique_app_ipdevosmin', 'ip', 'click_sec_lead_app', 'hour', 'prevday_qty', 'qty_chl', 'ip_click_min_entropy', 'click_sec_lag_app', 'qty', 'click_sec_lag_os', 'prevhour_qty', 'ip_app_os_count', 'click_sec_lag_chl', 'ip_device_entropy', 'ip_click_hr_entropy']
**************************************************
['app', 'device', 'os', 'channel', 'hour']
**************************************************
[2419.768662929535] Drop features complete
train size:  184200999
valid size:  10000
test size :  18790469
--------------------------------------------------
Train tail
--------------------------------------------------
            app  channel  click_sec_lag_app  click_sec_lag_chl  \
184893888  12.0    326.0                 89                 89   
184893889   9.0    134.0                  0              32400   

           click_sec_lag_os  click_sec_lead_app  click_sec_lead_chl  \
184893888                 0                  -1                  -1   
184893889                 0                   0                  -1   

           click_sec_lead_os  click_sec_lead_sameappchl  \
184893888                 -1                          1   
184893889                  0                          0   

           click_sec_lead_shift2  click_sec_lead_split_sec  \
184893888                     -1               999999.0000   
184893889                      0                    0.1149   

           click_sec_lsum_chl  click_sec_lsum_os  device      ip  \
184893888                  -1                 -1     1.0   51992   
184893889                  -1                  0     1.0  155856   

           is_attributed    os  prevday_qty  prevhour_qty   qty  \
184893888            0.0  10.0         1634           981  1045   
184893889            0.0  19.0           16            15    20   

           same_next_app  same_next_chl  same_prev_app  same_prev_chl  hour  \
184893888             -1             -1              0              0  15.0   
184893889              0              0              0              0  15.0   

           minute  unique_app_ipdevosmin  qty_chl  ip_app_count  \
184893888      59                     25     1074         15715   
184893889      59                     16       32           128   

           ip_app_os_count  ip_device_entropy  ip_os_entropy  ip_app_entropy  \
184893888              456           0.504515       2.984461        2.382852   
184893889               31           0.525835       2.622292        2.609355   

           ip_channel_entropy  ip_click_hr_entropy  ip_click_min_entropy  
184893888            3.683713             3.103715              4.092270  
184893889            3.818015             2.937050              3.998433  
--------------------------------------------------
Test tail
--------------------------------------------------
            app  channel    click_id  click_sec_lag_app  click_sec_lag_chl  \
203694357  27.0    122.0  18790466.0                 -1              32400   
203694358  12.0    265.0  18790468.0                564               4380   

           click_sec_lag_os  click_sec_lead_app  click_sec_lead_chl  \
203694357                 1                  -1                3099   
203694358               564                   0                   0   

           click_sec_lead_os  click_sec_lead_sameappchl  \
203694357               1380                          0   
203694358                  0                          1   

           click_sec_lead_shift2  click_sec_lead_split_sec  \
203694357                     -1                999999.000   
203694358                    356                     0.001   

           click_sec_lsum_chl  click_sec_lsum_os           click_time  device  \
203694357                  -3               1381  2017-11-10 15:00:00     1.0   
203694358                4380                564  2017-11-10 15:00:00     2.0   

               ip  is_attributed    os  prevday_qty  prevhour_qty    qty  \
203694357  123236            NaN  13.0           39            55     43   
203694358   73516            NaN  27.0        19404         16857  20100   

           same_next_app  same_next_chl  same_prev_app  same_prev_chl  hour  \
203694357              0              0              0              0  15.0   
203694358              1              1              1              0  15.0   

           day  minute  unique_app_ipdevos  unique_app_ipdevosmin  qty_chl  \
203694357   10       0                  23                      2        1   
203694358   10       0                  28                     48        4   

           ip_app_count  ip_app_os_count  ip_device_entropy  ip_os_entropy  \
203694357             4                1           0.443533       2.633907   
203694358         23380             1780           0.513015       2.859224   

           ip_app_entropy  ip_channel_entropy  ip_click_hr_entropy  \
203694357        2.663252            3.926039             2.910928   
203694358        2.394053            3.686175             3.054375   

           ip_click_min_entropy  
203694357              3.998248  
203694358              4.093950  
--------------------------------------------------
[2419.7935140132904] Training...
preparing validation datasets
/home/ubuntu/anaconda3/lib/python3.6/site-packages/lightgbm/basic.py:1036: UserWarning: Using categorical_feature in Dataset.
  warnings.warn('Using categorical_feature in Dataset.')
/home/ubuntu/anaconda3/lib/python3.6/site-packages/lightgbm/basic.py:681: UserWarning: categorical_feature in param dict is overrided.
  warnings.warn('categorical_feature in param dict is overrided.')
Training until validation scores don't improve for 20 rounds.
[10]	train's auc: 0.965798	valid's auc: 1
[20]	train's auc: 0.97044	valid's auc: 1
Did not meet early stopping. Best iteration is:
[19]	train's auc: 0.970557	valid's auc: 1

Model Report
n_estimators :  19
auc: 1.0
                         feat  imp
0                         app   27
1                     channel   24
2    click_sec_lead_split_sec   15
3                ip_app_count   14
4       unique_app_ipdevosmin    6
5                          os    4
6                     qty_chl    4
7          ip_channel_entropy    3
8        ip_click_min_entropy    3
9          click_sec_lead_app    2
10          click_sec_lead_os    2
11             ip_app_entropy    2
12              same_next_app    2
13                     device    2
14          ip_device_entropy    1
15           click_sec_lag_os    1
16                        qty    1
17        ip_click_hr_entropy    1
18                       hour    0
19                prevday_qty    0
20         click_sec_lead_chl    0
21              same_next_chl    0
22          click_sec_lag_app    0
23                         ip    0
24              ip_os_entropy    0
25               prevhour_qty    0
26            ip_app_os_count    0
27          click_sec_lag_chl    0
28      click_sec_lead_shift2    0
29  click_sec_lead_sameappchl    0
Predicting...
writing...
done...
<class 'pandas.core.frame.DataFrame'>
Int64Index: 18790469 entries, 184903890 to 203694358
Data columns (total 2 columns):
click_id         int64
is_attributed    float64
dtypes: float64(1), int64(1)
memory usage: 430.1 MB
None



--------------------------------------------------------
head of sub file --

--------------------------------------------------------
click_id,is_attributed
0,0.14864621297066163
1,0.12199737867919896
2,0.0846509460458782
3,0.0846509460458782
4,0.08872332233259839
5,0.0846509460458782
6,0.10793014808054419
7,0.11564987290361645
9,0.10793014808054419
8,0.10793014808054419
10,0.11564987290361645
11,0.0846509460458782
12,0.08872332233259839
13,0.194577205001086
14,0.10793014808054419
15,0.0846509460458782
16,0.11470060329972089
20,0.0846509460458782
19,0.1485582463742342
17,0.10793014808054419
18,0.0846509460458782
21,0.1686871676752846
22,0.10029340101794036
23,0.09503822699145102
24,0.0846509460458782
25,0.0846509460458782
26,0.10793014808054419
27,0.12199737867919896
28,0.10793014808054419
