nohup: ignoring input
/home/ubuntu/anaconda3/lib/python3.6/site-packages/sklearn/cross_validation.py:41: DeprecationWarning: This module was deprecated in version 0.18 in favor of the model_selection module into which all the refactored classes and functions are moved. Also note that the interface of the new CV iterators are different from that of this module. This module will be removed in 0.20.
  "This module will be removed in 0.20.", DeprecationWarning)
[9.298324584960938e-06] Load Train
[50.46367120742798] Load Test
[67.64205551147461] Load Features
[217.61165571212769] Finished Loading Features, start concatenate
(62080001, 7)
(20870003, 7)
[242.2593195438385] Concat Train/Test
(62080001, 26)
(20870003, 26)
[254.45740962028503] Time prep
[325.37802839279175] group by...unique app per ip/dev/os
merge...
[433.06975984573364] group by...count app per ip/dev/os/min
merge...
[547.5792026519775] group by...unique app per ip/day/hr/chl
merge...
[605.7209904193878] group by...unique app per ip/app/chl
[674.2168569564819] group by...unique app per ip/app/os/chl
[788.6133675575256] Add entropy
[822.7778055667877] Data types
<class 'pandas.core.frame.DataFrame'>
Int64Index: 82950004 entries, 0 to 82950003
Data columns (total 40 columns):
ip                                  uint32
app                                 uint16
device                              uint16
os                                  uint16
channel                             uint16
click_time                          object
is_attributed                       uint8
click_sec_lead_chl                  int32
click_sec_lag_chl                   int32
click_sec_lead_os                   int32
click_sec_lag_os                    int32
click_sec_lead_app                  int32
click_sec_lag_app                   int32
click_sec_lsum_os                   int32
click_sec_lsum_chl                  int32
click_sec_lead_sameappchl           int32
click_sec_lead_shift2               int32
click_sec_lead_split_sec            float32
click_sec_lead_split_sec_ip_only    float32
same_next_app                       int8
same_prev_app                       int8
same_next_chl                       int8
same_prev_chl                       int8
qty                                 uint16
prevday_qty                         int32
prevhour_qty                        int32
hour                                uint8
day                                 uint8
minute                              uint8
unique_app_ipdevos                  int64
unique_app_ipdevosmin               int64
qty_chl                             int64
ip_app_count                        uint16
ip_app_os_count                     uint16
ip_device_entropy                   float32
ip_os_entropy                       float32
ip_app_entropy                      float32
ip_channel_entropy                  float32
ip_click_hr_entropy                 float32
ip_click_min_entropy                float32
dtypes: float32(8), int32(12), int64(3), int8(4), object(1), uint16(7), uint32(1), uint8(4)
memory usage: 11.3+ GB
(82950004, 40)
Device 3032 shape : 0
[843.8678202629089] Get common train and test
Get common to train and test : app
explore/lgb_cts_0404.py:296: SettingWithCopyWarning: 
A value is trying to be set on a copy of a slice from a DataFrame

See the caveats in the documentation: http://pandas.pydata.org/pandas-docs/stable/indexing.html#indexing-view-versus-copy
  train_df[col][~train_df[col].isin(keep)] = np.nan
Length remaining for app : 376
Get common to train and test : channel
Length remaining for channel : 175
Get common to train and test : os
Length remaining for os : 299
Get common to train and test : hour
Length remaining for hour : 9
Get common to train and test : device
Length remaining for device : 1324
[951.9698448181152] Data split complete
train size:  62080001
valid size:  0
test size :  20870003
**************************************************
['prevhour_qty', 'prevday_qty', 'app', 'click_sec_lag_os', 'click_sec_lead_os', 'ip_os_entropy', 'click_sec_lead_split_sec', 'ip_app_entropy', 'qty', 'ip', 'ip_app_os_count', 'unique_app_ipdevosmin', 'ip_click_min_entropy', 'device', 'ip_device_entropy', 'click_sec_lag_chl', 'channel', 'hour', 'click_sec_lead_app', 'ip_channel_entropy', 'qty_chl', 'click_sec_lead_shift2', 'same_next_chl', 'click_sec_lag_app', 'click_sec_lead_sameappchl', 'same_next_app', 'os', 'ip_app_count', 'click_sec_lead_chl', 'click_sec_lead_split_sec_ip_only', 'ip_click_hr_entropy']
**************************************************
['app', 'device', 'os', 'channel', 'hour']
**************************************************
[951.9973003864288] Drop features complete
train size:  62080001
valid size:  20870003
test size :  20870003
[951.9973878860474] Training...
preparing validation datasets
/home/ubuntu/anaconda3/lib/python3.6/site-packages/lightgbm/basic.py:1036: UserWarning: Using categorical_feature in Dataset.
  warnings.warn('Using categorical_feature in Dataset.')
/home/ubuntu/anaconda3/lib/python3.6/site-packages/lightgbm/basic.py:681: UserWarning: categorical_feature in param dict is overrided.
  warnings.warn('categorical_feature in param dict is overrided.')
Training until validation scores don't improve for 100 rounds.
[10]	train's auc: 0.967052	valid's auc: 0.959143
[20]	train's auc: 0.972232	valid's auc: 0.963588
[30]	train's auc: 0.975025	valid's auc: 0.967919
[40]	train's auc: 0.977777	valid's auc: 0.971256
[50]	train's auc: 0.979555	valid's auc: 0.97384
[60]	train's auc: 0.981132	valid's auc: 0.975882
[70]	train's auc: 0.981866	valid's auc: 0.976799
[80]	train's auc: 0.982422	valid's auc: 0.977393
[90]	train's auc: 0.982922	valid's auc: 0.977947
[100]	train's auc: 0.983364	valid's auc: 0.978504
[110]	train's auc: 0.983671	valid's auc: 0.97887
[120]	train's auc: 0.983968	valid's auc: 0.979245
[130]	train's auc: 0.984209	valid's auc: 0.979502
[140]	train's auc: 0.984399	valid's auc: 0.979784
[150]	train's auc: 0.984575	valid's auc: 0.979987
[160]	train's auc: 0.984741	valid's auc: 0.980166
[170]	train's auc: 0.984938	valid's auc: 0.980394
[180]	train's auc: 0.985107	valid's auc: 0.980603
[190]	train's auc: 0.985221	valid's auc: 0.98074
[200]	train's auc: 0.985332	valid's auc: 0.980861
[210]	train's auc: 0.985452	valid's auc: 0.980946
[220]	train's auc: 0.985563	valid's auc: 0.981066
[230]	train's auc: 0.985676	valid's auc: 0.981165
[240]	train's auc: 0.985796	valid's auc: 0.981256
[250]	train's auc: 0.985882	valid's auc: 0.981344
[260]	train's auc: 0.98598	valid's auc: 0.981427
[270]	train's auc: 0.986069	valid's auc: 0.981481
[280]	train's auc: 0.986142	valid's auc: 0.981559
[290]	train's auc: 0.986201	valid's auc: 0.981609
[300]	train's auc: 0.986266	valid's auc: 0.981692
[310]	train's auc: 0.986324	valid's auc: 0.981715
[320]	train's auc: 0.986379	valid's auc: 0.981747
[330]	train's auc: 0.986443	valid's auc: 0.98183
[340]	train's auc: 0.986501	valid's auc: 0.981907
[350]	train's auc: 0.986545	valid's auc: 0.981973
[360]	train's auc: 0.986594	valid's auc: 0.982028
[370]	train's auc: 0.986652	valid's auc: 0.982076
[380]	train's auc: 0.986698	valid's auc: 0.982098
[390]	train's auc: 0.98674	valid's auc: 0.982129
[400]	train's auc: 0.986774	valid's auc: 0.982166
[410]	train's auc: 0.986819	valid's auc: 0.982188
[420]	train's auc: 0.986869	valid's auc: 0.982234
[430]	train's auc: 0.986909	valid's auc: 0.982289
[440]	train's auc: 0.986952	valid's auc: 0.982323
[450]	train's auc: 0.986995	valid's auc: 0.982327
[460]	train's auc: 0.98703	valid's auc: 0.982342
[470]	train's auc: 0.987077	valid's auc: 0.982382
[480]	train's auc: 0.987114	valid's auc: 0.982419
[490]	train's auc: 0.987158	valid's auc: 0.982446
[500]	train's auc: 0.987185	valid's auc: 0.982472
[510]	train's auc: 0.987217	valid's auc: 0.98248
[520]	train's auc: 0.987245	valid's auc: 0.982492
[530]	train's auc: 0.987284	valid's auc: 0.982524
[540]	train's auc: 0.987319	valid's auc: 0.982558
[550]	train's auc: 0.987343	valid's auc: 0.982564
[560]	train's auc: 0.98737	valid's auc: 0.982575
[570]	train's auc: 0.987395	valid's auc: 0.982582
[580]	train's auc: 0.987425	valid's auc: 0.982581
[590]	train's auc: 0.987455	valid's auc: 0.982595
[600]	train's auc: 0.987488	valid's auc: 0.982615
[610]	train's auc: 0.987504	valid's auc: 0.982627
[620]	train's auc: 0.98753	valid's auc: 0.982645
[630]	train's auc: 0.987555	valid's auc: 0.982672
[640]	train's auc: 0.987587	valid's auc: 0.982674
[650]	train's auc: 0.987608	valid's auc: 0.982685
[660]	train's auc: 0.987634	valid's auc: 0.982695
[670]	train's auc: 0.987654	valid's auc: 0.98271
[680]	train's auc: 0.987685	valid's auc: 0.982733
[690]	train's auc: 0.987704	valid's auc: 0.982729
[700]	train's auc: 0.987734	valid's auc: 0.982733
[710]	train's auc: 0.987758	valid's auc: 0.98273
[720]	train's auc: 0.987783	valid's auc: 0.982757
[730]	train's auc: 0.987802	valid's auc: 0.982767
[740]	train's auc: 0.987825	valid's auc: 0.982773
[750]	train's auc: 0.987851	valid's auc: 0.982788
[760]	train's auc: 0.987868	valid's auc: 0.982801
[770]	train's auc: 0.98789	valid's auc: 0.982807
[780]	train's auc: 0.987914	valid's auc: 0.982808
[790]	train's auc: 0.987937	valid's auc: 0.982811
[800]	train's auc: 0.987956	valid's auc: 0.982817
[810]	train's auc: 0.987974	valid's auc: 0.982828
[820]	train's auc: 0.987996	valid's auc: 0.982828
[830]	train's auc: 0.988019	valid's auc: 0.982836
[840]	train's auc: 0.988032	valid's auc: 0.982836
[850]	train's auc: 0.988049	valid's auc: 0.982844
[860]	train's auc: 0.98807	valid's auc: 0.982848
[870]	train's auc: 0.988091	valid's auc: 0.982853
[880]	train's auc: 0.988109	valid's auc: 0.98285
[890]	train's auc: 0.988127	valid's auc: 0.982841
[900]	train's auc: 0.988149	valid's auc: 0.982844
[910]	train's auc: 0.988169	valid's auc: 0.982844
[920]	train's auc: 0.988186	valid's auc: 0.98285
[930]	train's auc: 0.988205	valid's auc: 0.982868
[940]	train's auc: 0.988221	valid's auc: 0.982873
[950]	train's auc: 0.988237	valid's auc: 0.982868
[960]	train's auc: 0.988254	valid's auc: 0.982869
[970]	train's auc: 0.988269	valid's auc: 0.982868
[980]	train's auc: 0.988286	valid's auc: 0.982878
[990]	train's auc: 0.9883	valid's auc: 0.982871
[1000]	train's auc: 0.988319	valid's auc: 0.98287
[1010]	train's auc: 0.988333	valid's auc: 0.982872
[1020]	train's auc: 0.988349	valid's auc: 0.982874
[1030]	train's auc: 0.988365	valid's auc: 0.982867
[1040]	train's auc: 0.98838	valid's auc: 0.982875
[1050]	train's auc: 0.988393	valid's auc: 0.982878
[1060]	train's auc: 0.988408	valid's auc: 0.982871
[1070]	train's auc: 0.988424	valid's auc: 0.982873
[1080]	train's auc: 0.988436	valid's auc: 0.982878
[1090]	train's auc: 0.988453	valid's auc: 0.982882
[1100]	train's auc: 0.988472	valid's auc: 0.982881
[1110]	train's auc: 0.988488	valid's auc: 0.982887
[1120]	train's auc: 0.988504	valid's auc: 0.982891
[1130]	train's auc: 0.988513	valid's auc: 0.982888
[1140]	train's auc: 0.988524	valid's auc: 0.982881
[1150]	train's auc: 0.988537	valid's auc: 0.982875
[1160]	train's auc: 0.988551	valid's auc: 0.982882
[1170]	train's auc: 0.988566	valid's auc: 0.982875
[1180]	train's auc: 0.988578	valid's auc: 0.982871
[1190]	train's auc: 0.98859	valid's auc: 0.982873
[1200]	train's auc: 0.988605	valid's auc: 0.982875
[1210]	train's auc: 0.988621	valid's auc: 0.982895
[1220]	train's auc: 0.988636	valid's auc: 0.982898
[1230]	train's auc: 0.988646	valid's auc: 0.982907
[1240]	train's auc: 0.988657	valid's auc: 0.9829
[1250]	train's auc: 0.988668	valid's auc: 0.982898
[1260]	train's auc: 0.988686	valid's auc: 0.982891
[1270]	train's auc: 0.988698	valid's auc: 0.982893
[1280]	train's auc: 0.988718	valid's auc: 0.982901
[1290]	train's auc: 0.988728	valid's auc: 0.982899
[1300]	train's auc: 0.98874	valid's auc: 0.982903
[1310]	train's auc: 0.988751	valid's auc: 0.982897
[1320]	train's auc: 0.988762	valid's auc: 0.982902
[1330]	train's auc: 0.988776	valid's auc: 0.982911
[1340]	train's auc: 0.988789	valid's auc: 0.982917
[1350]	train's auc: 0.9888	valid's auc: 0.982914
[1360]	train's auc: 0.988814	valid's auc: 0.982911
[1370]	train's auc: 0.988825	valid's auc: 0.982904
[1380]	train's auc: 0.988837	valid's auc: 0.982901
[1390]	train's auc: 0.988847	valid's auc: 0.98291
[1400]	train's auc: 0.98886	valid's auc: 0.982913
[1410]	train's auc: 0.988871	valid's auc: 0.982919
[1420]	train's auc: 0.98888	valid's auc: 0.982914
[1430]	train's auc: 0.988895	valid's auc: 0.982913
[1440]	train's auc: 0.988903	valid's auc: 0.982915
[1450]	train's auc: 0.988914	valid's auc: 0.98291
[1460]	train's auc: 0.988928	valid's auc: 0.982919
[1470]	train's auc: 0.988939	valid's auc: 0.98291
[1480]	train's auc: 0.988952	valid's auc: 0.982909
[1490]	train's auc: 0.988961	valid's auc: 0.982918
[1500]	train's auc: 0.988975	valid's auc: 0.982917
[1510]	train's auc: 0.988986	valid's auc: 0.982922
[1520]	train's auc: 0.989	valid's auc: 0.982927
[1530]	train's auc: 0.989011	valid's auc: 0.98293
[1540]	train's auc: 0.989022	valid's auc: 0.982921
[1550]	train's auc: 0.989031	valid's auc: 0.982917
[1560]	train's auc: 0.989042	valid's auc: 0.982918
[1570]	train's auc: 0.989051	valid's auc: 0.982914
[1580]	train's auc: 0.989063	valid's auc: 0.982909
[1590]	train's auc: 0.98907	valid's auc: 0.982904
[1600]	train's auc: 0.989085	valid's auc: 0.982894
[1610]	train's auc: 0.989095	valid's auc: 0.982899
[1620]	train's auc: 0.989102	valid's auc: 0.982886
Early stopping, best iteration is:
[1529]	train's auc: 0.98901	valid's auc: 0.982931

Model Report
n_estimators :  1529
auc: 0.982931036643
                                feat   imp
0                            channel  2278
1                                 os  1647
2                                app  1351
3           click_sec_lead_split_sec   381
4                               hour   297
5                  ip_device_entropy   232
6                 ip_channel_entropy   224
7                       ip_app_count   224
8                      ip_os_entropy   214
9                ip_click_hr_entropy   201
10                    ip_app_entropy   168
11              ip_click_min_entropy   155
12             unique_app_ipdevosmin   150
13                           qty_chl   143
14                                ip   138
15             click_sec_lead_shift2   134
16                   ip_app_os_count   133
17                               qty   132
18  click_sec_lead_split_sec_ip_only   117
19                click_sec_lead_app   111
20                 click_sec_lag_app   104
21                  click_sec_lag_os    97
22                      prevhour_qty    94
23                            device    92
24                 click_sec_lead_os    81
25                       prevday_qty    77
26                click_sec_lead_chl    66
27                 click_sec_lag_chl    60
28                     same_next_chl    26
29                     same_next_app    26
30         click_sec_lead_sameappchl    21
Auc for all hours in testval : 0.982931036643
Auc for select hours in testval : 0.966189585472
writing...
