nohup: ignoring input
/home/ubuntu/anaconda3/lib/python3.6/site-packages/sklearn/cross_validation.py:41: DeprecationWarning: This module was deprecated in version 0.18 in favor of the model_selection module into which all the refactored classes and functions are moved. Also note that the interface of the new CV iterators are different from that of this module. This module will be removed in 0.20.
  "This module will be removed in 0.20.", DeprecationWarning)
[8.106231689453125e-06] Load Train
[161.2398498058319] Remove late downloads
/home/ubuntu/anaconda3/lib/python3.6/site-packages/pandas/core/indexing.py:179: SettingWithCopyWarning: 
A value is trying to be set on a copy of a slice from a DataFrame

See the caveats in the documentation: http://pandas.pydata.org/pandas-docs/stable/indexing.html#indexing-view-versus-copy
  self._setitem_with_indexer(indexer, value)
[171.98392963409424] Load Test
[189.03025460243225] Load Features
[616.2699494361877] Load Entropy Features
[616.8838810920715] Load up the kanber features
(184903890, 9)
(18790469, 9)
    X0  X1  X2   X3  X4   X5  X6  X7  X8
0  141   0   9   90  48   30  50   0  51
1  137   0  10   81  51   29  50   0  48
2  139   0   9   73  52   19  50   0  42
3  152   0   9  164  71  122  40   0  63
4   94   0   7   38  21    5  50   0  28
    X0  X1  X2   X3  X4   X5  X6  X7  X8
0  141   0   9   90  48   30  50   0  51
1  137   0  10   81  51   29  50   0  48
2  139   0   9   73  52   19  50   0  42
3  152   0   9  164  71  122  40   0  63
4   94   0   7   38  21    5  50   0  28
           X0    X1  X2   X3   X4   X5  X6      X7  X8
18790464   84   104  16   32    9    5  47     526  22
18790465  121   430  16   74   30   17  11   13517  26
18790466  126   782  16   64   41   17  20   14260  26
18790467   83   210  16   34    4    5   6    1150  23
18790468  163  2658  17  210  152  197  33  978546  30
           X0    X1  X2   X3   X4   X5  X6      X7  X8
18790464   84   104  16   32    9    5  47     526  22
18790465  121   430  16   74   30   17  11   13517  26
18790466  126   782  16   64   41   17  20   14260  26
18790467   83   210  16   34    4    5   6    1150  23
18790468  163  2658  17  210  152  197  33  978546  30
(184903890, 2)
(18790469, 2)
   nextClick  nextClick_shift
0       5340             9999
1       5547             5340
2       5925             5547
3       5110             5925
4      33756             5110
   nextClick  nextClick_shift
0       5340             9999
1       5547             5340
2       5925             5547
3       5110             5925
4      33756             5110
           nextClick  nextClick_shift
18790464         144              136
18790465  1489674000              144
18790466  1489674000       1489674000
18790467  1489674000       1489674000
18790468           0       1489674000
           nextClick  nextClick_shift
18790464         144              136
18790465  1489674000              144
18790466  1489674000       1489674000
18790467  1489674000       1489674000
18790468           0       1489674000
(184903890, 7)
(18790469, 7)
   ip_tcount  ip_tchan_count  ip_app_count  ip_app_os_count  ip_app_os_var  \
0          1        7.893333          6347             1600      37.074772   
1          1        9.618462          5792             1596      27.812672   
2          1       15.600000          2422              505      33.541592   
3          1        5.947712         12190             2496      38.642452   
4          1       10.800000           232               80      37.221359   

   ip_app_channel_var_day  ip_app_channel_mean_hour  
0                1.641883                  8.545852  
1                1.338314                  8.247573  
2                1.158442                  9.035714  
3                1.272727                  9.963636  
4                0.619048                 11.428572  
   ip_tcount  ip_tchan_count  ip_app_count  ip_app_os_count  ip_app_os_var  \
0          1        7.893333          6347             1600      37.074772   
1          1        9.618462          5792             1596      27.812672   
2          1       15.600000          2422              505      33.541592   
3          1        5.947712         12190             2496      38.642452   
4          1       10.800000           232               80      37.221359   

   ip_app_channel_var_day  ip_app_channel_mean_hour  
0                1.641883                  8.545852  
1                1.338314                  8.247573  
2                1.158442                  9.035714  
3                1.272727                  9.963636  
4                0.619048                 11.428572  
          ip_tcount  ip_tchan_count  ip_app_count  ip_app_os_count  \
18790464         16       22.333334            70               16   
18790465        199       20.633850           289               15   
18790466         61       13.192644          1697              102   
18790467         69       52.299999             5                1   
18790468      19756       19.990833         59641             2026   

          ip_app_os_var  ip_app_channel_var_day  ip_app_channel_mean_hour  
18790464      33.066666                0.228070                 11.947369  
18790465      31.838095                1.371842                 10.569445  
18790466      26.880314                0.000000                 10.200000  
18790467     999.000000                0.333333                  5.000000  
18790468      37.967777                1.276994                 11.002866  
          ip_tcount  ip_tchan_count  ip_app_count  ip_app_os_count  \
18790464         16       22.333334            70               16   
18790465        199       20.633850           289               15   
18790466         61       13.192644          1697              102   
18790467         69       52.299999             5                1   
18790468      19756       19.990833         59641             2026   

          ip_app_os_var  ip_app_channel_var_day  ip_app_channel_mean_hour  
18790464      33.066666                0.228070                 11.947369  
18790465      31.838095                1.371842                 10.569445  
18790466      26.880314                0.000000                 10.200000  
18790467     999.000000                0.333333                  5.000000  
18790468      37.967777                1.276994                 11.002866  
[716.8079876899719] Finished Loading Features, start concatenate
(184903890, 20)
(18790469, 20)
   click_sec_lead_app  click_sec_lag_app   X0  X1  X2   X3  X4   X5  X6  X7  \
0              5340.0               -1.0  141   0   9   90  48   30  50   0   
1              5547.0               -1.0  137   0  10   81  51   29  50   0   
2              5925.0               -1.0  139   0   9   73  52   19  50   0   
3              5110.0               -1.0  152   0   9  164  71  122  40   0   
4             33756.0               -1.0   94   0   7   38  21    5  50   0   

   X8  nextClick  nextClick_shift  ip_tcount  ip_tchan_count  ip_app_count  \
0  51       5340             9999          1        7.893333          6347   
1  48       5547             5340          1        9.618462          5792   
2  42       5925             5547          1       15.600000          2422   
3  63       5110             5925          1        5.947712         12190   
4  28      33756             5110          1       10.800000           232   

   ip_app_os_count  ip_app_os_var  ip_app_channel_var_day  \
0             1600      37.074772                1.641883   
1             1596      27.812672                1.338314   
2              505      33.541592                1.158442   
3             2496      38.642452                1.272727   
4               80      37.221359                0.619048   

   ip_app_channel_mean_hour  
0                  8.545852  
1                  8.247573  
2                  9.035714  
3                  9.963636  
4                 11.428572  
   click_sec_lead_app  click_sec_lag_app   X0  X1  X2   X3  X4   X5  X6  X7  \
0              5340.0               -1.0  141   0   9   90  48   30  50   0   
1              5547.0               -1.0  137   0  10   81  51   29  50   0   
2              5925.0               -1.0  139   0   9   73  52   19  50   0   
3              5110.0               -1.0  152   0   9  164  71  122  40   0   
4             33756.0               -1.0   94   0   7   38  21    5  50   0   

   X8  nextClick  nextClick_shift  ip_tcount  ip_tchan_count  ip_app_count  \
0  51       5340             9999          1        7.893333          6347   
1  48       5547             5340          1        9.618462          5792   
2  42       5925             5547          1       15.600000          2422   
3  63       5110             5925          1        5.947712         12190   
4  28      33756             5110          1       10.800000           232   

   ip_app_os_count  ip_app_os_var  ip_app_channel_var_day  \
0             1600      37.074772                1.641883   
1             1596      27.812672                1.338314   
2              505      33.541592                1.158442   
3             2496      38.642452                1.272727   
4               80      37.221359                0.619048   

   ip_app_channel_mean_hour  
0                  8.545852  
1                  8.247573  
2                  9.035714  
3                  9.963636  
4                 11.428572  
          click_sec_lead_app  click_sec_lag_app   X0    X1  X2   X3   X4   X5  \
18790464                 144               1305   84   104  16   32    9    5   
18790465                  -1              36822  121   430  16   74   30   17   
18790466                  -1                  0  126   782  16   64   41   17   
18790467                  -1                 -1   83   210  16   34    4    5   
18790468                   0                564  163  2658  17  210  152  197   

          X6      X7  X8   nextClick  nextClick_shift  ip_tcount  \
18790464  47     526  22         144              136         16   
18790465  11   13517  26  1489674000              144        199   
18790466  20   14260  26  1489674000       1489674000         61   
18790467   6    1150  23  1489674000       1489674000         69   
18790468  33  978546  30           0       1489674000      19756   

          ip_tchan_count  ip_app_count  ip_app_os_count  ip_app_os_var  \
18790464       22.333334            70               16      33.066666   
18790465       20.633850           289               15      31.838095   
18790466       13.192644          1697              102      26.880314   
18790467       52.299999             5                1     999.000000   
18790468       19.990833         59641             2026      37.967777   

          ip_app_channel_var_day  ip_app_channel_mean_hour  
18790464                0.228070                 11.947369  
18790465                1.371842                 10.569445  
18790466                0.000000                 10.200000  
18790467                0.333333                  5.000000  
18790468                1.276994                 11.002866  
          click_sec_lead_app  click_sec_lag_app   X0    X1  X2   X3   X4   X5  \
18790464                 144               1305   84   104  16   32    9    5   
18790465                  -1              36822  121   430  16   74   30   17   
18790466                  -1                  0  126   782  16   64   41   17   
18790467                  -1                 -1   83   210  16   34    4    5   
18790468                   0                564  163  2658  17  210  152  197   

          X6      X7  X8   nextClick  nextClick_shift  ip_tcount  \
18790464  47     526  22         144              136         16   
18790465  11   13517  26  1489674000              144        199   
18790466  20   14260  26  1489674000       1489674000         61   
18790467   6    1150  23  1489674000       1489674000         69   
18790468  33  978546  30           0       1489674000      19756   

          ip_tchan_count  ip_app_count  ip_app_os_count  ip_app_os_var  \
18790464       22.333334            70               16      33.066666   
18790465       20.633850           289               15      31.838095   
18790466       13.192644          1697              102      26.880314   
18790467       52.299999             5                1     999.000000   
18790468       19.990833         59641             2026      37.967777   

          ip_app_channel_var_day  ip_app_channel_mean_hour  
18790464                0.228070                 11.947369  
18790465                1.371842                 10.569445  
18790466                0.000000                 10.200000  
18790467                0.333333                  5.000000  
18790468                1.276994                 11.002866  
(184903890, 7)
(18790469, 7)
(184903890, 29)
(18790469, 29)
   click_sec_lead_app  click_sec_lag_app   X0  X1  X2   X3  X4   X5  X6  X7  \
0                5340                 -1  141   0   9   90  48   30  50   0   
1                5547                 -1  137   0  10   81  51   29  50   0   
2                5925                 -1  139   0   9   73  52   19  50   0   
3                5110                 -1  152   0   9  164  71  122  40   0   
4               18000                 -1   94   0   7   38  21    5  50   0   

           ...            ip_app_channel_mean_hour  click_sec_lead_split_sec  \
0          ...                                   8               5340.212891   
1          ...                                   8               5547.390625   
2          ...                                   9               5925.761230   
3          ...                                   9               5110.511230   
4          ...                                  11              33756.210938   

   click_sec_lead_split_sec_ip_only  cumsum10  cumsum50  click_sec_lead_chl  \
0                            9999.0         0         0              5444.0   
1                            9999.0         0         0             30591.0   
2                            9999.0         0         0              6005.0   
3                            9999.0         0         0              5679.0   
4                            9999.0         0         0             33841.0   

   click_sec_lag_chl  click_sec_lead_os  click_sec_lag_os  \
0               -1.0             5307.0              -1.0   
1               -1.0             5239.0              -1.0   
2               -1.0             5205.0              -1.0   
3               -1.0             5108.0              -1.0   
4               -1.0            27338.0              -1.0   

   click_sec_lead_shift2  
0                 5340.0  
1                 5662.0  
2                 6043.0  
3                 5224.0  
4                33782.0  

[5 rows x 29 columns]
   click_sec_lead_app  click_sec_lag_app   X0  X1  X2   X3  X4   X5  X6  X7  \
0                5340                 -1  141   0   9   90  48   30  50   0   
1                5547                 -1  137   0  10   81  51   29  50   0   
2                5925                 -1  139   0   9   73  52   19  50   0   
3                5110                 -1  152   0   9  164  71  122  40   0   
4               18000                 -1   94   0   7   38  21    5  50   0   

           ...            ip_app_channel_mean_hour  click_sec_lead_split_sec  \
0          ...                                   8               5340.212891   
1          ...                                   8               5547.390625   
2          ...                                   9               5925.761230   
3          ...                                   9               5110.511230   
4          ...                                  11              33756.210938   

   click_sec_lead_split_sec_ip_only  cumsum10  cumsum50  click_sec_lead_chl  \
0                            9999.0         0         0              5444.0   
1                            9999.0         0         0             30591.0   
2                            9999.0         0         0              6005.0   
3                            9999.0         0         0              5679.0   
4                            9999.0         0         0             33841.0   

   click_sec_lag_chl  click_sec_lead_os  click_sec_lag_os  \
0               -1.0             5307.0              -1.0   
1               -1.0             5239.0              -1.0   
2               -1.0             5205.0              -1.0   
3               -1.0             5108.0              -1.0   
4               -1.0            27338.0              -1.0   

   click_sec_lead_shift2  
0                 5340.0  
1                 5662.0  
2                 6043.0  
3                 5224.0  
4                33782.0  

[5 rows x 29 columns]
          click_sec_lead_app  click_sec_lag_app   X0    X1  X2   X3   X4   X5  \
18790464                 144               1305   84   104  16   32    9    5   
18790465                  -1              18000  121   430  16   74   30   17   
18790466                  -1                  0  126   782  16   64   41   17   
18790467                  -1                 -1   83   210  16   34    4    5   
18790468                   0                564  163  2658  17  210  152  197   

          X6     X7          ...            ip_app_channel_mean_hour  \
18790464  47    526          ...                                  11   
18790465  11  13517          ...                                  10   
18790466  20  14260          ...                                  10   
18790467   6   1150          ...                                   5   
18790468  33  18000          ...                                  11   

          click_sec_lead_split_sec  click_sec_lead_split_sec_ip_only  \
18790464                143.818695                        143.818695   
18790465             999999.000000                        871.732178   
18790466             999999.000000                          2.414400   
18790467             999999.000000                       9999.000000   
18790468                  0.001000                          0.001000   

          cumsum10  cumsum50  click_sec_lead_chl  click_sec_lag_chl  \
18790464         0         0                 144                 -1   
18790465         0         0                  -1              36822   
18790466         0         0                 649                  0   
18790467         0         0                3099              56732   
18790468     20188     20188                   0               4380   

          click_sec_lead_os  click_sec_lag_os  click_sec_lead_shift2  
18790464                  0                 0                    420  
18790465                  5                 4                     -1  
18790466                 12                 0                     -1  
18790467               1380                 1                     -1  
18790468                  0               564                    356  

[5 rows x 29 columns]
          click_sec_lead_app  click_sec_lag_app   X0    X1  X2   X3   X4   X5  \
18790464                 144               1305   84   104  16   32    9    5   
18790465                  -1              18000  121   430  16   74   30   17   
18790466                  -1                  0  126   782  16   64   41   17   
18790467                  -1                 -1   83   210  16   34    4    5   
18790468                   0                564  163  2658  17  210  152  197   

          X6     X7          ...            ip_app_channel_mean_hour  \
18790464  47    526          ...                                  11   
18790465  11  13517          ...                                  10   
18790466  20  14260          ...                                  10   
18790467   6   1150          ...                                   5   
18790468  33  18000          ...                                  11   

          click_sec_lead_split_sec  click_sec_lead_split_sec_ip_only  \
18790464                143.818695                        143.818695   
18790465             999999.000000                        871.732178   
18790466             999999.000000                          2.414400   
18790467             999999.000000                       9999.000000   
18790468                  0.001000                          0.001000   

          cumsum10  cumsum50  click_sec_lead_chl  click_sec_lag_chl  \
18790464         0         0                 144                 -1   
18790465         0         0                  -1              36822   
18790466         0         0                 649                  0   
18790467         0         0                3099              56732   
18790468     20188     20188                   0               4380   

          click_sec_lead_os  click_sec_lag_os  click_sec_lead_shift2  
18790464                  0                 0                    420  
18790465                  5                 4                     -1  
18790466                 12                 0                     -1  
18790467               1380                 1                     -1  
18790468                  0               564                    356  

[5 rows x 29 columns]
[823.0509283542633] Concat Train/Test
[847.1202960014343] Add Bayes Mean
(184903890, 46)
(18790469, 46)
Index(['ip', 'app', 'device', 'os', 'channel', 'click_time', 'is_attributed',
       'click_sec_lead_app', 'click_sec_lag_app', 'X0', 'X1', 'X2', 'X3', 'X4',
       'X5', 'X6', 'X7', 'X8', 'nextClick', 'nextClick_shift', 'ip_tcount',
       'ip_tchan_count', 'ip_app_count', 'ip_app_os_count', 'ip_app_os_var',
       'ip_app_channel_var_day', 'ip_app_channel_mean_hour',
       'click_sec_lead_split_sec', 'click_sec_lead_split_sec_ip_only',
       'cumsum10', 'cumsum50', 'click_sec_lead_chl', 'click_sec_lag_chl',
       'click_sec_lead_os', 'click_sec_lag_os', 'click_sec_lead_shift2',
       'same_next_app', 'same_prev_app', 'same_next_chl', 'same_prev_chl',
       'qty', 'prevday_qty', 'prevhour_qty', 'count_in_next_hr',
       'count_in_next_ten_mins', 'bmean'],
      dtype='object')
Index(['click_id', 'ip', 'app', 'device', 'os', 'channel', 'click_time',
       'click_sec_lead_app', 'click_sec_lag_app', 'X0', 'X1', 'X2', 'X3', 'X4',
       'X5', 'X6', 'X7', 'X8', 'nextClick', 'nextClick_shift', 'ip_tcount',
       'ip_tchan_count', 'ip_app_count', 'ip_app_os_count', 'ip_app_os_var',
       'ip_app_channel_var_day', 'ip_app_channel_mean_hour',
       'click_sec_lead_split_sec', 'click_sec_lead_split_sec_ip_only',
       'cumsum10', 'cumsum50', 'click_sec_lead_chl', 'click_sec_lag_chl',
       'click_sec_lead_os', 'click_sec_lag_os', 'click_sec_lead_shift2',
       'same_next_app', 'same_prev_app', 'same_next_chl', 'same_prev_chl',
       'qty', 'prevday_qty', 'prevhour_qty', 'count_in_next_hr',
       'count_in_next_ten_mins', 'bmean'],
      dtype='object')
[1059.5343713760376] Time prep
[1186.654690027237] Add entropy
[1286.1496748924255] Split data
Device 3032 shape : 692891
[1516.3185589313507] Get common train and test
Get common to train and test : app
explore/lgb_cts_3004.py:289: SettingWithCopyWarning: 
A value is trying to be set on a copy of a slice from a DataFrame

See the caveats in the documentation: http://pandas.pydata.org/pandas-docs/stable/indexing.html#indexing-view-versus-copy
  train_df[col][~train_df[col].isin(keep)] = np.nan
Length remaining for app : 391
Get common to train and test : channel
Length remaining for channel : 179
Get common to train and test : os
Length remaining for os : 340
Get common to train and test : hour
Length remaining for hour : 10
Get common to train and test : device
Length remaining for device : 1662
[1897.0130593776703] Data split complete
train size:  184200999
valid size:  10000
test size :  18790469
**************************************************
['ip_os_entropy', 'ip_device_entropy', 'device', 'count_in_next_hr', 'X2', 'qty', 'ip_channel_entropy', 'click_sec_lag_chl', 'ip_click_min_entropy', 'ip', 'os', 'click_sec_lag_app', 'X1', 'hour', 'cumsum50', 'ip_app_entropy', 'app', 'prevhour_qty', 'click_sec_lead_split_sec_ip_only', 'cumsum10', 'prevday_qty', 'nextClick', 'X7', 'nextClick_shift', 'X5', 'channel', 'click_sec_lead_app', 'click_sec_lead_shift2', 'click_sec_lead_split_sec', 'ip_click_hr_entropy', 'bmean', 'X4', 'count_in_next_ten_mins', 'X6', 'click_sec_lead_chl', 'click_sec_lead_os', 'click_sec_lag_os', 'X0', 'X8', 'X3']
**************************************************
['app', 'device', 'os', 'channel', 'hour']
**************************************************
[1924.6109952926636] Drop features complete
train size:  184200999
valid size:  10000
test size :  18790469
[1924.6110775470734] Training...
preparing validation datasets
/home/ubuntu/anaconda3/lib/python3.6/site-packages/lightgbm/basic.py:1036: UserWarning: Using categorical_feature in Dataset.
  warnings.warn('Using categorical_feature in Dataset.')
[LightGBM] [Info] Number of positive: 446337, number of negative: 183754662
[LightGBM] [Info] Total Bins 7946
[LightGBM] [Info] Number of data: 184200999, number of used features: 40
/home/ubuntu/anaconda3/lib/python3.6/site-packages/lightgbm/basic.py:681: UserWarning: categorical_feature in param dict is overrided.
  warnings.warn('categorical_feature in param dict is overrided.')
Training until validation scores don't improve for 1130 rounds.
[10]	train's auc: 0.968447	valid's auc: 1
[20]	train's auc: 0.97195	valid's auc: 1
[30]	train's auc: 0.973633	valid's auc: 1
[40]	train's auc: 0.975917	valid's auc: 1
[50]	train's auc: 0.977525	valid's auc: 1
[60]	train's auc: 0.978712	valid's auc: 1
[70]	train's auc: 0.979745	valid's auc: 1
[80]	train's auc: 0.980647	valid's auc: 1
[90]	train's auc: 0.981303	valid's auc: 1
[100]	train's auc: 0.981962	valid's auc: 1
[110]	train's auc: 0.982381	valid's auc: 1
[120]	train's auc: 0.982821	valid's auc: 1
[130]	train's auc: 0.983261	valid's auc: 1
[140]	train's auc: 0.983613	valid's auc: 1
[150]	train's auc: 0.983891	valid's auc: 1
[160]	train's auc: 0.984122	valid's auc: 1
[170]	train's auc: 0.984323	valid's auc: 1
[180]	train's auc: 0.98449	valid's auc: 1
[190]	train's auc: 0.984653	valid's auc: 1
[200]	train's auc: 0.984788	valid's auc: 1
[210]	train's auc: 0.984924	valid's auc: 1
[220]	train's auc: 0.985062	valid's auc: 1
[230]	train's auc: 0.98518	valid's auc: 1
[240]	train's auc: 0.985283	valid's auc: 1
[250]	train's auc: 0.985388	valid's auc: 1
[260]	train's auc: 0.985485	valid's auc: 1
[270]	train's auc: 0.985575	valid's auc: 1
[280]	train's auc: 0.985657	valid's auc: 1
[290]	train's auc: 0.985728	valid's auc: 1
[300]	train's auc: 0.985796	valid's auc: 1
[310]	train's auc: 0.985849	valid's auc: 1
[320]	train's auc: 0.985906	valid's auc: 1
[330]	train's auc: 0.985984	valid's auc: 1
[340]	train's auc: 0.986038	valid's auc: 1
[350]	train's auc: 0.986094	valid's auc: 1
[360]	train's auc: 0.986142	valid's auc: 1
[370]	train's auc: 0.986196	valid's auc: 1
[380]	train's auc: 0.986244	valid's auc: 1
[390]	train's auc: 0.986291	valid's auc: 1
[400]	train's auc: 0.986328	valid's auc: 1
[410]	train's auc: 0.986365	valid's auc: 1
[420]	train's auc: 0.986402	valid's auc: 1
[430]	train's auc: 0.986438	valid's auc: 1
[440]	train's auc: 0.986478	valid's auc: 1
[450]	train's auc: 0.986509	valid's auc: 1
[460]	train's auc: 0.98654	valid's auc: 1
[470]	train's auc: 0.986574	valid's auc: 1
[480]	train's auc: 0.986605	valid's auc: 1
[490]	train's auc: 0.986633	valid's auc: 1
[500]	train's auc: 0.986655	valid's auc: 1
[510]	train's auc: 0.986681	valid's auc: 1
[520]	train's auc: 0.98671	valid's auc: 1
[530]	train's auc: 0.986736	valid's auc: 1
[540]	train's auc: 0.986769	valid's auc: 1
[550]	train's auc: 0.986796	valid's auc: 1
[560]	train's auc: 0.986825	valid's auc: 1
[570]	train's auc: 0.986851	valid's auc: 1
[580]	train's auc: 0.986874	valid's auc: 1
[590]	train's auc: 0.986905	valid's auc: 1
[600]	train's auc: 0.986929	valid's auc: 1
[610]	train's auc: 0.986951	valid's auc: 1
[620]	train's auc: 0.986973	valid's auc: 1
[630]	train's auc: 0.986996	valid's auc: 1
[640]	train's auc: 0.987017	valid's auc: 1
[650]	train's auc: 0.987038	valid's auc: 1
[660]	train's auc: 0.987061	valid's auc: 1
[670]	train's auc: 0.987082	valid's auc: 1
[680]	train's auc: 0.987107	valid's auc: 1
[690]	train's auc: 0.987125	valid's auc: 1
[700]	train's auc: 0.987145	valid's auc: 1
[710]	train's auc: 0.987168	valid's auc: 1
[720]	train's auc: 0.987187	valid's auc: 1
[730]	train's auc: 0.987215	valid's auc: 1
[740]	train's auc: 0.987236	valid's auc: 1
[750]	train's auc: 0.987255	valid's auc: 1
[760]	train's auc: 0.987271	valid's auc: 1
[770]	train's auc: 0.987291	valid's auc: 1
[780]	train's auc: 0.987314	valid's auc: 1
[790]	train's auc: 0.987334	valid's auc: 1
[800]	train's auc: 0.987355	valid's auc: 1
[810]	train's auc: 0.987374	valid's auc: 1
[820]	train's auc: 0.987392	valid's auc: 1
[830]	train's auc: 0.987412	valid's auc: 1
[840]	train's auc: 0.987431	valid's auc: 1
[850]	train's auc: 0.987448	valid's auc: 1
[860]	train's auc: 0.987464	valid's auc: 1
[870]	train's auc: 0.987484	valid's auc: 1
[880]	train's auc: 0.987501	valid's auc: 1
[890]	train's auc: 0.98752	valid's auc: 1
[900]	train's auc: 0.987537	valid's auc: 1
[910]	train's auc: 0.987551	valid's auc: 1
[920]	train's auc: 0.987568	valid's auc: 1
[930]	train's auc: 0.987585	valid's auc: 1
[940]	train's auc: 0.987603	valid's auc: 1
[950]	train's auc: 0.987626	valid's auc: 1
[960]	train's auc: 0.987646	valid's auc: 1
[970]	train's auc: 0.987662	valid's auc: 1
[980]	train's auc: 0.987679	valid's auc: 1
[990]	train's auc: 0.987697	valid's auc: 1
[1000]	train's auc: 0.987713	valid's auc: 1
[1010]	train's auc: 0.987731	valid's auc: 1
[1020]	train's auc: 0.987749	valid's auc: 1
[1030]	train's auc: 0.987764	valid's auc: 1
[1040]	train's auc: 0.98778	valid's auc: 1
[1050]	train's auc: 0.987798	valid's auc: 1
[1060]	train's auc: 0.987816	valid's auc: 1
[1070]	train's auc: 0.98783	valid's auc: 1
[1080]	train's auc: 0.987848	valid's auc: 1
[1090]	train's auc: 0.987863	valid's auc: 1
[1100]	train's auc: 0.987879	valid's auc: 1
[1110]	train's auc: 0.987899	valid's auc: 1
[1120]	train's auc: 0.987917	valid's auc: 1
[1130]	train's auc: 0.987934	valid's auc: 1
Did not meet early stopping. Best iteration is:
[1130]	train's auc: 0.987934	valid's auc: 1

Model Report
n_estimators :  1130
auc: 1.0
                                feat   imp
0                            channel  3071
1                                app  2264
2                                 os  1587
3           click_sec_lead_split_sec   669
4                              bmean   587
5                                qty   434
6                               hour   392
7                                 X8   363
8                                 X0   361
9                      ip_os_entropy   347
10                 ip_device_entropy   322
11                         nextClick   300
12                                X4   296
13              ip_click_min_entropy   292
14                                X3   285
15  click_sec_lead_split_sec_ip_only   251
16               ip_click_hr_entropy   249
17             click_sec_lead_shift2   247
18                                X5   237
19                    ip_app_entropy   236
20                click_sec_lead_app   231
21                ip_channel_entropy   229
22                       prevday_qty   206
23                                ip   194
24                                X6   193
25                            device   188
26            count_in_next_ten_mins   182
27                 click_sec_lag_app   180
28                  count_in_next_hr   171
29                                X1   170
30                      prevhour_qty   164
31                 click_sec_lead_os   161
32                                X7   132
33                                X2   119
34                click_sec_lead_chl   116
35                  click_sec_lag_os   109
36                          cumsum10    99
37                 click_sec_lag_chl    89
38                          cumsum50    57
39                   nextClick_shift    40
Predicting...
writing...
done...
<class 'pandas.core.frame.DataFrame'>
Int64Index: 18790469 entries, 184903890 to 203694358
Data columns (total 2 columns):
click_id         int64
is_attributed    float64
dtypes: float64(1), int64(1)
memory usage: 430.1 MB
None
