nohup: ignoring input
/home/ubuntu/anaconda3/lib/python3.6/site-packages/sklearn/cross_validation.py:41: DeprecationWarning: This module was deprecated in version 0.18 in favor of the model_selection module into which all the refactored classes and functions are moved. Also note that the interface of the new CV iterators are different from that of this module. This module will be removed in 0.20.
  "This module will be removed in 0.20.", DeprecationWarning)
[7.152557373046875e-06] Load Train
[33.70008563995361] Load Test
[44.901968002319336] Load Features
[172.23799109458923] Finished Loading Features, start concatenate
(62080001, 7)
(20870003, 7)
[195.15392398834229] Concat Train/Test
(62080001, 25)
(20870003, 25)
[206.01840996742249] Time prep
[274.6502568721771] group by...unique app per ip/dev/os
merge...
[371.97393774986267] group by...count app per ip/dev/os/min
merge...
[479.84122681617737] group by...unique app per ip/day/hr/chl
merge...
[526.8575427532196] group by...unique app per ip/app/chl
[585.9168224334717] group by...unique app per ip/app/os/chl
[688.6218922138214] group by...count device
merge...
[707.1655139923096] Add entropy
[738.176661491394] Data types
<class 'pandas.core.frame.DataFrame'>
Int64Index: 82950004 entries, 0 to 82950003
Data columns (total 37 columns):
ip                           uint32
app                          uint16
device                       uint16
os                           uint16
channel                      uint16
is_attributed                uint8
click_sec_lead_chl           int32
click_sec_lag_chl            int32
click_sec_lead_os            int32
click_sec_lag_os             int32
click_sec_lead_app           int32
click_sec_lag_app            int32
click_sec_lsum_os            int32
click_sec_lsum_chl           int32
click_sec_lead_sameappchl    int32
click_sec_lead_shift2        int32
click_sec_lead_split_sec     float32
same_next_app                int8
same_prev_app                int8
same_next_chl                int8
same_prev_chl                int8
qty                          uint16
prevday_qty                  int32
prevhour_qty                 int32
hour                         uint8
minute                       uint8
unique_app_ipdevosmin        int64
qty_chl                      int64
ip_app_count                 uint16
ip_app_os_count              uint16
device_ct                    int64
ip_device_entropy            float32
ip_os_entropy                float32
ip_app_entropy               float32
ip_channel_entropy           float32
ip_click_hr_entropy          float32
ip_click_min_entropy         float32
dtypes: float32(7), int32(12), int64(3), int8(4), uint16(7), uint32(1), uint8(3)
memory usage: 10.3 GB
(82950004, 37)
[752.9218332767487] Get common train and test
Get common to train and test : app
Length remaining for app : 342
Get common to train and test : channel
Length remaining for channel : 170
Get common to train and test : os
Length remaining for os : 246
Get common to train and test : hour
Length remaining for hour : 9
Get common to train and test : device
Length remaining for device : 849
[851.9939067363739] Data split complete
train size:  62080001
valid size:  0
test size :  20870003
**************************************************
['device_ct', 'click_sec_lag_os', 'click_sec_lead_app', 'ip_click_hr_entropy', 'app', 'unique_app_ipdevosmin', 'ip_channel_entropy', 'ip', 'device', 'ip_app_entropy', 'click_sec_lead_os', 'qty', 'prevday_qty', 'qty_chl', 'ip_app_os_count', 'click_sec_lead_chl', 'click_sec_lag_chl', 'os', 'ip_app_count', 'same_next_app', 'ip_device_entropy', 'click_sec_lead_sameappchl', 'prevhour_qty', 'click_sec_lag_app', 'ip_click_min_entropy', 'click_sec_lead_split_sec', 'same_next_chl', 'click_sec_lead_shift2', 'channel', 'ip_os_entropy', 'hour']
**************************************************
['app', 'device', 'os', 'channel', 'hour']
**************************************************
[852.0041682720184] Drop features complete
train size:  62080001
valid size:  20870003
test size :  20870003
[852.0042133331299] Training...
preparing validation datasets
/home/ubuntu/anaconda3/lib/python3.6/site-packages/lightgbm/basic.py:1036: UserWarning: Using categorical_feature in Dataset.
  warnings.warn('Using categorical_feature in Dataset.')
/home/ubuntu/anaconda3/lib/python3.6/site-packages/lightgbm/basic.py:681: UserWarning: categorical_feature in param dict is overrided.
  warnings.warn('categorical_feature in param dict is overrided.')
Training until validation scores don't improve for 100 rounds.
[10]	train's auc: 0.969108	valid's auc: 0.960189
[20]	train's auc: 0.972296	valid's auc: 0.964147
[30]	train's auc: 0.975126	valid's auc: 0.967857
[40]	train's auc: 0.977527	valid's auc: 0.971338
[50]	train's auc: 0.979669	valid's auc: 0.974215
[60]	train's auc: 0.981028	valid's auc: 0.975856
[70]	train's auc: 0.981928	valid's auc: 0.97681
[80]	train's auc: 0.982587	valid's auc: 0.977597
[90]	train's auc: 0.983032	valid's auc: 0.978044
[100]	train's auc: 0.983474	valid's auc: 0.978645
[110]	train's auc: 0.98378	valid's auc: 0.979018
[120]	train's auc: 0.984061	valid's auc: 0.979387
[130]	train's auc: 0.984263	valid's auc: 0.979672
[140]	train's auc: 0.98447	valid's auc: 0.979935
[150]	train's auc: 0.984643	valid's auc: 0.980104
[160]	train's auc: 0.984829	valid's auc: 0.980305
[170]	train's auc: 0.98499	valid's auc: 0.98043
[180]	train's auc: 0.985129	valid's auc: 0.980597
[190]	train's auc: 0.985285	valid's auc: 0.980738
[200]	train's auc: 0.985379	valid's auc: 0.980829
[210]	train's auc: 0.985484	valid's auc: 0.980898
[220]	train's auc: 0.985604	valid's auc: 0.98106
[230]	train's auc: 0.985718	valid's auc: 0.981193
[240]	train's auc: 0.985853	valid's auc: 0.981296
[250]	train's auc: 0.985933	valid's auc: 0.981373
[260]	train's auc: 0.986015	valid's auc: 0.981451
[270]	train's auc: 0.986072	valid's auc: 0.981493
[280]	train's auc: 0.986133	valid's auc: 0.981552
[290]	train's auc: 0.986211	valid's auc: 0.981591
[300]	train's auc: 0.986271	valid's auc: 0.981641
[310]	train's auc: 0.986341	valid's auc: 0.981694
[320]	train's auc: 0.986405	valid's auc: 0.981742
[330]	train's auc: 0.986458	valid's auc: 0.981788
[340]	train's auc: 0.986507	valid's auc: 0.981852
[350]	train's auc: 0.986562	valid's auc: 0.981892
[360]	train's auc: 0.986633	valid's auc: 0.981969
[370]	train's auc: 0.986686	valid's auc: 0.982003
[380]	train's auc: 0.98673	valid's auc: 0.982038
[390]	train's auc: 0.986778	valid's auc: 0.982092
[400]	train's auc: 0.986819	valid's auc: 0.982108
[410]	train's auc: 0.98687	valid's auc: 0.982118
[420]	train's auc: 0.986931	valid's auc: 0.982169
[430]	train's auc: 0.986965	valid's auc: 0.982193
[440]	train's auc: 0.987007	valid's auc: 0.982207
[450]	train's auc: 0.987045	valid's auc: 0.982225
[460]	train's auc: 0.987082	valid's auc: 0.982261
[470]	train's auc: 0.987111	valid's auc: 0.982283
[480]	train's auc: 0.987149	valid's auc: 0.982321
[490]	train's auc: 0.987192	valid's auc: 0.982351
[500]	train's auc: 0.987222	valid's auc: 0.982368
[510]	train's auc: 0.987255	valid's auc: 0.982394
[520]	train's auc: 0.987292	valid's auc: 0.982426
[530]	train's auc: 0.987326	valid's auc: 0.982439
[540]	train's auc: 0.987355	valid's auc: 0.982463
[550]	train's auc: 0.987385	valid's auc: 0.982488
[560]	train's auc: 0.987411	valid's auc: 0.982512
[570]	train's auc: 0.987443	valid's auc: 0.982549
[580]	train's auc: 0.987469	valid's auc: 0.98256
[590]	train's auc: 0.987495	valid's auc: 0.982586
[600]	train's auc: 0.987519	valid's auc: 0.982606
[610]	train's auc: 0.987545	valid's auc: 0.982609
[620]	train's auc: 0.987573	valid's auc: 0.982621
[630]	train's auc: 0.987603	valid's auc: 0.982642
[640]	train's auc: 0.98763	valid's auc: 0.982662
[650]	train's auc: 0.987656	valid's auc: 0.982676
[660]	train's auc: 0.987677	valid's auc: 0.982699
[670]	train's auc: 0.987703	valid's auc: 0.982692
[680]	train's auc: 0.98773	valid's auc: 0.982687
[690]	train's auc: 0.987752	valid's auc: 0.982699
[700]	train's auc: 0.987772	valid's auc: 0.982701
[710]	train's auc: 0.987802	valid's auc: 0.982713
[720]	train's auc: 0.987821	valid's auc: 0.982713
[730]	train's auc: 0.987838	valid's auc: 0.982715
[740]	train's auc: 0.987859	valid's auc: 0.982722
[750]	train's auc: 0.987881	valid's auc: 0.982726
[760]	train's auc: 0.9879	valid's auc: 0.982738
[770]	train's auc: 0.987928	valid's auc: 0.982751
[780]	train's auc: 0.987948	valid's auc: 0.982752
[790]	train's auc: 0.987972	valid's auc: 0.982767
[800]	train's auc: 0.987992	valid's auc: 0.982784
[810]	train's auc: 0.988013	valid's auc: 0.98279
[820]	train's auc: 0.988037	valid's auc: 0.982786
[830]	train's auc: 0.988057	valid's auc: 0.982791
[840]	train's auc: 0.988075	valid's auc: 0.982803
[850]	train's auc: 0.988096	valid's auc: 0.982812
[860]	train's auc: 0.988116	valid's auc: 0.982813
[870]	train's auc: 0.988135	valid's auc: 0.982827
[880]	train's auc: 0.988152	valid's auc: 0.982815
[890]	train's auc: 0.98817	valid's auc: 0.982815
[900]	train's auc: 0.988187	valid's auc: 0.982814
[910]	train's auc: 0.988206	valid's auc: 0.982823
[920]	train's auc: 0.988219	valid's auc: 0.982813
[930]	train's auc: 0.988235	valid's auc: 0.98281
[940]	train's auc: 0.988254	valid's auc: 0.982819
[950]	train's auc: 0.988269	valid's auc: 0.982824
[960]	train's auc: 0.988283	valid's auc: 0.98282
[970]	train's auc: 0.988298	valid's auc: 0.98282
Early stopping, best iteration is:
[872]	train's auc: 0.988139	valid's auc: 0.982829

Model Report
n_estimators :  872
auc: 0.982829443948
                         feat   imp
0                     channel  1205
1                         app   898
2                          os   825
3    click_sec_lead_split_sec   302
4                        hour   175
5                ip_app_count   139
6               ip_os_entropy   127
7          ip_channel_entropy   126
8           ip_device_entropy   124
9                     qty_chl   107
10        ip_click_hr_entropy   103
11             ip_app_entropy   100
12                        qty   100
13      unique_app_ipdevosmin    99
14         click_sec_lead_app    96
15       ip_click_min_entropy    89
16      click_sec_lead_shift2    86
17                         ip    68
18            ip_app_os_count    62
19                     device    62
20          click_sec_lag_app    52
21                prevday_qty    51
22               prevhour_qty    50
23           click_sec_lag_os    41
24          click_sec_lead_os    37
25          click_sec_lag_chl    32
26         click_sec_lead_chl    31
27              same_next_app    13
28                  device_ct    12
29              same_next_chl    11
30  click_sec_lead_sameappchl     9
Auc for all hours in testval : 0.982829443948
Auc for select hours in testval : 0.966129543684
writing...
