nohup: ignoring input
/home/ubuntu/anaconda3/lib/python3.6/site-packages/sklearn/cross_validation.py:41: DeprecationWarning: This module was deprecated in version 0.18 in favor of the model_selection module into which all the refactored classes and functions are moved. Also note that the interface of the new CV iterators are different from that of this module. This module will be removed in 0.20.
  "This module will be removed in 0.20.", DeprecationWarning)
[9.298324584960938e-06] Load Train
[36.8809540271759] Load Test
[49.11467123031616] Load Features
[225.0490643978119] Load Entropy Features
[225.6705117225647] Load up the kanber features
(62080001, 9)
(20870003, 9)
    X0   X1  X2  X3  X4  X5  X6    X7  X8
0  110   10  23  45  16   9   5  1299  17
1  102    0   7  54  39  12  50     2  31
2  100  236  23  48  27  10  40   944  30
3  115  346  22  52  20   7  11  1138  36
4  121  374  24  63  40  19  33  1899  35
    X0   X1  X2  X3  X4  X5  X6    X7  X8
0  110   10  23  45  16   9   5  1299  17
1  102    0   7  54  39  12  50     2  31
2  100  236  23  48  27  10  40   944  30
3  115  346  22  52  20   7  11  1138  36
4  121  374  24  63  40  19  33  1899  35
           X0    X1  X2   X3  X4   X5  X6     X7  X8
20869998  134  7401  24   79  58   30  47  37046  43
20869999  141  2124  24  151  69  162  20  59943  33
20870000  134    83  24   95  62   37  20  26847  19
20870001   80    17  16   30  19    2  33    858   9
20870002  129  3536  24   72  40   18  33  14244  43
           X0    X1  X2   X3  X4   X5  X6     X7  X8
20869998  134  7401  24   79  58   30  47  37046  43
20869999  141  2124  24  151  69  162  20  59943  33
20870000  134    83  24   95  62   37  20  26847  19
20870001   80    17  16   30  19    2  33    858   9
20870002  129  3536  24   72  40   18  33  14244  43
(62080001, 2)
(20870003, 2)
   nextClick  nextClick_shift
0      73092               11
1      17533            73092
2        656            17533
3       2149              656
4       1517             2149
   nextClick  nextClick_shift
0      73092               11
1      17533            73092
2        656            17533
3       2149              656
4       1517             2149
           nextClick  nextClick_shift
20869998         513            55885
20869999         590              513
20870000         935              590
20870001  1489760397              935
20870002           6       1489760397
           nextClick  nextClick_shift
20869998         513            55885
20869999         590              513
20870000         935              590
20870001  1489760397              935
20870002           6       1489760397
(62080001, 7)
(20870003, 7)
   ip_tcount  ip_tchan_count  ip_app_count  ip_app_os_count  ip_app_os_var  \
0         18       30.346464            86                3       1.000000   
1         23        0.000000           357               75      34.301983   
2        107       39.025642           195               41      38.469513   
3        106       24.722221            79               28      31.739418   
4         29       31.132008          1168              233      43.542252   

   ip_app_channel_var_day  ip_app_channel_mean_hour  
0                1.200000                  8.422222  
1                0.245156                  8.973913  
2                1.209360                  9.310345  
3                1.656605                 10.341772  
4                1.644011                  5.851562  
   ip_tcount  ip_tchan_count  ip_app_count  ip_app_os_count  ip_app_os_var  \
0         18       30.346464            86                3       1.000000   
1         23        0.000000           357               75      34.301983   
2        107       39.025642           195               41      38.469513   
3        106       24.722221            79               28      31.739418   
4         29       31.132008          1168              233      43.542252   

   ip_app_channel_var_day  ip_app_channel_mean_hour  
0                1.200000                  8.422222  
1                0.245156                  8.973913  
2                1.209360                  9.310345  
3                1.656605                 10.341772  
4                1.644011                  5.851562  
          ip_tcount  ip_tchan_count  ip_app_count  ip_app_os_count  \
20869998        722       39.785332          5652             1369   
20869999        873       40.576790          6526              253   
20870000        761       31.959663          3216               10   
20870001         40       15.564102           127                7   
20870002        104      999.000000          2150              510   

          ip_app_os_var  ip_app_channel_var_day  ip_app_channel_mean_hour  
20869998      34.970737                0.259630                 12.617318  
20869999      44.829536                1.404081                 10.016629  
20870000       4.455555                1.350326                 10.864779  
20870001      25.142857                0.000000                  9.250000  
20870002      37.983009              999.000000                 15.000000  
          ip_tcount  ip_tchan_count  ip_app_count  ip_app_os_count  \
20869998        722       39.785332          5652             1369   
20869999        873       40.576790          6526              253   
20870000        761       31.959663          3216               10   
20870001         40       15.564102           127                7   
20870002        104      999.000000          2150              510   

          ip_app_os_var  ip_app_channel_var_day  ip_app_channel_mean_hour  
20869998      34.970737                0.259630                 12.617318  
20869999      44.829536                1.404081                 10.016629  
20870000       4.455555                1.350326                 10.864779  
20870001      25.142857                0.000000                  9.250000  
20870002      37.983009              999.000000                 15.000000  
[230.1183385848999] Finished Loading Features, start concatenate
(62080001, 20)
(20870003, 20)
   click_sec_lead_app  click_sec_lag_app   X0   X1  X2  X3  X4  X5  X6    X7  \
0                -1.0               -1.0  110   10  23  45  16   9   5  1299   
1             17533.0               -1.0  102    0   7  54  39  12  50     2   
2               656.0              466.0  100  236  23  48  27  10  40   944   
3              2149.0             3192.0  115  346  22  52  20   7  11  1138   
4              1517.0             2349.0  121  374  24  63  40  19  33  1899   

   X8  nextClick  nextClick_shift  ip_tcount  ip_tchan_count  ip_app_count  \
0  17      73092               11         18       30.346464            86   
1  31      17533            73092         23        0.000000           357   
2  30        656            17533        107       39.025642           195   
3  36       2149              656        106       24.722221            79   
4  35       1517             2149         29       31.132008          1168   

   ip_app_os_count  ip_app_os_var  ip_app_channel_var_day  \
0                3       1.000000                1.200000   
1               75      34.301983                0.245156   
2               41      38.469513                1.209360   
3               28      31.739418                1.656605   
4              233      43.542252                1.644011   

   ip_app_channel_mean_hour  
0                  8.422222  
1                  8.973913  
2                  9.310345  
3                 10.341772  
4                  5.851562  
   click_sec_lead_app  click_sec_lag_app   X0   X1  X2  X3  X4  X5  X6    X7  \
0                -1.0               -1.0  110   10  23  45  16   9   5  1299   
1             17533.0               -1.0  102    0   7  54  39  12  50     2   
2               656.0              466.0  100  236  23  48  27  10  40   944   
3              2149.0             3192.0  115  346  22  52  20   7  11  1138   
4              1517.0             2349.0  121  374  24  63  40  19  33  1899   

   X8  nextClick  nextClick_shift  ip_tcount  ip_tchan_count  ip_app_count  \
0  17      73092               11         18       30.346464            86   
1  31      17533            73092         23        0.000000           357   
2  30        656            17533        107       39.025642           195   
3  36       2149              656        106       24.722221            79   
4  35       1517             2149         29       31.132008          1168   

   ip_app_os_count  ip_app_os_var  ip_app_channel_var_day  \
0                3       1.000000                1.200000   
1               75      34.301983                0.245156   
2               41      38.469513                1.209360   
3               28      31.739418                1.656605   
4              233      43.542252                1.644011   

   ip_app_channel_mean_hour  
0                  8.422222  
1                  8.973913  
2                  9.310345  
3                 10.341772  
4                  5.851562  
          click_sec_lead_app  click_sec_lag_app   X0    X1  X2   X3  X4   X5  \
20869998                 513              424.0  134  7401  24   79  58   30   
20869999                 590              850.0  141  2124  24  151  69  162   
20870000                 935            86464.0  134    83  24   95  62   37   
20870001                  -1            19145.0   80    17  16   30  19    2   
20870002                   6              864.0  129  3536  24   72  40   18   

          X6     X7  X8   nextClick  nextClick_shift  ip_tcount  \
20869998  47  37046  43         513            55885        722   
20869999  20  59943  33         590              513        873   
20870000  20  26847  19         935              590        761   
20870001  33    858   9  1489760397              935         40   
20870002  33  14244  43           6       1489760397        104   

          ip_tchan_count  ip_app_count  ip_app_os_count  ip_app_os_var  \
20869998       39.785332          5652             1369      34.970737   
20869999       40.576790          6526              253      44.829536   
20870000       31.959663          3216               10       4.455555   
20870001       15.564102           127                7      25.142857   
20870002      999.000000          2150              510      37.983009   

          ip_app_channel_var_day  ip_app_channel_mean_hour  
20869998                0.259630                 12.617318  
20869999                1.404081                 10.016629  
20870000                1.350326                 10.864779  
20870001                0.000000                  9.250000  
20870002              999.000000                 15.000000  
          click_sec_lead_app  click_sec_lag_app   X0    X1  X2   X3  X4   X5  \
20869998                 513              424.0  134  7401  24   79  58   30   
20869999                 590              850.0  141  2124  24  151  69  162   
20870000                 935            86464.0  134    83  24   95  62   37   
20870001                  -1            19145.0   80    17  16   30  19    2   
20870002                   6              864.0  129  3536  24   72  40   18   

          X6     X7  X8   nextClick  nextClick_shift  ip_tcount  \
20869998  47  37046  43         513            55885        722   
20869999  20  59943  33         590              513        873   
20870000  20  26847  19         935              590        761   
20870001  33    858   9  1489760397              935         40   
20870002  33  14244  43           6       1489760397        104   

          ip_tchan_count  ip_app_count  ip_app_os_count  ip_app_os_var  \
20869998       39.785332          5652             1369      34.970737   
20869999       40.576790          6526              253      44.829536   
20870000       31.959663          3216               10       4.455555   
20870001       15.564102           127                7      25.142857   
20870002      999.000000          2150              510      37.983009   

          ip_app_channel_var_day  ip_app_channel_mean_hour  
20869998                0.259630                 12.617318  
20869999                1.404081                 10.016629  
20870000                1.350326                 10.864779  
20870001                0.000000                  9.250000  
20870002              999.000000                 15.000000  
(62080001, 7)
(20870003, 7)
(62080001, 29)
(20870003, 29)
   click_sec_lead_app  click_sec_lag_app   X0   X1  X2  X3  X4  X5  X6    X7  \
0                  -1                 -1  110   10  23  45  16   9   5  1299   
1               17533                 -1  102    0   7  54  39  12  50     2   
2                 656                466  100  236  23  48  27  10  40   944   
3                2149               3192  115  346  22  52  20   7  11  1138   
4                1517               2349  121  374  24  63  40  19  33  1899   

           ...            ip_app_channel_mean_hour  click_sec_lead_split_sec  \
0          ...                                   8             999999.000000   
1          ...                                   8              17533.275391   
2          ...                                   9                656.420776   
3          ...                                  10               2149.581787   
4          ...                                   5               1517.196045   

   click_sec_lead_split_sec_ip_only  cumsum10  cumsum50  click_sec_lead_chl  \
0                       9999.000000         0         0                -1.0   
1                       2386.263184         0         0             31355.0   
2                        656.420776         0         0              3448.0   
3                       2149.581787         0         0              1177.0   
4                       1517.196045         0         0             29499.0   

   click_sec_lag_chl  click_sec_lead_os  click_sec_lag_os  \
0               14.0               16.0               6.0   
1               -1.0                0.0              -1.0   
2              466.0                5.0               0.0   
3             3192.0                6.0               8.0   
4             2349.0                0.0               0.0   

   click_sec_lead_shift2  
0                   -1.0  
1                31355.0  
2                  730.0  
3                 2515.0  
4                 4954.0  

[5 rows x 29 columns]
   click_sec_lead_app  click_sec_lag_app   X0   X1  X2  X3  X4  X5  X6    X7  \
0                  -1                 -1  110   10  23  45  16   9   5  1299   
1               17533                 -1  102    0   7  54  39  12  50     2   
2                 656                466  100  236  23  48  27  10  40   944   
3                2149               3192  115  346  22  52  20   7  11  1138   
4                1517               2349  121  374  24  63  40  19  33  1899   

           ...            ip_app_channel_mean_hour  click_sec_lead_split_sec  \
0          ...                                   8             999999.000000   
1          ...                                   8              17533.275391   
2          ...                                   9                656.420776   
3          ...                                  10               2149.581787   
4          ...                                   5               1517.196045   

   click_sec_lead_split_sec_ip_only  cumsum10  cumsum50  click_sec_lead_chl  \
0                       9999.000000         0         0                -1.0   
1                       2386.263184         0         0             31355.0   
2                        656.420776         0         0              3448.0   
3                       2149.581787         0         0              1177.0   
4                       1517.196045         0         0             29499.0   

   click_sec_lag_chl  click_sec_lead_os  click_sec_lag_os  \
0               14.0               16.0               6.0   
1               -1.0                0.0              -1.0   
2              466.0                5.0               0.0   
3             3192.0                6.0               8.0   
4             2349.0                0.0               0.0   

   click_sec_lead_shift2  
0                   -1.0  
1                31355.0  
2                  730.0  
3                 2515.0  
4                 4954.0  

[5 rows x 29 columns]
          click_sec_lead_app  click_sec_lag_app   X0    X1  X2   X3  X4   X5  \
20869998                 513                424  134  7401  24   79  58   30   
20869999                 590                850  141  2124  24  151  69  162   
20870000                 935              18000  134    83  24   95  62   37   
20870001                  -1              18000   80    17  16   30  19    2   
20870002                   6                864  129  3536  24   72  40   18   

          X6     X7          ...            ip_app_channel_mean_hour  \
20869998  47  18000          ...                                  12   
20869999  20  18000          ...                                  10   
20870000  20  18000          ...                                  10   
20870001  33    858          ...                                   9   
20870002  33  14244          ...                                  15   

          click_sec_lead_split_sec  click_sec_lead_split_sec_ip_only  \
20869998                512.888977                          3.683500   
20869999                589.909180                         23.711100   
20870000                935.049377                         30.399000   
20870001             999999.000000                       1595.973633   
20870002                  6.149900                          6.149900   

          cumsum10  cumsum50  click_sec_lead_chl  click_sec_lag_chl  \
20869998     25586     25586                2134              362.0   
20869999     22803         0                 590              850.0   
20870000         0         0                  -1            86881.0   
20870001         0         0                  -1               -1.0   
20870002     22564         0                  -1               -1.0   

          click_sec_lead_os  click_sec_lag_os  click_sec_lead_shift2  
20869998                281                10                    664  
20869999                216               318                   1485  
20870000                 26                28                     -1  
20870001                  2             15160                     -1  
20870002                  0               690                     -1  

[5 rows x 29 columns]
          click_sec_lead_app  click_sec_lag_app   X0    X1  X2   X3  X4   X5  \
20869998                 513                424  134  7401  24   79  58   30   
20869999                 590                850  141  2124  24  151  69  162   
20870000                 935              18000  134    83  24   95  62   37   
20870001                  -1              18000   80    17  16   30  19    2   
20870002                   6                864  129  3536  24   72  40   18   

          X6     X7          ...            ip_app_channel_mean_hour  \
20869998  47  18000          ...                                  12   
20869999  20  18000          ...                                  10   
20870000  20  18000          ...                                  10   
20870001  33    858          ...                                   9   
20870002  33  14244          ...                                  15   

          click_sec_lead_split_sec  click_sec_lead_split_sec_ip_only  \
20869998                512.888977                          3.683500   
20869999                589.909180                         23.711100   
20870000                935.049377                         30.399000   
20870001             999999.000000                       1595.973633   
20870002                  6.149900                          6.149900   

          cumsum10  cumsum50  click_sec_lead_chl  click_sec_lag_chl  \
20869998     25586     25586                2134              362.0   
20869999     22803         0                 590              850.0   
20870000         0         0                  -1            86881.0   
20870001         0         0                  -1               -1.0   
20870002     22564         0                  -1               -1.0   

          click_sec_lead_os  click_sec_lag_os  click_sec_lead_shift2  
20869998                281                10                    664  
20869999                216               318                   1485  
20870000                 26                28                     -1  
20870001                  2             15160                     -1  
20870002                  0               690                     -1  

[5 rows x 29 columns]
[265.7293038368225] Concat Train/Test
(62080001, 45)
(20870003, 45)
Index(['ip', 'app', 'device', 'os', 'channel', 'click_time', 'is_attributed',
       'click_sec_lead_app', 'click_sec_lag_app', 'X0', 'X1', 'X2', 'X3', 'X4',
       'X5', 'X6', 'X7', 'X8', 'nextClick', 'nextClick_shift', 'ip_tcount',
       'ip_tchan_count', 'ip_app_count', 'ip_app_os_count', 'ip_app_os_var',
       'ip_app_channel_var_day', 'ip_app_channel_mean_hour',
       'click_sec_lead_split_sec', 'click_sec_lead_split_sec_ip_only',
       'cumsum10', 'cumsum50', 'click_sec_lead_chl', 'click_sec_lag_chl',
       'click_sec_lead_os', 'click_sec_lag_os', 'click_sec_lead_shift2',
       'same_next_app', 'same_prev_app', 'same_next_chl', 'same_prev_chl',
       'qty', 'prevday_qty', 'prevhour_qty', 'count_in_next_hr',
       'count_in_next_ten_mins'],
      dtype='object')
Index(['ip', 'app', 'device', 'os', 'channel', 'click_time', 'is_attributed',
       'click_sec_lead_app', 'click_sec_lag_app', 'X0', 'X1', 'X2', 'X3', 'X4',
       'X5', 'X6', 'X7', 'X8', 'nextClick', 'nextClick_shift', 'ip_tcount',
       'ip_tchan_count', 'ip_app_count', 'ip_app_os_count', 'ip_app_os_var',
       'ip_app_channel_var_day', 'ip_app_channel_mean_hour',
       'click_sec_lead_split_sec', 'click_sec_lead_split_sec_ip_only',
       'cumsum10', 'cumsum50', 'click_sec_lead_chl', 'click_sec_lag_chl',
       'click_sec_lead_os', 'click_sec_lag_os', 'click_sec_lead_shift2',
       'same_next_app', 'same_prev_app', 'same_next_chl', 'same_prev_chl',
       'qty', 'prevday_qty', 'prevhour_qty', 'count_in_next_hr',
       'count_in_next_ten_mins'],
      dtype='object')
[294.1437919139862] Time prep
[347.374876499176] Add entropy
[384.54483366012573] Split data
Device 3032 shape : 0
[411.91462421417236] Get common train and test
Get common to train and test : app
explore/lgb_cts_2204A.py:272: SettingWithCopyWarning: 
A value is trying to be set on a copy of a slice from a DataFrame

See the caveats in the documentation: http://pandas.pydata.org/pandas-docs/stable/indexing.html#indexing-view-versus-copy
  train_df[col][~train_df[col].isin(keep)] = np.nan
Length remaining for app : 376
Get common to train and test : channel
Length remaining for channel : 175
Get common to train and test : os
Length remaining for os : 299
Get common to train and test : hour
Length remaining for hour : 9
Get common to train and test : device
Length remaining for device : 1324
[533.1062436103821] Data split complete
train size:  62080001
valid size:  0
test size :  20870003
**************************************************
['click_sec_lead_split_sec', 'app', 'ip_click_min_entropy', 'click_sec_lag_chl', 'click_sec_lead_chl', 'X4', 'X2', 'click_sec_lead_app', 'prevday_qty', 'ip_device_entropy', 'nextClick', 'click_sec_lag_app', 'ip_os_entropy', 'qty', 'count_in_next_hr', 'count_in_next_ten_mins', 'os', 'X0', 'click_sec_lead_os', 'X7', 'hour', 'channel', 'ip', 'X5', 'cumsum10', 'click_sec_lead_shift2', 'click_sec_lead_split_sec_ip_only', 'cumsum50', 'X8', 'X6', 'ip_click_hr_entropy', 'X3', 'click_sec_lag_os', 'prevhour_qty', 'ip_app_entropy', 'ip_channel_entropy', 'X1', 'nextClick_shift', 'device']
**************************************************
['app', 'device', 'os', 'channel', 'hour']
**************************************************
[533.1187007427216] Drop features complete
train size:  62080001
valid size:  20870003
test size :  20870003
[533.1187734603882] Training...
preparing validation datasets
/home/ubuntu/anaconda3/lib/python3.6/site-packages/lightgbm/basic.py:1036: UserWarning: Using categorical_feature in Dataset.
  warnings.warn('Using categorical_feature in Dataset.')
[LightGBM] [Info] Number of positive: 150942, number of negative: 61929059
[LightGBM] [Info] Total Bins 7686
[LightGBM] [Info] Number of data: 62080001, number of used features: 39
/home/ubuntu/anaconda3/lib/python3.6/site-packages/lightgbm/basic.py:681: UserWarning: categorical_feature in param dict is overrided.
  warnings.warn('categorical_feature in param dict is overrided.')
Training until validation scores don't improve for 100 rounds.
[10]	train's auc: 0.972927	valid's auc: 0.96646
[20]	train's auc: 0.97415	valid's auc: 0.968034
[30]	train's auc: 0.97632	valid's auc: 0.970481
[40]	train's auc: 0.977407	valid's auc: 0.971769
[50]	train's auc: 0.978495	valid's auc: 0.972997
[60]	train's auc: 0.979434	valid's auc: 0.973997
[70]	train's auc: 0.9807	valid's auc: 0.97564
[80]	train's auc: 0.981639	valid's auc: 0.9769
[90]	train's auc: 0.982506	valid's auc: 0.978004
[100]	train's auc: 0.983181	valid's auc: 0.978849
[110]	train's auc: 0.983671	valid's auc: 0.979413
[120]	train's auc: 0.984152	valid's auc: 0.979963
[130]	train's auc: 0.984591	valid's auc: 0.980469
[140]	train's auc: 0.984927	valid's auc: 0.980798
[150]	train's auc: 0.985205	valid's auc: 0.981118
[160]	train's auc: 0.985483	valid's auc: 0.981377
[170]	train's auc: 0.985707	valid's auc: 0.981608
[180]	train's auc: 0.98588	valid's auc: 0.981799
[190]	train's auc: 0.986075	valid's auc: 0.981983
[200]	train's auc: 0.986229	valid's auc: 0.982101
[210]	train's auc: 0.986375	valid's auc: 0.982237
[220]	train's auc: 0.986548	valid's auc: 0.982375
[230]	train's auc: 0.986673	valid's auc: 0.98248
[240]	train's auc: 0.9868	valid's auc: 0.982571
[250]	train's auc: 0.986909	valid's auc: 0.982654
[260]	train's auc: 0.987036	valid's auc: 0.98273
[270]	train's auc: 0.987133	valid's auc: 0.982801
[280]	train's auc: 0.987243	valid's auc: 0.982873
[290]	train's auc: 0.987332	valid's auc: 0.982938
[300]	train's auc: 0.987429	valid's auc: 0.983003
[310]	train's auc: 0.987522	valid's auc: 0.983054
[320]	train's auc: 0.987607	valid's auc: 0.983114
[330]	train's auc: 0.987718	valid's auc: 0.983161
[340]	train's auc: 0.987787	valid's auc: 0.983192
[350]	train's auc: 0.98786	valid's auc: 0.983238
[360]	train's auc: 0.98794	valid's auc: 0.983268
[370]	train's auc: 0.98801	valid's auc: 0.983298
[380]	train's auc: 0.988092	valid's auc: 0.983302
[390]	train's auc: 0.988168	valid's auc: 0.983325
[400]	train's auc: 0.988255	valid's auc: 0.983348
[410]	train's auc: 0.98833	valid's auc: 0.983371
[420]	train's auc: 0.988389	valid's auc: 0.983393
[430]	train's auc: 0.988454	valid's auc: 0.983426
[440]	train's auc: 0.988502	valid's auc: 0.983454
[450]	train's auc: 0.988561	valid's auc: 0.983487
[460]	train's auc: 0.988616	valid's auc: 0.983508
[470]	train's auc: 0.988676	valid's auc: 0.98353
[480]	train's auc: 0.988731	valid's auc: 0.983553
[490]	train's auc: 0.988788	valid's auc: 0.98355
[500]	train's auc: 0.988856	valid's auc: 0.983561
[510]	train's auc: 0.988908	valid's auc: 0.983588
[520]	train's auc: 0.98895	valid's auc: 0.983593
[530]	train's auc: 0.989002	valid's auc: 0.983595
[540]	train's auc: 0.989055	valid's auc: 0.983615
[550]	train's auc: 0.989099	valid's auc: 0.983622
[560]	train's auc: 0.98914	valid's auc: 0.983631
[570]	train's auc: 0.989186	valid's auc: 0.983647
[580]	train's auc: 0.989231	valid's auc: 0.983659
[590]	train's auc: 0.989283	valid's auc: 0.983665
[600]	train's auc: 0.98934	valid's auc: 0.983677
[610]	train's auc: 0.989369	valid's auc: 0.983689
[620]	train's auc: 0.98941	valid's auc: 0.983692
[630]	train's auc: 0.989468	valid's auc: 0.983696
[640]	train's auc: 0.98952	valid's auc: 0.983706
[650]	train's auc: 0.98956	valid's auc: 0.983713
[660]	train's auc: 0.989609	valid's auc: 0.983717
[670]	train's auc: 0.989639	valid's auc: 0.983686
[680]	train's auc: 0.989694	valid's auc: 0.983696
[690]	train's auc: 0.989735	valid's auc: 0.983708
[700]	train's auc: 0.989774	valid's auc: 0.983706
[710]	train's auc: 0.989822	valid's auc: 0.983718
[720]	train's auc: 0.989871	valid's auc: 0.983721
[730]	train's auc: 0.989901	valid's auc: 0.98372
[740]	train's auc: 0.989947	valid's auc: 0.983725
[750]	train's auc: 0.989997	valid's auc: 0.983729
[760]	train's auc: 0.990037	valid's auc: 0.983736
[770]	train's auc: 0.990077	valid's auc: 0.983745
[780]	train's auc: 0.990112	valid's auc: 0.983749
[790]	train's auc: 0.990156	valid's auc: 0.98376
[800]	train's auc: 0.9902	valid's auc: 0.98376
[810]	train's auc: 0.990242	valid's auc: 0.983763
[820]	train's auc: 0.990275	valid's auc: 0.983767
[830]	train's auc: 0.990307	valid's auc: 0.983765
[840]	train's auc: 0.990341	valid's auc: 0.983768
[850]	train's auc: 0.990388	valid's auc: 0.983773
[860]	train's auc: 0.990428	valid's auc: 0.98377
[870]	train's auc: 0.990462	valid's auc: 0.983768
[880]	train's auc: 0.990496	valid's auc: 0.983771
[890]	train's auc: 0.990534	valid's auc: 0.983765
[900]	train's auc: 0.990566	valid's auc: 0.983777
[910]	train's auc: 0.990598	valid's auc: 0.983776
[920]	train's auc: 0.990632	valid's auc: 0.983775
[930]	train's auc: 0.990675	valid's auc: 0.98378
[940]	train's auc: 0.990706	valid's auc: 0.983783
[950]	train's auc: 0.990733	valid's auc: 0.983785
[960]	train's auc: 0.990769	valid's auc: 0.983791
[970]	train's auc: 0.990808	valid's auc: 0.983794
[980]	train's auc: 0.990837	valid's auc: 0.98379
[990]	train's auc: 0.990868	valid's auc: 0.983793
[1000]	train's auc: 0.990906	valid's auc: 0.983795
[1010]	train's auc: 0.990929	valid's auc: 0.983795
[1020]	train's auc: 0.990954	valid's auc: 0.983802
[1030]	train's auc: 0.990983	valid's auc: 0.983804
[1040]	train's auc: 0.991006	valid's auc: 0.983803
[1050]	train's auc: 0.991036	valid's auc: 0.983804
[1060]	train's auc: 0.991076	valid's auc: 0.983806
[1070]	train's auc: 0.991103	valid's auc: 0.983804
[1080]	train's auc: 0.99113	valid's auc: 0.983807
[1090]	train's auc: 0.991157	valid's auc: 0.983802
[1100]	train's auc: 0.991191	valid's auc: 0.9838
[1110]	train's auc: 0.991213	valid's auc: 0.983803
[1120]	train's auc: 0.991248	valid's auc: 0.983793
[1130]	train's auc: 0.991277	valid's auc: 0.983796
[1140]	train's auc: 0.991304	valid's auc: 0.983804
[1150]	train's auc: 0.991325	valid's auc: 0.983802
[1160]	train's auc: 0.991353	valid's auc: 0.983799
Early stopping, best iteration is:
[1067]	train's auc: 0.991091	valid's auc: 0.983809

Model Report
n_estimators :  1067
auc: 0.983808594521343
                                feat   imp
0                            channel  3163
1                                app  2409
2                                 os  1801
3           click_sec_lead_split_sec   825
4                                 X4   736
5                                 X8   699
6                      ip_os_entropy   698
7                                qty   669
8                  ip_device_entropy   657
9                                 X3   645
10                              hour   642
11                                X1   638
12                         nextClick   632
13                                X0   628
14  click_sec_lead_split_sec_ip_only   622
15                ip_channel_entropy   587
16              ip_click_min_entropy   564
17             click_sec_lead_shift2   544
18                    ip_app_entropy   541
19                                X6   523
20                                ip   521
21               ip_click_hr_entropy   519
22                click_sec_lead_app   509
23                 click_sec_lag_app   507
24                 click_sec_lead_os   474
25                 click_sec_lag_chl   434
26                  click_sec_lag_os   428
27                                X5   427
28                      prevhour_qty   418
29                                X7   395
30                       prevday_qty   380
31                click_sec_lead_chl   380
32                  count_in_next_hr   368
33                            device   307
34                          cumsum10   299
35                   nextClick_shift   283
36            count_in_next_ten_mins   274
37                          cumsum50   255
38                                X2   207
Auc for all hours in testval : 0.9838085945213431
Auc for select hours in testval : 0.9679259179999129
writing...
