nohup: ignoring input
neural network....
Using TensorFlow backend.
load train....
[2.7418136596679688e-05] Load Train
[32.32392072677612] Load Test
[43.17696213722229] Load Lead/Lag Features
Transform col : click_sec_lead
Transform col : click_sec_lag
[123.46019458770752] Load Lead/Lag Split Sec Features
Transform col : click_sec_lead_split_sec
[172.99388575553894] Load Lead Count next period
Transform col : count_in_next_hr
Transform col : count_in_next_ten_mins
[233.5909559726715] Load Previous Day Clicks
Transform col : qty
Transform col : prevday_qty
Transform col : prevhour_qty
[352.6607105731964] Load Entropy Features
[355.0110909938812] Concat Features
[357.93063712120056] Add entropy
[386.9980220794678] hour, day, wday....
[456.28099060058594] grouping by ip-day-hour combination
[505.05531907081604] group by ip-app combination
[562.0146863460541] group by ip-app-os combination
[645.9156732559204] vars and data type....
Transform col : qty
Transform col : ip_app_count
Transform col : ip_app_os_count
[809.4251182079315] Split train/val
[812.7951323986053] Create model
WARNING:tensorflow:From /home/ubuntu/anaconda3/lib/python3.6/site-packages/tensorflow/python/util/deprecation.py:497: calling conv1d (from tensorflow.python.ops.nn_ops) with data_format=NHWC is deprecated and will be removed in a future version.
Instructions for updating:
`NHWC` for data_format is deprecated, use `NWC` instead
__________________________________________________________________________________________________
Layer (type)                    Output Shape         Param #     Connected to                     
==================================================================================================
click_sec_lead_bins (InputLayer (None, 1)            0                                            
__________________________________________________________________________________________________
click_sec_lag_bins (InputLayer) (None, 1)            0                                            
__________________________________________________________________________________________________
click_sec_lead_split_sec_bins ( (None, 1)            0                                            
__________________________________________________________________________________________________
count_in_next_hr_bins (InputLay (None, 1)            0                                            
__________________________________________________________________________________________________
count_in_next_ten_mins_bins (In (None, 1)            0                                            
__________________________________________________________________________________________________
qty_bins (InputLayer)           (None, 1)            0                                            
__________________________________________________________________________________________________
ip_app_count_bins (InputLayer)  (None, 1)            0                                            
__________________________________________________________________________________________________
ip_app_os_count_bins (InputLaye (None, 1)            0                                            
__________________________________________________________________________________________________
app (InputLayer)                (None, 1)            0                                            
__________________________________________________________________________________________________
channel (InputLayer)            (None, 1)            0                                            
__________________________________________________________________________________________________
device (InputLayer)             (None, 1)            0                                            
__________________________________________________________________________________________________
os (InputLayer)                 (None, 1)            0                                            
__________________________________________________________________________________________________
hour (InputLayer)               (None, 1)            0                                            
__________________________________________________________________________________________________
emb_click_sec_lead_bins (Embedd (None, 1, 300)       18600       click_sec_lead_bins[0][0]        
__________________________________________________________________________________________________
emb_click_sec_lag_bins (Embeddi (None, 1, 300)       18600       click_sec_lag_bins[0][0]         
__________________________________________________________________________________________________
emb_click_sec_lead_split_sec_bi (None, 1, 300)       60600       click_sec_lead_split_sec_bins[0][
__________________________________________________________________________________________________
emb_count_in_next_hr_bins (Embe (None, 1, 300)       6000        count_in_next_hr_bins[0][0]      
__________________________________________________________________________________________________
emb_count_in_next_ten_mins_bins (None, 1, 300)       3300        count_in_next_ten_mins_bins[0][0]
__________________________________________________________________________________________________
emb_qty_bins (Embedding)        (None, 1, 300)       18000       qty_bins[0][0]                   
__________________________________________________________________________________________________
emb_ip_app_count_bins (Embeddin (None, 1, 300)       18000       ip_app_count_bins[0][0]          
__________________________________________________________________________________________________
emb_ip_app_os_count_bins (Embed (None, 1, 300)       14400       ip_app_os_count_bins[0][0]       
__________________________________________________________________________________________________
emb_app (Embedding)             (None, 1, 200)       153800      app[0][0]                        
__________________________________________________________________________________________________
emb_channel (Embedding)         (None, 1, 200)       100200      channel[0][0]                    
__________________________________________________________________________________________________
emb_device (Embedding)          (None, 1, 200)       844800      device[0][0]                     
__________________________________________________________________________________________________
emb_os (Embedding)              (None, 1, 200)       191000      os[0][0]                         
__________________________________________________________________________________________________
emb_hour (Embedding)            (None, 1, 200)       4800        hour[0][0]                       
__________________________________________________________________________________________________
emb_sum_binned_cols (Lambda)    (None, 1, 300)       0           emb_click_sec_lead_bins[0][0]    
                                                                 emb_click_sec_lag_bins[0][0]     
                                                                 emb_click_sec_lead_split_sec_bins
                                                                 emb_count_in_next_hr_bins[0][0]  
                                                                 emb_count_in_next_ten_mins_bins[0
                                                                 emb_qty_bins[0][0]               
                                                                 emb_ip_app_count_bins[0][0]      
                                                                 emb_ip_app_os_count_bins[0][0]   
__________________________________________________________________________________________________
concatenate_1 (Concatenate)     (None, 1, 1300)      0           emb_app[0][0]                    
                                                                 emb_channel[0][0]                
                                                                 emb_device[0][0]                 
                                                                 emb_os[0][0]                     
                                                                 emb_hour[0][0]                   
                                                                 emb_sum_binned_cols[0][0]        
__________________________________________________________________________________________________
spatial_dropout1d_1 (SpatialDro (None, 1, 1300)      0           concatenate_1[0][0]              
__________________________________________________________________________________________________
conv1d_1 (Conv1D)               (None, 1, 200)       1040200     spatial_dropout1d_1[0][0]        
__________________________________________________________________________________________________
flatten_1 (Flatten)             (None, 1300)         0           spatial_dropout1d_1[0][0]        
__________________________________________________________________________________________________
flatten_2 (Flatten)             (None, 200)          0           conv1d_1[0][0]                   
__________________________________________________________________________________________________
ip_device_entropy (InputLayer)  (None, 1)            0                                            
__________________________________________________________________________________________________
ip_os_entropy (InputLayer)      (None, 1)            0                                            
__________________________________________________________________________________________________
ip_app_entropy (InputLayer)     (None, 1)            0                                            
__________________________________________________________________________________________________
ip_channel_entropy (InputLayer) (None, 1)            0                                            
__________________________________________________________________________________________________
ip_click_hr_entropy (InputLayer (None, 1)            0                                            
__________________________________________________________________________________________________
ip_click_min_entropy (InputLaye (None, 1)            0                                            
__________________________________________________________________________________________________
click_sec_lead_scale (InputLaye (None, 1)            0                                            
__________________________________________________________________________________________________
click_sec_lag_scale (InputLayer (None, 1)            0                                            
__________________________________________________________________________________________________
click_sec_lead_split_sec_scale  (None, 1)            0                                            
__________________________________________________________________________________________________
count_in_next_hr_scale (InputLa (None, 1)            0                                            
__________________________________________________________________________________________________
count_in_next_ten_mins_scale (I (None, 1)            0                                            
__________________________________________________________________________________________________
qty_scale (InputLayer)          (None, 1)            0                                            
__________________________________________________________________________________________________
ip_app_count_scale (InputLayer) (None, 1)            0                                            
__________________________________________________________________________________________________
ip_app_os_count_scale (InputLay (None, 1)            0                                            
__________________________________________________________________________________________________
concatenate_2 (Concatenate)     (None, 1514)         0           flatten_1[0][0]                  
                                                                 flatten_2[0][0]                  
                                                                 ip_device_entropy[0][0]          
                                                                 ip_os_entropy[0][0]              
                                                                 ip_app_entropy[0][0]             
                                                                 ip_channel_entropy[0][0]         
                                                                 ip_click_hr_entropy[0][0]        
                                                                 ip_click_min_entropy[0][0]       
                                                                 click_sec_lead_scale[0][0]       
                                                                 click_sec_lag_scale[0][0]        
                                                                 click_sec_lead_split_sec_scale[0]
                                                                 count_in_next_hr_scale[0][0]     
                                                                 count_in_next_ten_mins_scale[0][0
                                                                 qty_scale[0][0]                  
                                                                 ip_app_count_scale[0][0]         
                                                                 ip_app_os_count_scale[0][0]      
__________________________________________________________________________________________________
dense_1 (Dense)                 (None, 1000)         1515000     concatenate_2[0][0]              
__________________________________________________________________________________________________
dropout_1 (Dropout)             (None, 1000)         0           dense_1[0][0]                    
__________________________________________________________________________________________________
dense_2 (Dense)                 (None, 100)          100100      dropout_1[0][0]                  
__________________________________________________________________________________________________
dropout_2 (Dropout)             (None, 100)          0           dense_2[0][0]                    
__________________________________________________________________________________________________
dense_3 (Dense)                 (None, 1)            101         dropout_2[0][0]                  
==================================================================================================
Total params: 4,107,501
Trainable params: 4,107,501
Non-trainable params: 0
__________________________________________________________________________________________________
[818.8450684547424] Start fitting
Train on 62080001 samples, validate on 20870003 samples
Epoch 1/1
2018-04-14 23:26:40.344295: I tensorflow/core/platform/cpu_feature_guard.cc:140] Your CPU supports instructions that this TensorFlow binary was not compiled to use: AVX2 FMA
2018-04-14 23:26:43.076880: I tensorflow/stream_executor/cuda/cuda_gpu_executor.cc:898] successful NUMA node read from SysFS had negative value (-1), but there must be at least one NUMA node, so returning NUMA node zero
2018-04-14 23:26:43.077215: I tensorflow/core/common_runtime/gpu/gpu_device.cc:1344] Found device 0 with properties: 
name: Tesla K80 major: 3 minor: 7 memoryClockRate(GHz): 0.8235
pciBusID: 0000:00:1e.0
totalMemory: 11.17GiB freeMemory: 11.10GiB
2018-04-14 23:26:43.077238: I tensorflow/core/common_runtime/gpu/gpu_device.cc:1423] Adding visible gpu devices: 0
2018-04-14 23:26:43.275365: I tensorflow/core/common_runtime/gpu/gpu_device.cc:911] Device interconnect StreamExecutor with strength 1 edge matrix:
2018-04-14 23:26:43.275412: I tensorflow/core/common_runtime/gpu/gpu_device.cc:917]      0 
2018-04-14 23:26:43.275422: I tensorflow/core/common_runtime/gpu/gpu_device.cc:930] 0:   N 
2018-04-14 23:26:43.275692: I tensorflow/core/common_runtime/gpu/gpu_device.cc:1041] Created TensorFlow device (/job:localhost/replica:0/task:0/device:GPU:0 with 10765 MB memory) -> physical GPU (device: 0, name: Tesla K80, pci bus id: 0000:00:1e.0, compute capability: 3.7)
 - 1294s - loss: 0.0015 - acc: 0.9863 - val_loss: 0.0597 - val_acc: 0.9852
Train on 62080001 samples, validate on 20870003 samples
Epoch 1/1
 - 1285s - loss: 0.0013 - acc: 0.9888 - val_loss: 0.0620 - val_acc: 0.9836
Train on 62080001 samples, validate on 20870003 samples
Epoch 1/1
 - 1286s - loss: 0.0013 - acc: 0.9889 - val_loss: 0.0571 - val_acc: 0.9861
[5315.483453273773] Predicting
Auc for all hours in testval : 0.9822274306651734
Train on 62080001 samples, validate on 20870003 samples
Epoch 1/1
 - 1285s - loss: 0.0012 - acc: 0.9890 - val_loss: 0.0614 - val_acc: 0.9855
[6956.626456260681] Predicting
Auc for all hours in testval : 0.9824102401228538
Train on 62080001 samples, validate on 20870003 samples
Epoch 1/1
 - 1286s - loss: 0.0012 - acc: 0.9890 - val_loss: 0.0480 - val_acc: 0.9875
[8598.088922023773] Predicting
Auc for all hours in testval : 0.981649594937969
Train on 62080001 samples, validate on 20870003 samples
Epoch 1/1
 - 1285s - loss: 0.0012 - acc: 0.9890 - val_loss: 0.0552 - val_acc: 0.9866
[10238.875802516937] Predicting
Auc for all hours in testval : 0.9820622494897108
Train on 62080001 samples, validate on 20870003 samples
Epoch 1/1
 - 1287s - loss: 0.0012 - acc: 0.9891 - val_loss: 0.0553 - val_acc: 0.9860
[11881.348243236542] Predicting
Auc for all hours in testval : 0.9820587772084317
Train on 62080001 samples, validate on 20870003 samples
Epoch 1/1
 - 1300s - loss: 0.0012 - acc: 0.9890 - val_loss: 0.0543 - val_acc: 0.9872
[13541.066401481628] Predicting
Auc for all hours in testval : 0.9817885038921177
Train on 62080001 samples, validate on 20870003 samples
Epoch 1/1
 - 1292s - loss: 0.0012 - acc: 0.9891 - val_loss: 0.0520 - val_acc: 0.9867
[15194.46666097641] Predicting
Auc for all hours in testval : 0.9817031537574858
Train on 62080001 samples, validate on 20870003 samples
Epoch 1/1
 - 1285s - loss: 0.0012 - acc: 0.9891 - val_loss: 0.0547 - val_acc: 0.9857
[16834.369487285614] Predicting
Auc for all hours in testval : 0.9819801211062357
[16979.37143802643] Build sub and write
Auc for all hours in testval : 0.9826107277529024
[17214.451352596283] All done ...
