nohup: ignoring input
/home/ubuntu/anaconda3/lib/python3.6/site-packages/sklearn/cross_validation.py:41: DeprecationWarning: This module was deprecated in version 0.18 in favor of the model_selection module into which all the refactored classes and functions are moved. Also note that the interface of the new CV iterators are different from that of this module. This module will be removed in 0.20.
  "This module will be removed in 0.20.", DeprecationWarning)
[8.58306884765625e-06] Load Train
[38.524250984191895] Load Test
[51.333494663238525] Load Features
[245.48378944396973] Load Entropy Features
[246.0999014377594] Load up the kanber features
(62080001, 9)
(20870003, 9)
    X0   X1  X2  X3  X4  X5  X6    X7  X8
0  110   10  23  45  16   9   5  1299  17
1  102    0   7  54  39  12  50     2  31
2  100  236  23  48  27  10  40   944  30
3  115  346  22  52  20   7  11  1138  36
4  121  374  24  63  40  19  33  1899  35
    X0   X1  X2  X3  X4  X5  X6    X7  X8
0  110   10  23  45  16   9   5  1299  17
1  102    0   7  54  39  12  50     2  31
2  100  236  23  48  27  10  40   944  30
3  115  346  22  52  20   7  11  1138  36
4  121  374  24  63  40  19  33  1899  35
           X0    X1  X2   X3  X4   X5  X6     X7  X8
20869998  134  7401  24   79  58   30  47  37046  43
20869999  141  2124  24  151  69  162  20  59943  33
20870000  134    83  24   95  62   37  20  26847  19
20870001   80    17  16   30  19    2  33    858   9
20870002  129  3536  24   72  40   18  33  14244  43
           X0    X1  X2   X3  X4   X5  X6     X7  X8
20869998  134  7401  24   79  58   30  47  37046  43
20869999  141  2124  24  151  69  162  20  59943  33
20870000  134    83  24   95  62   37  20  26847  19
20870001   80    17  16   30  19    2  33    858   9
20870002  129  3536  24   72  40   18  33  14244  43
(62080001, 2)
(20870003, 2)
   nextClick  nextClick_shift
0      73092               11
1      17533            73092
2        656            17533
3       2149              656
4       1517             2149
   nextClick  nextClick_shift
0      73092               11
1      17533            73092
2        656            17533
3       2149              656
4       1517             2149
           nextClick  nextClick_shift
20869998         513            55885
20869999         590              513
20870000         935              590
20870001  1489760397              935
20870002           6       1489760397
           nextClick  nextClick_shift
20869998         513            55885
20869999         590              513
20870000         935              590
20870001  1489760397              935
20870002           6       1489760397
(62080001, 7)
(20870003, 7)
   ip_tcount  ip_tchan_count  ip_app_count  ip_app_os_count  ip_app_os_var  \
0         18       30.346464            86                3       1.000000   
1         23        0.000000           357               75      34.301983   
2        107       39.025642           195               41      38.469513   
3        106       24.722221            79               28      31.739418   
4         29       31.132008          1168              233      43.542252   

   ip_app_channel_var_day  ip_app_channel_mean_hour  
0                1.200000                  8.422222  
1                0.245156                  8.973913  
2                1.209360                  9.310345  
3                1.656605                 10.341772  
4                1.644011                  5.851562  
   ip_tcount  ip_tchan_count  ip_app_count  ip_app_os_count  ip_app_os_var  \
0         18       30.346464            86                3       1.000000   
1         23        0.000000           357               75      34.301983   
2        107       39.025642           195               41      38.469513   
3        106       24.722221            79               28      31.739418   
4         29       31.132008          1168              233      43.542252   

   ip_app_channel_var_day  ip_app_channel_mean_hour  
0                1.200000                  8.422222  
1                0.245156                  8.973913  
2                1.209360                  9.310345  
3                1.656605                 10.341772  
4                1.644011                  5.851562  
          ip_tcount  ip_tchan_count  ip_app_count  ip_app_os_count  \
20869998        722       39.785332          5652             1369   
20869999        873       40.576790          6526              253   
20870000        761       31.959663          3216               10   
20870001         40       15.564102           127                7   
20870002        104      999.000000          2150              510   

          ip_app_os_var  ip_app_channel_var_day  ip_app_channel_mean_hour  
20869998      34.970737                0.259630                 12.617318  
20869999      44.829536                1.404081                 10.016629  
20870000       4.455555                1.350326                 10.864779  
20870001      25.142857                0.000000                  9.250000  
20870002      37.983009              999.000000                 15.000000  
          ip_tcount  ip_tchan_count  ip_app_count  ip_app_os_count  \
20869998        722       39.785332          5652             1369   
20869999        873       40.576790          6526              253   
20870000        761       31.959663          3216               10   
20870001         40       15.564102           127                7   
20870002        104      999.000000          2150              510   

          ip_app_os_var  ip_app_channel_var_day  ip_app_channel_mean_hour  
20869998      34.970737                0.259630                 12.617318  
20869999      44.829536                1.404081                 10.016629  
20870000       4.455555                1.350326                 10.864779  
20870001      25.142857                0.000000                  9.250000  
20870002      37.983009              999.000000                 15.000000  
[250.4304096698761] Finished Loading Features, start concatenate
(62080001, 20)
(20870003, 20)
   click_sec_lead_app  click_sec_lag_app   X0   X1  X2  X3  X4  X5  X6    X7  \
0                -1.0               -1.0  110   10  23  45  16   9   5  1299   
1             17533.0               -1.0  102    0   7  54  39  12  50     2   
2               656.0              466.0  100  236  23  48  27  10  40   944   
3              2149.0             3192.0  115  346  22  52  20   7  11  1138   
4              1517.0             2349.0  121  374  24  63  40  19  33  1899   

   X8  nextClick  nextClick_shift  ip_tcount  ip_tchan_count  ip_app_count  \
0  17      73092               11         18       30.346464            86   
1  31      17533            73092         23        0.000000           357   
2  30        656            17533        107       39.025642           195   
3  36       2149              656        106       24.722221            79   
4  35       1517             2149         29       31.132008          1168   

   ip_app_os_count  ip_app_os_var  ip_app_channel_var_day  \
0                3       1.000000                1.200000   
1               75      34.301983                0.245156   
2               41      38.469513                1.209360   
3               28      31.739418                1.656605   
4              233      43.542252                1.644011   

   ip_app_channel_mean_hour  
0                  8.422222  
1                  8.973913  
2                  9.310345  
3                 10.341772  
4                  5.851562  
   click_sec_lead_app  click_sec_lag_app   X0   X1  X2  X3  X4  X5  X6    X7  \
0                -1.0               -1.0  110   10  23  45  16   9   5  1299   
1             17533.0               -1.0  102    0   7  54  39  12  50     2   
2               656.0              466.0  100  236  23  48  27  10  40   944   
3              2149.0             3192.0  115  346  22  52  20   7  11  1138   
4              1517.0             2349.0  121  374  24  63  40  19  33  1899   

   X8  nextClick  nextClick_shift  ip_tcount  ip_tchan_count  ip_app_count  \
0  17      73092               11         18       30.346464            86   
1  31      17533            73092         23        0.000000           357   
2  30        656            17533        107       39.025642           195   
3  36       2149              656        106       24.722221            79   
4  35       1517             2149         29       31.132008          1168   

   ip_app_os_count  ip_app_os_var  ip_app_channel_var_day  \
0                3       1.000000                1.200000   
1               75      34.301983                0.245156   
2               41      38.469513                1.209360   
3               28      31.739418                1.656605   
4              233      43.542252                1.644011   

   ip_app_channel_mean_hour  
0                  8.422222  
1                  8.973913  
2                  9.310345  
3                 10.341772  
4                  5.851562  
          click_sec_lead_app  click_sec_lag_app   X0    X1  X2   X3  X4   X5  \
20869998                 513              424.0  134  7401  24   79  58   30   
20869999                 590              850.0  141  2124  24  151  69  162   
20870000                 935            86464.0  134    83  24   95  62   37   
20870001                  -1            19145.0   80    17  16   30  19    2   
20870002                   6              864.0  129  3536  24   72  40   18   

          X6     X7  X8   nextClick  nextClick_shift  ip_tcount  \
20869998  47  37046  43         513            55885        722   
20869999  20  59943  33         590              513        873   
20870000  20  26847  19         935              590        761   
20870001  33    858   9  1489760397              935         40   
20870002  33  14244  43           6       1489760397        104   

          ip_tchan_count  ip_app_count  ip_app_os_count  ip_app_os_var  \
20869998       39.785332          5652             1369      34.970737   
20869999       40.576790          6526              253      44.829536   
20870000       31.959663          3216               10       4.455555   
20870001       15.564102           127                7      25.142857   
20870002      999.000000          2150              510      37.983009   

          ip_app_channel_var_day  ip_app_channel_mean_hour  
20869998                0.259630                 12.617318  
20869999                1.404081                 10.016629  
20870000                1.350326                 10.864779  
20870001                0.000000                  9.250000  
20870002              999.000000                 15.000000  
          click_sec_lead_app  click_sec_lag_app   X0    X1  X2   X3  X4   X5  \
20869998                 513              424.0  134  7401  24   79  58   30   
20869999                 590              850.0  141  2124  24  151  69  162   
20870000                 935            86464.0  134    83  24   95  62   37   
20870001                  -1            19145.0   80    17  16   30  19    2   
20870002                   6              864.0  129  3536  24   72  40   18   

          X6     X7  X8   nextClick  nextClick_shift  ip_tcount  \
20869998  47  37046  43         513            55885        722   
20869999  20  59943  33         590              513        873   
20870000  20  26847  19         935              590        761   
20870001  33    858   9  1489760397              935         40   
20870002  33  14244  43           6       1489760397        104   

          ip_tchan_count  ip_app_count  ip_app_os_count  ip_app_os_var  \
20869998       39.785332          5652             1369      34.970737   
20869999       40.576790          6526              253      44.829536   
20870000       31.959663          3216               10       4.455555   
20870001       15.564102           127                7      25.142857   
20870002      999.000000          2150              510      37.983009   

          ip_app_channel_var_day  ip_app_channel_mean_hour  
20869998                0.259630                 12.617318  
20869999                1.404081                 10.016629  
20870000                1.350326                 10.864779  
20870001                0.000000                  9.250000  
20870002              999.000000                 15.000000  
(62080001, 7)
(20870003, 7)
(62080001, 31)
(20870003, 31)
   click_sec_lead_app  click_sec_lag_app   X0   X1  X2  X3  X4  X5  X6    X7  \
0                  -1                 -1  110   10  23  45  16   9   5  1299   
1               17533                 -1  102    0   7  54  39  12  50     2   
2                 656                466  100  236  23  48  27  10  40   944   
3                2149               3192  115  346  22  52  20   7  11  1138   
4                1517               2349  121  374  24  63  40  19  33  1899   

            ...             click_sec_lead_split_sec_ip_only  cumsum10  \
0           ...                                  9999.000000         0   
1           ...                                  2386.263184         0   
2           ...                                   656.420776         0   
3           ...                                  2149.581787         0   
4           ...                                  1517.196045         0   

   cumsum50  click_sec_lead_chl  click_sec_lag_chl  click_sec_lead_os  \
0         0                -1.0               14.0               16.0   
1         0             31355.0               -1.0                0.0   
2         0              3448.0              466.0                5.0   
3         0              1177.0             3192.0                6.0   
4         0             29499.0             2349.0                0.0   

   click_sec_lag_os  click_sec_lead_shift2  count_same_in_next_seq20  \
0               6.0                   -1.0                        99   
1              -1.0                31355.0                        99   
2               0.0                  730.0                         1   
3               8.0                 2515.0                         0   
4               0.0                 4954.0                        99   

   count_same_in_next_seq5  
0                        0  
1                        0  
2                        0  
3                        0  
4                        1  

[5 rows x 31 columns]
   click_sec_lead_app  click_sec_lag_app   X0   X1  X2  X3  X4  X5  X6    X7  \
0                  -1                 -1  110   10  23  45  16   9   5  1299   
1               17533                 -1  102    0   7  54  39  12  50     2   
2                 656                466  100  236  23  48  27  10  40   944   
3                2149               3192  115  346  22  52  20   7  11  1138   
4                1517               2349  121  374  24  63  40  19  33  1899   

            ...             click_sec_lead_split_sec_ip_only  cumsum10  \
0           ...                                  9999.000000         0   
1           ...                                  2386.263184         0   
2           ...                                   656.420776         0   
3           ...                                  2149.581787         0   
4           ...                                  1517.196045         0   

   cumsum50  click_sec_lead_chl  click_sec_lag_chl  click_sec_lead_os  \
0         0                -1.0               14.0               16.0   
1         0             31355.0               -1.0                0.0   
2         0              3448.0              466.0                5.0   
3         0              1177.0             3192.0                6.0   
4         0             29499.0             2349.0                0.0   

   click_sec_lag_os  click_sec_lead_shift2  count_same_in_next_seq20  \
0               6.0                   -1.0                        99   
1              -1.0                31355.0                        99   
2               0.0                  730.0                         1   
3               8.0                 2515.0                         0   
4               0.0                 4954.0                        99   

   count_same_in_next_seq5  
0                        0  
1                        0  
2                        0  
3                        0  
4                        1  

[5 rows x 31 columns]
          click_sec_lead_app  click_sec_lag_app   X0    X1  X2   X3  X4   X5  \
20869998                 513                424  134  7401  24   79  58   30   
20869999                 590                850  141  2124  24  151  69  162   
20870000                 935              18000  134    83  24   95  62   37   
20870001                  -1              18000   80    17  16   30  19    2   
20870002                   6                864  129  3536  24   72  40   18   

          X6     X7           ...             \
20869998  47  18000           ...              
20869999  20  18000           ...              
20870000  20  18000           ...              
20870001  33    858           ...              
20870002  33  14244           ...              

          click_sec_lead_split_sec_ip_only  cumsum10  cumsum50  \
20869998                          3.683500     25586     25586   
20869999                         23.711100     22803         0   
20870000                         30.399000         0         0   
20870001                       1595.973633         0         0   
20870002                          6.149900     22564         0   

          click_sec_lead_chl  click_sec_lag_chl  click_sec_lead_os  \
20869998                2134              362.0                281   
20869999                 590              850.0                216   
20870000                  -1            86881.0                 26   
20870001                  -1               -1.0                  2   
20870002                  -1               -1.0                  0   

          click_sec_lag_os  click_sec_lead_shift2  count_same_in_next_seq20  \
20869998                10                    664                         1   
20869999               318                   1485                         3   
20870000                28                     -1                        99   
20870001             15160                     -1                        99   
20870002               690                     -1                        99   

          count_same_in_next_seq5  
20869998                        0  
20869999                        0  
20870000                        0  
20870001                       99  
20870002                        1  

[5 rows x 31 columns]
          click_sec_lead_app  click_sec_lag_app   X0    X1  X2   X3  X4   X5  \
20869998                 513                424  134  7401  24   79  58   30   
20869999                 590                850  141  2124  24  151  69  162   
20870000                 935              18000  134    83  24   95  62   37   
20870001                  -1              18000   80    17  16   30  19    2   
20870002                   6                864  129  3536  24   72  40   18   

          X6     X7           ...             \
20869998  47  18000           ...              
20869999  20  18000           ...              
20870000  20  18000           ...              
20870001  33    858           ...              
20870002  33  14244           ...              

          click_sec_lead_split_sec_ip_only  cumsum10  cumsum50  \
20869998                          3.683500     25586     25586   
20869999                         23.711100     22803         0   
20870000                         30.399000         0         0   
20870001                       1595.973633         0         0   
20870002                          6.149900     22564         0   

          click_sec_lead_chl  click_sec_lag_chl  click_sec_lead_os  \
20869998                2134              362.0                281   
20869999                 590              850.0                216   
20870000                  -1            86881.0                 26   
20870001                  -1               -1.0                  2   
20870002                  -1               -1.0                  0   

          click_sec_lag_os  click_sec_lead_shift2  count_same_in_next_seq20  \
20869998                10                    664                         1   
20869999               318                   1485                         3   
20870000                28                     -1                        99   
20870001             15160                     -1                        99   
20870002               690                     -1                        99   

          count_same_in_next_seq5  
20869998                        0  
20869999                        0  
20870000                        0  
20870001                       99  
20870002                        1  

[5 rows x 31 columns]
[286.45504331588745] Concat Train/Test
(62080001, 47)
(20870003, 47)
Index(['ip', 'app', 'device', 'os', 'channel', 'click_time', 'is_attributed',
       'click_sec_lead_app', 'click_sec_lag_app', 'X0', 'X1', 'X2', 'X3', 'X4',
       'X5', 'X6', 'X7', 'X8', 'nextClick', 'nextClick_shift', 'ip_tcount',
       'ip_tchan_count', 'ip_app_count', 'ip_app_os_count', 'ip_app_os_var',
       'ip_app_channel_var_day', 'ip_app_channel_mean_hour',
       'click_sec_lead_split_sec', 'click_sec_lead_split_sec_ip_only',
       'cumsum10', 'cumsum50', 'click_sec_lead_chl', 'click_sec_lag_chl',
       'click_sec_lead_os', 'click_sec_lag_os', 'click_sec_lead_shift2',
       'count_same_in_next_seq20', 'count_same_in_next_seq5', 'same_next_app',
       'same_prev_app', 'same_next_chl', 'same_prev_chl', 'qty', 'prevday_qty',
       'prevhour_qty', 'count_in_next_hr', 'count_in_next_ten_mins'],
      dtype='object')
Index(['ip', 'app', 'device', 'os', 'channel', 'click_time', 'is_attributed',
       'click_sec_lead_app', 'click_sec_lag_app', 'X0', 'X1', 'X2', 'X3', 'X4',
       'X5', 'X6', 'X7', 'X8', 'nextClick', 'nextClick_shift', 'ip_tcount',
       'ip_tchan_count', 'ip_app_count', 'ip_app_os_count', 'ip_app_os_var',
       'ip_app_channel_var_day', 'ip_app_channel_mean_hour',
       'click_sec_lead_split_sec', 'click_sec_lead_split_sec_ip_only',
       'cumsum10', 'cumsum50', 'click_sec_lead_chl', 'click_sec_lag_chl',
       'click_sec_lead_os', 'click_sec_lag_os', 'click_sec_lead_shift2',
       'count_same_in_next_seq20', 'count_same_in_next_seq5', 'same_next_app',
       'same_prev_app', 'same_next_chl', 'same_prev_chl', 'qty', 'prevday_qty',
       'prevhour_qty', 'count_in_next_hr', 'count_in_next_ten_mins'],
      dtype='object')
[316.47120118141174] Time prep
[369.2956507205963] Add entropy
[407.6081507205963] Split data
Device 3032 shape : 0
[435.74591994285583] Get common train and test
Get common to train and test : app
explore/lgb_cts_1804B.py:274: SettingWithCopyWarning: 
A value is trying to be set on a copy of a slice from a DataFrame

See the caveats in the documentation: http://pandas.pydata.org/pandas-docs/stable/indexing.html#indexing-view-versus-copy
  train_df[col][~train_df[col].isin(keep)] = np.nan
Length remaining for app : 376
Get common to train and test : channel
Length remaining for channel : 175
Get common to train and test : os
Length remaining for os : 299
Get common to train and test : hour
Length remaining for hour : 9
Get common to train and test : device
Length remaining for device : 1324
[557.2497186660767] Data split complete
train size:  62080001
valid size:  0
test size :  20870003
**************************************************
['X3', 'ip', 'count_same_in_next_seq5', 'nextClick', 'ip_os_entropy', 'count_in_next_ten_mins', 'X8', 'click_sec_lead_os', 'ip_app_entropy', 'X5', 'X4', 'click_sec_lead_shift2', 'ip_channel_entropy', 'app', 'os', 'click_sec_lag_chl', 'device', 'count_in_next_hr', 'X1', 'count_same_in_next_seq20', 'click_sec_lag_app', 'click_sec_lead_split_sec', 'click_sec_lead_chl', 'X2', 'cumsum50', 'click_sec_lag_os', 'channel', 'hour', 'click_sec_lead_split_sec_ip_only', 'X0', 'nextClick_shift', 'prevday_qty', 'ip_device_entropy', 'ip_click_hr_entropy', 'cumsum10', 'ip_click_min_entropy', 'prevhour_qty', 'X7', 'click_sec_lead_app', 'X6', 'qty']
**************************************************
['app', 'device', 'os', 'channel', 'hour']
**************************************************
[557.262531042099] Drop features complete
train size:  62080001
valid size:  20870003
test size :  20870003
[557.2626090049744] Training...
preparing validation datasets
/home/ubuntu/anaconda3/lib/python3.6/site-packages/lightgbm/basic.py:1036: UserWarning: Using categorical_feature in Dataset.
  warnings.warn('Using categorical_feature in Dataset.')
[LightGBM] [Info] Number of positive: 150942, number of negative: 61929059
[LightGBM] [Info] Total Bins 7715
[LightGBM] [Info] Number of data: 62080001, number of used features: 41
/home/ubuntu/anaconda3/lib/python3.6/site-packages/lightgbm/basic.py:681: UserWarning: categorical_feature in param dict is overrided.
  warnings.warn('categorical_feature in param dict is overrided.')
Training until validation scores don't improve for 100 rounds.
[10]	train's auc: 0.972296	valid's auc: 0.965062
[20]	train's auc: 0.974333	valid's auc: 0.967504
[30]	train's auc: 0.976059	valid's auc: 0.969203
[40]	train's auc: 0.97726	valid's auc: 0.970533
[50]	train's auc: 0.978549	valid's auc: 0.972578
[60]	train's auc: 0.979745	valid's auc: 0.974382
[70]	train's auc: 0.980769	valid's auc: 0.975738
[80]	train's auc: 0.981538	valid's auc: 0.976704
[90]	train's auc: 0.982413	valid's auc: 0.977889
[100]	train's auc: 0.982957	valid's auc: 0.978537
[110]	train's auc: 0.983411	valid's auc: 0.979018
[120]	train's auc: 0.983916	valid's auc: 0.9796
[130]	train's auc: 0.984294	valid's auc: 0.980058
[140]	train's auc: 0.984615	valid's auc: 0.980419
[150]	train's auc: 0.984935	valid's auc: 0.980767
[160]	train's auc: 0.985206	valid's auc: 0.981001
[170]	train's auc: 0.985442	valid's auc: 0.981206
[180]	train's auc: 0.985654	valid's auc: 0.981432
[190]	train's auc: 0.985838	valid's auc: 0.981629
[200]	train's auc: 0.98601	valid's auc: 0.981782
[210]	train's auc: 0.986168	valid's auc: 0.981926
[220]	train's auc: 0.986303	valid's auc: 0.982056
[230]	train's auc: 0.986436	valid's auc: 0.98219
[240]	train's auc: 0.986548	valid's auc: 0.982293
[250]	train's auc: 0.98667	valid's auc: 0.982381
[260]	train's auc: 0.986779	valid's auc: 0.982472
[270]	train's auc: 0.986885	valid's auc: 0.982543
[280]	train's auc: 0.986978	valid's auc: 0.982602
[290]	train's auc: 0.987076	valid's auc: 0.982661
[300]	train's auc: 0.987144	valid's auc: 0.982723
[310]	train's auc: 0.987225	valid's auc: 0.982774
[320]	train's auc: 0.987299	valid's auc: 0.982819
[330]	train's auc: 0.987368	valid's auc: 0.982868
[340]	train's auc: 0.987435	valid's auc: 0.982922
[350]	train's auc: 0.987511	valid's auc: 0.982957
[360]	train's auc: 0.987585	valid's auc: 0.982984
[370]	train's auc: 0.987658	valid's auc: 0.983033
[380]	train's auc: 0.987737	valid's auc: 0.983065
[390]	train's auc: 0.98779	valid's auc: 0.983108
[400]	train's auc: 0.987854	valid's auc: 0.983143
[410]	train's auc: 0.987904	valid's auc: 0.983176
[420]	train's auc: 0.98795	valid's auc: 0.983193
[430]	train's auc: 0.988011	valid's auc: 0.983214
[440]	train's auc: 0.988062	valid's auc: 0.983229
[450]	train's auc: 0.988126	valid's auc: 0.983246
[460]	train's auc: 0.98817	valid's auc: 0.983271
[470]	train's auc: 0.98824	valid's auc: 0.98328
[480]	train's auc: 0.988286	valid's auc: 0.98331
[490]	train's auc: 0.988346	valid's auc: 0.983326
[500]	train's auc: 0.988397	valid's auc: 0.983338
[510]	train's auc: 0.988445	valid's auc: 0.983357
[520]	train's auc: 0.988496	valid's auc: 0.983367
[530]	train's auc: 0.988542	valid's auc: 0.983375
[540]	train's auc: 0.988576	valid's auc: 0.983387
[550]	train's auc: 0.988608	valid's auc: 0.983407
[560]	train's auc: 0.988648	valid's auc: 0.983415
[570]	train's auc: 0.988686	valid's auc: 0.983431
[580]	train's auc: 0.988733	valid's auc: 0.98345
[590]	train's auc: 0.988766	valid's auc: 0.983467
[600]	train's auc: 0.98881	valid's auc: 0.98348
[610]	train's auc: 0.98884	valid's auc: 0.983494
[620]	train's auc: 0.988876	valid's auc: 0.983501
[630]	train's auc: 0.988922	valid's auc: 0.983506
[640]	train's auc: 0.988962	valid's auc: 0.983511
[650]	train's auc: 0.988997	valid's auc: 0.983514
[660]	train's auc: 0.989033	valid's auc: 0.983515
[670]	train's auc: 0.989079	valid's auc: 0.983516
[680]	train's auc: 0.989115	valid's auc: 0.983532
[690]	train's auc: 0.989146	valid's auc: 0.983534
[700]	train's auc: 0.989182	valid's auc: 0.983547
[710]	train's auc: 0.989227	valid's auc: 0.983558
[720]	train's auc: 0.989255	valid's auc: 0.983565
[730]	train's auc: 0.989285	valid's auc: 0.983564
[740]	train's auc: 0.989323	valid's auc: 0.98357
[750]	train's auc: 0.989354	valid's auc: 0.983576
[760]	train's auc: 0.989385	valid's auc: 0.983583
[770]	train's auc: 0.989421	valid's auc: 0.983586
[780]	train's auc: 0.989447	valid's auc: 0.983594
[790]	train's auc: 0.98948	valid's auc: 0.983599
[800]	train's auc: 0.989506	valid's auc: 0.983602
[810]	train's auc: 0.989539	valid's auc: 0.983604
[820]	train's auc: 0.989566	valid's auc: 0.983605
[830]	train's auc: 0.989594	valid's auc: 0.983361
[840]	train's auc: 0.989629	valid's auc: 0.983365
[850]	train's auc: 0.989666	valid's auc: 0.983363
[860]	train's auc: 0.989698	valid's auc: 0.98337
[870]	train's auc: 0.989724	valid's auc: 0.983375
[880]	train's auc: 0.989753	valid's auc: 0.983383
[890]	train's auc: 0.989786	valid's auc: 0.983381
[900]	train's auc: 0.989824	valid's auc: 0.983386
[910]	train's auc: 0.989861	valid's auc: 0.983382
Early stopping, best iteration is:
[814]	train's auc: 0.989548	valid's auc: 0.983608

Model Report
n_estimators :  814
auc: 0.9836081243564425
                                feat   imp
0                            channel  2098
1                                app  1524
2                                 os  1195
3           click_sec_lead_split_sec   498
4                               hour   319
5                      ip_os_entropy   288
6                                qty   273
7                          nextClick   262
8                                 X0   252
9                                 X3   252
10                                X8   242
11                 ip_device_entropy   230
12                                X4   223
13              ip_click_min_entropy   221
14                                X1   219
15               ip_click_hr_entropy   208
16                ip_channel_entropy   197
17             click_sec_lead_shift2   188
18  click_sec_lead_split_sec_ip_only   183
19                                X5   177
20                                ip   175
21                    ip_app_entropy   171
22                click_sec_lead_app   164
23                                X6   162
24            count_in_next_ten_mins   152
25                            device   141
26                      prevhour_qty   139
27                click_sec_lead_chl   133
28                  count_in_next_hr   132
29                 click_sec_lag_app   122
30                       prevday_qty   115
31                 click_sec_lead_os   109
32                                X7   109
33                 click_sec_lag_chl   109
34          count_same_in_next_seq20    82
35                          cumsum10    80
36                  click_sec_lag_os    77
37                   nextClick_shift    55
38                                X2    53
39                          cumsum50    44
40           count_same_in_next_seq5    23
Auc for all hours in testval : 0.9836081243564425
Auc for select hours in testval : 0.9676046643912373
writing...
