nohup: ignoring input
/home/ubuntu/anaconda3/lib/python3.6/site-packages/sklearn/cross_validation.py:41: DeprecationWarning: This module was deprecated in version 0.18 in favor of the model_selection module into which all the refactored classes and functions are moved. Also note that the interface of the new CV iterators are different from that of this module. This module will be removed in 0.20.
  "This module will be removed in 0.20.", DeprecationWarning)
[8.344650268554688e-06] Load Train
[36.991694688797] Load Test
[49.3411123752594] Load Features
[225.114399433136] Load Entropy Features
[225.7316792011261] Load up the kanber features
(62080001, 9)
(20870003, 9)
    X0   X1  X2  X3  X4  X5  X6    X7  X8
0  110   10  23  45  16   9   5  1299  17
1  102    0   7  54  39  12  50     2  31
2  100  236  23  48  27  10  40   944  30
3  115  346  22  52  20   7  11  1138  36
4  121  374  24  63  40  19  33  1899  35
    X0   X1  X2  X3  X4  X5  X6    X7  X8
0  110   10  23  45  16   9   5  1299  17
1  102    0   7  54  39  12  50     2  31
2  100  236  23  48  27  10  40   944  30
3  115  346  22  52  20   7  11  1138  36
4  121  374  24  63  40  19  33  1899  35
           X0    X1  X2   X3  X4   X5  X6     X7  X8
20869998  134  7401  24   79  58   30  47  37046  43
20869999  141  2124  24  151  69  162  20  59943  33
20870000  134    83  24   95  62   37  20  26847  19
20870001   80    17  16   30  19    2  33    858   9
20870002  129  3536  24   72  40   18  33  14244  43
           X0    X1  X2   X3  X4   X5  X6     X7  X8
20869998  134  7401  24   79  58   30  47  37046  43
20869999  141  2124  24  151  69  162  20  59943  33
20870000  134    83  24   95  62   37  20  26847  19
20870001   80    17  16   30  19    2  33    858   9
20870002  129  3536  24   72  40   18  33  14244  43
(62080001, 2)
(20870003, 2)
   nextClick  nextClick_shift
0      73092               11
1      17533            73092
2        656            17533
3       2149              656
4       1517             2149
   nextClick  nextClick_shift
0      73092               11
1      17533            73092
2        656            17533
3       2149              656
4       1517             2149
           nextClick  nextClick_shift
20869998         513            55885
20869999         590              513
20870000         935              590
20870001  1489760397              935
20870002           6       1489760397
           nextClick  nextClick_shift
20869998         513            55885
20869999         590              513
20870000         935              590
20870001  1489760397              935
20870002           6       1489760397
(62080001, 7)
(20870003, 7)
   ip_tcount  ip_tchan_count  ip_app_count  ip_app_os_count  ip_app_os_var  \
0         18       30.346464            86                3       1.000000   
1         23        0.000000           357               75      34.301983   
2        107       39.025642           195               41      38.469513   
3        106       24.722221            79               28      31.739418   
4         29       31.132008          1168              233      43.542252   

   ip_app_channel_var_day  ip_app_channel_mean_hour  
0                1.200000                  8.422222  
1                0.245156                  8.973913  
2                1.209360                  9.310345  
3                1.656605                 10.341772  
4                1.644011                  5.851562  
   ip_tcount  ip_tchan_count  ip_app_count  ip_app_os_count  ip_app_os_var  \
0         18       30.346464            86                3       1.000000   
1         23        0.000000           357               75      34.301983   
2        107       39.025642           195               41      38.469513   
3        106       24.722221            79               28      31.739418   
4         29       31.132008          1168              233      43.542252   

   ip_app_channel_var_day  ip_app_channel_mean_hour  
0                1.200000                  8.422222  
1                0.245156                  8.973913  
2                1.209360                  9.310345  
3                1.656605                 10.341772  
4                1.644011                  5.851562  
          ip_tcount  ip_tchan_count  ip_app_count  ip_app_os_count  \
20869998        722       39.785332          5652             1369   
20869999        873       40.576790          6526              253   
20870000        761       31.959663          3216               10   
20870001         40       15.564102           127                7   
20870002        104      999.000000          2150              510   

          ip_app_os_var  ip_app_channel_var_day  ip_app_channel_mean_hour  
20869998      34.970737                0.259630                 12.617318  
20869999      44.829536                1.404081                 10.016629  
20870000       4.455555                1.350326                 10.864779  
20870001      25.142857                0.000000                  9.250000  
20870002      37.983009              999.000000                 15.000000  
          ip_tcount  ip_tchan_count  ip_app_count  ip_app_os_count  \
20869998        722       39.785332          5652             1369   
20869999        873       40.576790          6526              253   
20870000        761       31.959663          3216               10   
20870001         40       15.564102           127                7   
20870002        104      999.000000          2150              510   

          ip_app_os_var  ip_app_channel_var_day  ip_app_channel_mean_hour  
20869998      34.970737                0.259630                 12.617318  
20869999      44.829536                1.404081                 10.016629  
20870000       4.455555                1.350326                 10.864779  
20870001      25.142857                0.000000                  9.250000  
20870002      37.983009              999.000000                 15.000000  
[230.0230233669281] Finished Loading Features, start concatenate
(62080001, 20)
(20870003, 20)
   click_sec_lead_app  click_sec_lag_app   X0   X1  X2  X3  X4  X5  X6    X7  \
0                -1.0               -1.0  110   10  23  45  16   9   5  1299   
1             17533.0               -1.0  102    0   7  54  39  12  50     2   
2               656.0              466.0  100  236  23  48  27  10  40   944   
3              2149.0             3192.0  115  346  22  52  20   7  11  1138   
4              1517.0             2349.0  121  374  24  63  40  19  33  1899   

   X8  nextClick  nextClick_shift  ip_tcount  ip_tchan_count  ip_app_count  \
0  17      73092               11         18       30.346464            86   
1  31      17533            73092         23        0.000000           357   
2  30        656            17533        107       39.025642           195   
3  36       2149              656        106       24.722221            79   
4  35       1517             2149         29       31.132008          1168   

   ip_app_os_count  ip_app_os_var  ip_app_channel_var_day  \
0                3       1.000000                1.200000   
1               75      34.301983                0.245156   
2               41      38.469513                1.209360   
3               28      31.739418                1.656605   
4              233      43.542252                1.644011   

   ip_app_channel_mean_hour  
0                  8.422222  
1                  8.973913  
2                  9.310345  
3                 10.341772  
4                  5.851562  
   click_sec_lead_app  click_sec_lag_app   X0   X1  X2  X3  X4  X5  X6    X7  \
0                -1.0               -1.0  110   10  23  45  16   9   5  1299   
1             17533.0               -1.0  102    0   7  54  39  12  50     2   
2               656.0              466.0  100  236  23  48  27  10  40   944   
3              2149.0             3192.0  115  346  22  52  20   7  11  1138   
4              1517.0             2349.0  121  374  24  63  40  19  33  1899   

   X8  nextClick  nextClick_shift  ip_tcount  ip_tchan_count  ip_app_count  \
0  17      73092               11         18       30.346464            86   
1  31      17533            73092         23        0.000000           357   
2  30        656            17533        107       39.025642           195   
3  36       2149              656        106       24.722221            79   
4  35       1517             2149         29       31.132008          1168   

   ip_app_os_count  ip_app_os_var  ip_app_channel_var_day  \
0                3       1.000000                1.200000   
1               75      34.301983                0.245156   
2               41      38.469513                1.209360   
3               28      31.739418                1.656605   
4              233      43.542252                1.644011   

   ip_app_channel_mean_hour  
0                  8.422222  
1                  8.973913  
2                  9.310345  
3                 10.341772  
4                  5.851562  
          click_sec_lead_app  click_sec_lag_app   X0    X1  X2   X3  X4   X5  \
20869998                 513              424.0  134  7401  24   79  58   30   
20869999                 590              850.0  141  2124  24  151  69  162   
20870000                 935            86464.0  134    83  24   95  62   37   
20870001                  -1            19145.0   80    17  16   30  19    2   
20870002                   6              864.0  129  3536  24   72  40   18   

          X6     X7  X8   nextClick  nextClick_shift  ip_tcount  \
20869998  47  37046  43         513            55885        722   
20869999  20  59943  33         590              513        873   
20870000  20  26847  19         935              590        761   
20870001  33    858   9  1489760397              935         40   
20870002  33  14244  43           6       1489760397        104   

          ip_tchan_count  ip_app_count  ip_app_os_count  ip_app_os_var  \
20869998       39.785332          5652             1369      34.970737   
20869999       40.576790          6526              253      44.829536   
20870000       31.959663          3216               10       4.455555   
20870001       15.564102           127                7      25.142857   
20870002      999.000000          2150              510      37.983009   

          ip_app_channel_var_day  ip_app_channel_mean_hour  
20869998                0.259630                 12.617318  
20869999                1.404081                 10.016629  
20870000                1.350326                 10.864779  
20870001                0.000000                  9.250000  
20870002              999.000000                 15.000000  
          click_sec_lead_app  click_sec_lag_app   X0    X1  X2   X3  X4   X5  \
20869998                 513              424.0  134  7401  24   79  58   30   
20869999                 590              850.0  141  2124  24  151  69  162   
20870000                 935            86464.0  134    83  24   95  62   37   
20870001                  -1            19145.0   80    17  16   30  19    2   
20870002                   6              864.0  129  3536  24   72  40   18   

          X6     X7  X8   nextClick  nextClick_shift  ip_tcount  \
20869998  47  37046  43         513            55885        722   
20869999  20  59943  33         590              513        873   
20870000  20  26847  19         935              590        761   
20870001  33    858   9  1489760397              935         40   
20870002  33  14244  43           6       1489760397        104   

          ip_tchan_count  ip_app_count  ip_app_os_count  ip_app_os_var  \
20869998       39.785332          5652             1369      34.970737   
20869999       40.576790          6526              253      44.829536   
20870000       31.959663          3216               10       4.455555   
20870001       15.564102           127                7      25.142857   
20870002      999.000000          2150              510      37.983009   

          ip_app_channel_var_day  ip_app_channel_mean_hour  
20869998                0.259630                 12.617318  
20869999                1.404081                 10.016629  
20870000                1.350326                 10.864779  
20870001                0.000000                  9.250000  
20870002              999.000000                 15.000000  
(62080001, 7)
(20870003, 7)
(62080001, 29)
(20870003, 29)
   click_sec_lead_app  click_sec_lag_app   X0   X1  X2  X3  X4  X5  X6    X7  \
0                  -1                 -1  110   10  23  45  16   9   5  1299   
1               17533                 -1  102    0   7  54  39  12  50     2   
2                 656                466  100  236  23  48  27  10  40   944   
3                2149               3192  115  346  22  52  20   7  11  1138   
4                1517               2349  121  374  24  63  40  19  33  1899   

           ...            ip_app_channel_mean_hour  click_sec_lead_split_sec  \
0          ...                                   8             999999.000000   
1          ...                                   8              17533.275391   
2          ...                                   9                656.420776   
3          ...                                  10               2149.581787   
4          ...                                   5               1517.196045   

   click_sec_lead_split_sec_ip_only  cumsum10  cumsum50  click_sec_lead_chl  \
0                       9999.000000         0         0                -1.0   
1                       2386.263184         0         0             31355.0   
2                        656.420776         0         0              3448.0   
3                       2149.581787         0         0              1177.0   
4                       1517.196045         0         0             29499.0   

   click_sec_lag_chl  click_sec_lead_os  click_sec_lag_os  \
0               14.0               16.0               6.0   
1               -1.0                0.0              -1.0   
2              466.0                5.0               0.0   
3             3192.0                6.0               8.0   
4             2349.0                0.0               0.0   

   click_sec_lead_shift2  
0                   -1.0  
1                31355.0  
2                  730.0  
3                 2515.0  
4                 4954.0  

[5 rows x 29 columns]
   click_sec_lead_app  click_sec_lag_app   X0   X1  X2  X3  X4  X5  X6    X7  \
0                  -1                 -1  110   10  23  45  16   9   5  1299   
1               17533                 -1  102    0   7  54  39  12  50     2   
2                 656                466  100  236  23  48  27  10  40   944   
3                2149               3192  115  346  22  52  20   7  11  1138   
4                1517               2349  121  374  24  63  40  19  33  1899   

           ...            ip_app_channel_mean_hour  click_sec_lead_split_sec  \
0          ...                                   8             999999.000000   
1          ...                                   8              17533.275391   
2          ...                                   9                656.420776   
3          ...                                  10               2149.581787   
4          ...                                   5               1517.196045   

   click_sec_lead_split_sec_ip_only  cumsum10  cumsum50  click_sec_lead_chl  \
0                       9999.000000         0         0                -1.0   
1                       2386.263184         0         0             31355.0   
2                        656.420776         0         0              3448.0   
3                       2149.581787         0         0              1177.0   
4                       1517.196045         0         0             29499.0   

   click_sec_lag_chl  click_sec_lead_os  click_sec_lag_os  \
0               14.0               16.0               6.0   
1               -1.0                0.0              -1.0   
2              466.0                5.0               0.0   
3             3192.0                6.0               8.0   
4             2349.0                0.0               0.0   

   click_sec_lead_shift2  
0                   -1.0  
1                31355.0  
2                  730.0  
3                 2515.0  
4                 4954.0  

[5 rows x 29 columns]
          click_sec_lead_app  click_sec_lag_app   X0    X1  X2   X3  X4   X5  \
20869998                 513                424  134  7401  24   79  58   30   
20869999                 590                850  141  2124  24  151  69  162   
20870000                 935              18000  134    83  24   95  62   37   
20870001                  -1              18000   80    17  16   30  19    2   
20870002                   6                864  129  3536  24   72  40   18   

          X6     X7          ...            ip_app_channel_mean_hour  \
20869998  47  18000          ...                                  12   
20869999  20  18000          ...                                  10   
20870000  20  18000          ...                                  10   
20870001  33    858          ...                                   9   
20870002  33  14244          ...                                  15   

          click_sec_lead_split_sec  click_sec_lead_split_sec_ip_only  \
20869998                512.888977                          3.683500   
20869999                589.909180                         23.711100   
20870000                935.049377                         30.399000   
20870001             999999.000000                       1595.973633   
20870002                  6.149900                          6.149900   

          cumsum10  cumsum50  click_sec_lead_chl  click_sec_lag_chl  \
20869998     25586     25586                2134              362.0   
20869999     22803         0                 590              850.0   
20870000         0         0                  -1            86881.0   
20870001         0         0                  -1               -1.0   
20870002     22564         0                  -1               -1.0   

          click_sec_lead_os  click_sec_lag_os  click_sec_lead_shift2  
20869998                281                10                    664  
20869999                216               318                   1485  
20870000                 26                28                     -1  
20870001                  2             15160                     -1  
20870002                  0               690                     -1  

[5 rows x 29 columns]
          click_sec_lead_app  click_sec_lag_app   X0    X1  X2   X3  X4   X5  \
20869998                 513                424  134  7401  24   79  58   30   
20869999                 590                850  141  2124  24  151  69  162   
20870000                 935              18000  134    83  24   95  62   37   
20870001                  -1              18000   80    17  16   30  19    2   
20870002                   6                864  129  3536  24   72  40   18   

          X6     X7          ...            ip_app_channel_mean_hour  \
20869998  47  18000          ...                                  12   
20869999  20  18000          ...                                  10   
20870000  20  18000          ...                                  10   
20870001  33    858          ...                                   9   
20870002  33  14244          ...                                  15   

          click_sec_lead_split_sec  click_sec_lead_split_sec_ip_only  \
20869998                512.888977                          3.683500   
20869999                589.909180                         23.711100   
20870000                935.049377                         30.399000   
20870001             999999.000000                       1595.973633   
20870002                  6.149900                          6.149900   

          cumsum10  cumsum50  click_sec_lead_chl  click_sec_lag_chl  \
20869998     25586     25586                2134              362.0   
20869999     22803         0                 590              850.0   
20870000         0         0                  -1            86881.0   
20870001         0         0                  -1               -1.0   
20870002     22564         0                  -1               -1.0   

          click_sec_lead_os  click_sec_lag_os  click_sec_lead_shift2  
20869998                281                10                    664  
20869999                216               318                   1485  
20870000                 26                28                     -1  
20870001                  2             15160                     -1  
20870002                  0               690                     -1  

[5 rows x 29 columns]
[265.45681619644165] Concat Train/Test
(62080001, 45)
(20870003, 45)
Index(['ip', 'app', 'device', 'os', 'channel', 'click_time', 'is_attributed',
       'click_sec_lead_app', 'click_sec_lag_app', 'X0', 'X1', 'X2', 'X3', 'X4',
       'X5', 'X6', 'X7', 'X8', 'nextClick', 'nextClick_shift', 'ip_tcount',
       'ip_tchan_count', 'ip_app_count', 'ip_app_os_count', 'ip_app_os_var',
       'ip_app_channel_var_day', 'ip_app_channel_mean_hour',
       'click_sec_lead_split_sec', 'click_sec_lead_split_sec_ip_only',
       'cumsum10', 'cumsum50', 'click_sec_lead_chl', 'click_sec_lag_chl',
       'click_sec_lead_os', 'click_sec_lag_os', 'click_sec_lead_shift2',
       'same_next_app', 'same_prev_app', 'same_next_chl', 'same_prev_chl',
       'qty', 'prevday_qty', 'prevhour_qty', 'count_in_next_hr',
       'count_in_next_ten_mins'],
      dtype='object')
Index(['ip', 'app', 'device', 'os', 'channel', 'click_time', 'is_attributed',
       'click_sec_lead_app', 'click_sec_lag_app', 'X0', 'X1', 'X2', 'X3', 'X4',
       'X5', 'X6', 'X7', 'X8', 'nextClick', 'nextClick_shift', 'ip_tcount',
       'ip_tchan_count', 'ip_app_count', 'ip_app_os_count', 'ip_app_os_var',
       'ip_app_channel_var_day', 'ip_app_channel_mean_hour',
       'click_sec_lead_split_sec', 'click_sec_lead_split_sec_ip_only',
       'cumsum10', 'cumsum50', 'click_sec_lead_chl', 'click_sec_lag_chl',
       'click_sec_lead_os', 'click_sec_lag_os', 'click_sec_lead_shift2',
       'same_next_app', 'same_prev_app', 'same_next_chl', 'same_prev_chl',
       'qty', 'prevday_qty', 'prevhour_qty', 'count_in_next_hr',
       'count_in_next_ten_mins'],
      dtype='object')
[293.6061089038849] Time prep
[344.24877524375916] Add entropy
[381.39230513572693] Add explicit device features
[381.57156467437744] Split data
Device 3032 shape : 0
[409.86059165000916] Get common train and test
Get common to train and test : app
explore/lgb_cts_2304.py:278: SettingWithCopyWarning: 
A value is trying to be set on a copy of a slice from a DataFrame

See the caveats in the documentation: http://pandas.pydata.org/pandas-docs/stable/indexing.html#indexing-view-versus-copy
  train_df[col][~train_df[col].isin(keep)] = np.nan
Length remaining for app : 376
Get common to train and test : channel
Length remaining for channel : 175
Get common to train and test : os
Length remaining for os : 299
Get common to train and test : hour
Length remaining for hour : 9
Get common to train and test : device
Length remaining for device : 1324
[531.0236301422119] Data split complete
train size:  62080001
valid size:  0
test size :  20870003
**************************************************
['X4', 'click_sec_lead_chl', 'ip_channel_entropy', 'X6', 'X1', 'cumsum10', 'prevday_qty', 'click_sec_lead_app', 'cumsum50', 'ip_device_entropy', 'hour', 'app', 'ip_click_min_entropy', 'nextClick_shift', 'ip_os_entropy', 'ip', 'click_sec_lead_os', 'click_sec_lag_app', 'X8', 'channel', 'X3', 'qty', 'device', 'onehot_device1', 'click_sec_lead_shift2', 'X5', 'click_sec_lead_split_sec_ip_only', 'ip_app_entropy', 'click_sec_lead_split_sec', 'nextClick', 'os', 'X2', 'onehot_device2', 'X0', 'ip_click_hr_entropy', 'X7', 'click_sec_lag_chl', 'count_in_next_hr', 'click_sec_lag_os', 'prevhour_qty', 'onehot_device0', 'count_in_next_ten_mins']
**************************************************
['app', 'device', 'os', 'channel', 'hour']
**************************************************
[531.0358560085297] Drop features complete
train size:  62080001
valid size:  20870003
test size :  20870003
[531.035932302475] Training...
preparing validation datasets
/home/ubuntu/anaconda3/lib/python3.6/site-packages/lightgbm/basic.py:1036: UserWarning: Using categorical_feature in Dataset.
  warnings.warn('Using categorical_feature in Dataset.')
[LightGBM] [Info] Number of positive: 150942, number of negative: 61929059
[LightGBM] [Info] Total Bins 7690
[LightGBM] [Info] Number of data: 62080001, number of used features: 42
/home/ubuntu/anaconda3/lib/python3.6/site-packages/lightgbm/basic.py:681: UserWarning: categorical_feature in param dict is overrided.
  warnings.warn('categorical_feature in param dict is overrided.')
Training until validation scores don't improve for 100 rounds.
[10]	train's auc: 0.971201	valid's auc: 0.963299
[20]	train's auc: 0.971765	valid's auc: 0.964181
[30]	train's auc: 0.973479	valid's auc: 0.966738
[40]	train's auc: 0.975062	valid's auc: 0.968946
[50]	train's auc: 0.976257	valid's auc: 0.970568
[60]	train's auc: 0.977635	valid's auc: 0.97215
[70]	train's auc: 0.978445	valid's auc: 0.973183
[80]	train's auc: 0.979899	valid's auc: 0.974989
[90]	train's auc: 0.980758	valid's auc: 0.976034
[100]	train's auc: 0.981682	valid's auc: 0.977263
[110]	train's auc: 0.98231	valid's auc: 0.977901
[120]	train's auc: 0.98289	valid's auc: 0.978563
[130]	train's auc: 0.983395	valid's auc: 0.979087
[140]	train's auc: 0.983802	valid's auc: 0.979506
[150]	train's auc: 0.984185	valid's auc: 0.979983
[160]	train's auc: 0.984545	valid's auc: 0.98036
[170]	train's auc: 0.98475	valid's auc: 0.980586
[180]	train's auc: 0.984977	valid's auc: 0.980844
[190]	train's auc: 0.985169	valid's auc: 0.981069
[200]	train's auc: 0.985406	valid's auc: 0.981348
[210]	train's auc: 0.98556	valid's auc: 0.981514
[220]	train's auc: 0.985718	valid's auc: 0.981666
[230]	train's auc: 0.985875	valid's auc: 0.98181
[240]	train's auc: 0.986002	valid's auc: 0.981919
[250]	train's auc: 0.986126	valid's auc: 0.982059
[260]	train's auc: 0.986258	valid's auc: 0.982204
[270]	train's auc: 0.986365	valid's auc: 0.9823
[280]	train's auc: 0.986455	valid's auc: 0.982363
[290]	train's auc: 0.986576	valid's auc: 0.982472
[300]	train's auc: 0.986644	valid's auc: 0.982538
[310]	train's auc: 0.986716	valid's auc: 0.982599
[320]	train's auc: 0.98684	valid's auc: 0.982725
[330]	train's auc: 0.986919	valid's auc: 0.982808
[340]	train's auc: 0.987005	valid's auc: 0.982879
[350]	train's auc: 0.987082	valid's auc: 0.982935
[360]	train's auc: 0.987157	valid's auc: 0.98298
[370]	train's auc: 0.987231	valid's auc: 0.983037
[380]	train's auc: 0.987307	valid's auc: 0.983096
[390]	train's auc: 0.987386	valid's auc: 0.983147
[400]	train's auc: 0.987448	valid's auc: 0.983184
[410]	train's auc: 0.987524	valid's auc: 0.983218
[420]	train's auc: 0.987591	valid's auc: 0.98325
[430]	train's auc: 0.987645	valid's auc: 0.983272
[440]	train's auc: 0.987702	valid's auc: 0.983311
[450]	train's auc: 0.987756	valid's auc: 0.983345
[460]	train's auc: 0.987804	valid's auc: 0.983361
[470]	train's auc: 0.987855	valid's auc: 0.983386
[480]	train's auc: 0.987924	valid's auc: 0.983421
[490]	train's auc: 0.987977	valid's auc: 0.983431
[500]	train's auc: 0.988029	valid's auc: 0.983453
[510]	train's auc: 0.988087	valid's auc: 0.983483
[520]	train's auc: 0.988132	valid's auc: 0.983505
[530]	train's auc: 0.988186	valid's auc: 0.983528
[540]	train's auc: 0.988231	valid's auc: 0.983537
[550]	train's auc: 0.988291	valid's auc: 0.983549
[560]	train's auc: 0.988336	valid's auc: 0.983566
[570]	train's auc: 0.988388	valid's auc: 0.983575
[580]	train's auc: 0.988427	valid's auc: 0.983594
[590]	train's auc: 0.988466	valid's auc: 0.983612
[600]	train's auc: 0.988508	valid's auc: 0.983626
[610]	train's auc: 0.988559	valid's auc: 0.983637
[620]	train's auc: 0.988602	valid's auc: 0.983653
[630]	train's auc: 0.988656	valid's auc: 0.983671
[640]	train's auc: 0.988695	valid's auc: 0.98369
[650]	train's auc: 0.988737	valid's auc: 0.983702
[660]	train's auc: 0.988782	valid's auc: 0.983709
[670]	train's auc: 0.988828	valid's auc: 0.983713
[680]	train's auc: 0.988868	valid's auc: 0.983729
[690]	train's auc: 0.988904	valid's auc: 0.983736
[700]	train's auc: 0.988935	valid's auc: 0.983742
[710]	train's auc: 0.988964	valid's auc: 0.983756
[720]	train's auc: 0.988999	valid's auc: 0.983768
[730]	train's auc: 0.989044	valid's auc: 0.983776
[740]	train's auc: 0.989091	valid's auc: 0.983791
[750]	train's auc: 0.989124	valid's auc: 0.983793
[760]	train's auc: 0.989155	valid's auc: 0.983801
[770]	train's auc: 0.989211	valid's auc: 0.983814
[780]	train's auc: 0.98924	valid's auc: 0.983815
[790]	train's auc: 0.989287	valid's auc: 0.983821
[800]	train's auc: 0.989318	valid's auc: 0.983829
[810]	train's auc: 0.989349	valid's auc: 0.983831
[820]	train's auc: 0.989374	valid's auc: 0.983834
[830]	train's auc: 0.989412	valid's auc: 0.983844
[840]	train's auc: 0.98945	valid's auc: 0.983849
[850]	train's auc: 0.989485	valid's auc: 0.983854
[860]	train's auc: 0.989517	valid's auc: 0.983863
[870]	train's auc: 0.989549	valid's auc: 0.983866
[880]	train's auc: 0.989582	valid's auc: 0.983869
[890]	train's auc: 0.989607	valid's auc: 0.98387
[900]	train's auc: 0.989635	valid's auc: 0.983876
[910]	train's auc: 0.989667	valid's auc: 0.983879
[920]	train's auc: 0.989689	valid's auc: 0.98388
[930]	train's auc: 0.989719	valid's auc: 0.983875
[940]	train's auc: 0.989749	valid's auc: 0.983872
[950]	train's auc: 0.989794	valid's auc: 0.983875
[960]	train's auc: 0.989835	valid's auc: 0.983877
[970]	train's auc: 0.989863	valid's auc: 0.983882
[980]	train's auc: 0.989897	valid's auc: 0.983886
[990]	train's auc: 0.989926	valid's auc: 0.983889
[1000]	train's auc: 0.989961	valid's auc: 0.983892
[1010]	train's auc: 0.989993	valid's auc: 0.983898
[1020]	train's auc: 0.990031	valid's auc: 0.9839
[1030]	train's auc: 0.990055	valid's auc: 0.983897
[1040]	train's auc: 0.990081	valid's auc: 0.983899
[1050]	train's auc: 0.990111	valid's auc: 0.983902
[1060]	train's auc: 0.990138	valid's auc: 0.983899
[1070]	train's auc: 0.990164	valid's auc: 0.9839
[1080]	train's auc: 0.990211	valid's auc: 0.9839
[1090]	train's auc: 0.990247	valid's auc: 0.983903
[1100]	train's auc: 0.990276	valid's auc: 0.983904
[1110]	train's auc: 0.990312	valid's auc: 0.98391
[1120]	train's auc: 0.990361	valid's auc: 0.98388
[1130]	train's auc: 0.990396	valid's auc: 0.983881
[1140]	train's auc: 0.990436	valid's auc: 0.983877
[1150]	train's auc: 0.990462	valid's auc: 0.983879
[1160]	train's auc: 0.990498	valid's auc: 0.983875
[1170]	train's auc: 0.99053	valid's auc: 0.983877
[1180]	train's auc: 0.990562	valid's auc: 0.983877
[1190]	train's auc: 0.990594	valid's auc: 0.983878
[1200]	train's auc: 0.99062	valid's auc: 0.983886
[1210]	train's auc: 0.99065	valid's auc: 0.983881
Early stopping, best iteration is:
[1113]	train's auc: 0.99033	valid's auc: 0.983914

Model Report
n_estimators :  1113
auc: 0.9839136064619709
                                feat   imp
0                            channel  2184
1                                app  1883
2                                 os  1374
3                                 X6   844
4                                 X8   810
5                                 X4   807
6                      ip_os_entropy   803
7           click_sec_lead_split_sec   776
8                                 X1   765
9                          nextClick   692
10                              hour   689
11             click_sec_lead_shift2   659
12                                X3   659
13                    ip_app_entropy   657
14                 ip_device_entropy   655
15                                X0   643
16                ip_channel_entropy   641
17  click_sec_lead_split_sec_ip_only   637
18                               qty   635
19                 click_sec_lag_app   610
20                click_sec_lead_app   609
21                                ip   603
22                 click_sec_lead_os   602
23               ip_click_hr_entropy   597
24                      prevhour_qty   586
25                                X7   583
26                 click_sec_lag_chl   555
27                  click_sec_lag_os   545
28                                X5   543
29              ip_click_min_entropy   543
30                       prevday_qty   529
31                click_sec_lead_chl   519
32                  count_in_next_hr   431
33                          cumsum10   352
34                            device   335
35            count_in_next_ten_mins   334
36                   nextClick_shift   290
37                                X2   268
38                          cumsum50   219
39                    onehot_device2    88
40                    onehot_device1    87
41                    onehot_device0    71
Auc for all hours in testval : 0.9839136064619709
Auc for select hours in testval : 0.9683266355687173
writing...
