nohup: ignoring input
/home/ubuntu/anaconda3/lib/python3.6/site-packages/sklearn/cross_validation.py:41: DeprecationWarning: This module was deprecated in version 0.18 in favor of the model_selection module into which all the refactored classes and functions are moved. Also note that the interface of the new CV iterators are different from that of this module. This module will be removed in 0.20.
  "This module will be removed in 0.20.", DeprecationWarning)
[6.67572021484375e-06] Load Train
[98.39766693115234] Load Test
[109.27430653572083] Load Features
[413.4800465106964] Finished Loading Features, start concatenate
(184903890, 7)
(18790469, 7)
[469.44738841056824] Concat Train/Test
(184903890, 25)
(18790469, 25)
[498.5406770706177] Time prep
[668.8428161144257] group by...unique app per ip/dev/os
merge...
[930.7193658351898] group by...count app per ip/dev/os/min
merge...
[1190.6193199157715] group by...unique app per ip/day/hr/chl
merge...
[1333.3028299808502] group by...unique app per ip/app/chl
[1497.2511675357819] group by...unique app per ip/app/os/chl
[1750.8782005310059] Add entropy
[1831.203621149063] Data types
<class 'pandas.core.frame.DataFrame'>
Int64Index: 203694359 entries, 0 to 203694358
Data columns (total 40 columns):
app                          uint16
channel                      uint16
click_id                     float64
click_sec_lag_app            int32
click_sec_lag_chl            int32
click_sec_lag_os             int32
click_sec_lead_app           int32
click_sec_lead_chl           int32
click_sec_lead_os            int32
click_sec_lead_sameappchl    int32
click_sec_lead_shift2        int32
click_sec_lead_split_sec     float32
click_sec_lsum_chl           int32
click_sec_lsum_os            int32
click_time                   object
device                       uint16
ip                           uint32
is_attributed                float64
os                           uint16
prevday_qty                  int32
prevhour_qty                 int32
qty                          uint16
same_next_app                int8
same_next_chl                int8
same_prev_app                int8
same_prev_chl                int8
hour                         uint8
day                          uint8
minute                       uint8
unique_app_ipdevos           int64
unique_app_ipdevosmin        int64
qty_chl                      int64
ip_app_count                 uint16
ip_app_os_count              uint16
ip_device_entropy            float32
ip_os_entropy                float32
ip_app_entropy               float32
ip_channel_entropy           float32
ip_click_hr_entropy          float32
ip_click_min_entropy         float32
dtypes: float32(7), float64(2), int32(12), int64(3), int8(4), object(1), uint16(7), uint32(1), uint8(3)
memory usage: 29.8+ GB
(203694359, 40)
Device 3032 shape : 692891
[1886.9820568561554] Get common train and test
Get common to train and test : app
explore/lgb_cts_0304C.py:292: SettingWithCopyWarning: 
A value is trying to be set on a copy of a slice from a DataFrame

See the caveats in the documentation: http://pandas.pydata.org/pandas-docs/stable/indexing.html#indexing-view-versus-copy
  train_df[col][~train_df[col].isin(keep)] = np.nan
Length remaining for app : 391
Get common to train and test : channel
Length remaining for channel : 179
Get common to train and test : os
Length remaining for os : 340
Get common to train and test : hour
Length remaining for hour : 10
Get common to train and test : device
Length remaining for device : 1662
[2156.801159143448] Data split complete
train size:  184200999
valid size:  10000
test size :  18790469
**************************************************
['click_sec_lead_shift2', 'app', 'same_next_app', 'click_sec_lead_os', 'click_sec_lag_app', 'unique_app_ipdevosmin', 'ip_channel_entropy', 'ip_click_min_entropy', 'qty_chl', 'click_sec_lead_sameappchl', 'device', 'qty', 'ip_app_entropy', 'ip_device_entropy', 'prevhour_qty', 'prevday_qty', 'click_sec_lag_os', 'ip_app_count', 'click_sec_lead_app', 'click_sec_lag_chl', 'os', 'hour', 'ip_app_os_count', 'same_next_chl', 'click_sec_lead_chl', 'ip_click_hr_entropy', 'ip', 'click_sec_lead_split_sec', 'ip_os_entropy', 'channel']
**************************************************
['app', 'device', 'os', 'channel', 'hour']
**************************************************
[2176.121513366699] Drop features complete
train size:  184200999
valid size:  10000
test size :  18790469
[2176.1215994358063] Training...
preparing validation datasets
/home/ubuntu/anaconda3/lib/python3.6/site-packages/lightgbm/basic.py:1036: UserWarning: Using categorical_feature in Dataset.
  warnings.warn('Using categorical_feature in Dataset.')
/home/ubuntu/anaconda3/lib/python3.6/site-packages/lightgbm/basic.py:681: UserWarning: categorical_feature in param dict is overrided.
  warnings.warn('categorical_feature in param dict is overrided.')
Training until validation scores don't improve for 1000 rounds.
[10]	train's auc: 0.963828	valid's auc: 1
[20]	train's auc: 0.971957	valid's auc: 1
[30]	train's auc: 0.974435	valid's auc: 1
[40]	train's auc: 0.976125	valid's auc: 1
[50]	train's auc: 0.97826	valid's auc: 1
[60]	train's auc: 0.979802	valid's auc: 1
[70]	train's auc: 0.980753	valid's auc: 1
[80]	train's auc: 0.981408	valid's auc: 1
[90]	train's auc: 0.981755	valid's auc: 1
[100]	train's auc: 0.982141	valid's auc: 1
[110]	train's auc: 0.982418	valid's auc: 1
[120]	train's auc: 0.982681	valid's auc: 1
[130]	train's auc: 0.982902	valid's auc: 1
[140]	train's auc: 0.983071	valid's auc: 1
[150]	train's auc: 0.983224	valid's auc: 1
[160]	train's auc: 0.983388	valid's auc: 1
[170]	train's auc: 0.983535	valid's auc: 1
[180]	train's auc: 0.983691	valid's auc: 1
[190]	train's auc: 0.983791	valid's auc: 1
[200]	train's auc: 0.98392	valid's auc: 1
[210]	train's auc: 0.984042	valid's auc: 1
[220]	train's auc: 0.984141	valid's auc: 1
[230]	train's auc: 0.984265	valid's auc: 1
[240]	train's auc: 0.984341	valid's auc: 1
[250]	train's auc: 0.984419	valid's auc: 1
[260]	train's auc: 0.984489	valid's auc: 1
[270]	train's auc: 0.984555	valid's auc: 1
[280]	train's auc: 0.984614	valid's auc: 1
[290]	train's auc: 0.984678	valid's auc: 1
[300]	train's auc: 0.984739	valid's auc: 1
[310]	train's auc: 0.984815	valid's auc: 1
[320]	train's auc: 0.984865	valid's auc: 1
[330]	train's auc: 0.984921	valid's auc: 1
[340]	train's auc: 0.984964	valid's auc: 1
[350]	train's auc: 0.985006	valid's auc: 1
[360]	train's auc: 0.985044	valid's auc: 1
[370]	train's auc: 0.985094	valid's auc: 1
[380]	train's auc: 0.985132	valid's auc: 1
[390]	train's auc: 0.985176	valid's auc: 1
[400]	train's auc: 0.985211	valid's auc: 1
[410]	train's auc: 0.985258	valid's auc: 1
[420]	train's auc: 0.985288	valid's auc: 1
[430]	train's auc: 0.985329	valid's auc: 1
[440]	train's auc: 0.985367	valid's auc: 1
[450]	train's auc: 0.985403	valid's auc: 1
[460]	train's auc: 0.985434	valid's auc: 1
[470]	train's auc: 0.985464	valid's auc: 1
[480]	train's auc: 0.985494	valid's auc: 1
[490]	train's auc: 0.985526	valid's auc: 1
[500]	train's auc: 0.98555	valid's auc: 1
[510]	train's auc: 0.985585	valid's auc: 1
[520]	train's auc: 0.985616	valid's auc: 1
[530]	train's auc: 0.985641	valid's auc: 1
[540]	train's auc: 0.985665	valid's auc: 1
[550]	train's auc: 0.985697	valid's auc: 1
[560]	train's auc: 0.985719	valid's auc: 1
[570]	train's auc: 0.985742	valid's auc: 1
[580]	train's auc: 0.985764	valid's auc: 1
[590]	train's auc: 0.985786	valid's auc: 1
[600]	train's auc: 0.985808	valid's auc: 1
[610]	train's auc: 0.985827	valid's auc: 1
[620]	train's auc: 0.985848	valid's auc: 1
[630]	train's auc: 0.98587	valid's auc: 1
[640]	train's auc: 0.985889	valid's auc: 1
[650]	train's auc: 0.98591	valid's auc: 1
[660]	train's auc: 0.985926	valid's auc: 1
[670]	train's auc: 0.98594	valid's auc: 1
[680]	train's auc: 0.985958	valid's auc: 1
[690]	train's auc: 0.985973	valid's auc: 1
[700]	train's auc: 0.985997	valid's auc: 1
[710]	train's auc: 0.986013	valid's auc: 1
[720]	train's auc: 0.986028	valid's auc: 1
[730]	train's auc: 0.986042	valid's auc: 1
[740]	train's auc: 0.986058	valid's auc: 1
[750]	train's auc: 0.986072	valid's auc: 1
[760]	train's auc: 0.986098	valid's auc: 1
[770]	train's auc: 0.986113	valid's auc: 1
[780]	train's auc: 0.986128	valid's auc: 1
[790]	train's auc: 0.986149	valid's auc: 1
[800]	train's auc: 0.986164	valid's auc: 1
[810]	train's auc: 0.98618	valid's auc: 1
[820]	train's auc: 0.986192	valid's auc: 1
[830]	train's auc: 0.986207	valid's auc: 1
[840]	train's auc: 0.986221	valid's auc: 1
[850]	train's auc: 0.986232	valid's auc: 1
[860]	train's auc: 0.986242	valid's auc: 1
[870]	train's auc: 0.986258	valid's auc: 1
[880]	train's auc: 0.986273	valid's auc: 1
[890]	train's auc: 0.986287	valid's auc: 1
[900]	train's auc: 0.986303	valid's auc: 1
[910]	train's auc: 0.986315	valid's auc: 1
[920]	train's auc: 0.986326	valid's auc: 1
[930]	train's auc: 0.98634	valid's auc: 1
[940]	train's auc: 0.986351	valid's auc: 1
[950]	train's auc: 0.98636	valid's auc: 1
[960]	train's auc: 0.986368	valid's auc: 1
[970]	train's auc: 0.986377	valid's auc: 1
[980]	train's auc: 0.986389	valid's auc: 1
[990]	train's auc: 0.986405	valid's auc: 1
[1000]	train's auc: 0.986413	valid's auc: 1
Did not meet early stopping. Best iteration is:
[1000]	train's auc: 0.986413	valid's auc: 1

Model Report
n_estimators :  1000
auc: 1.0
                         feat   imp
0                     channel  1282
1                         app  1154
2                          os   751
3    click_sec_lead_split_sec   341
4                ip_app_count   191
5                        hour   187
6               ip_os_entropy   179
7           ip_device_entropy   153
8          ip_channel_entropy   148
9       unique_app_ipdevosmin   146
10       ip_click_min_entropy   146
11        ip_click_hr_entropy   134
12                        qty   127
13         click_sec_lead_app   118
14      click_sec_lead_shift2   116
15                    qty_chl   112
16             ip_app_entropy   110
17                     device    87
18          click_sec_lag_app    83
19            ip_app_os_count    72
20                         ip    67
21          click_sec_lead_os    57
22               prevhour_qty    56
23                prevday_qty    50
24           click_sec_lag_os    40
25         click_sec_lead_chl    33
26          click_sec_lag_chl    17
27              same_next_chl    17
28              same_next_app    17
29  click_sec_lead_sameappchl     9
Predicting...
writing...
done...
<class 'pandas.core.frame.DataFrame'>
Int64Index: 18790469 entries, 184903890 to 203694358
Data columns (total 2 columns):
click_id         int64
is_attributed    float64
dtypes: float64(1), int64(1)
memory usage: 430.1 MB
None
