nohup: ignoring input
neural network....
Using TensorFlow backend.
load train....
[3.123283386230469e-05] Load Train
[140.4528453350067] Load Test
[156.2450931072235] Load Lead/Lag Features
Transform col : click_sec_lead
Transform col : click_sec_lag
[348.99673795700073] Load Lead/Lag Split Sec Features
Transform col : click_sec_lead_split_sec
[470.9959545135498] Load Lead Count next period
Transform col : count_in_next_hr
Transform col : count_in_next_ten_mins
[618.5734097957611] Load Previous Day Clicks
Transform col : qty
Transform col : prevday_qty
Transform col : prevhour_qty
[967.1794829368591] Load Entropy Features
[974.9231419563293] Concat Features
[987.3844220638275] Add entropy
[1098.3391270637512] hour, day, wday....
[1278.3612160682678] grouping by ip-day-hour combination
[1687.6681680679321] group by ip-app combination
[1881.2896375656128] group by ip-app-os combination
[2164.045884370804] vars and data type....
Transform col : qty
Transform col : ip_app_count
Transform col : ip_app_os_count
[2766.8122067451477] Split train/val
[2783.7615101337433] Create model
WARNING:tensorflow:From /home/ubuntu/anaconda3/lib/python3.6/site-packages/tensorflow/python/util/deprecation.py:497: calling conv1d (from tensorflow.python.ops.nn_ops) with data_format=NHWC is deprecated and will be removed in a future version.
Instructions for updating:
`NHWC` for data_format is deprecated, use `NWC` instead
__________________________________________________________________________________________________
Layer (type)                    Output Shape         Param #     Connected to                     
==================================================================================================
click_sec_lead_bins (InputLayer (None, 1)            0                                            
__________________________________________________________________________________________________
click_sec_lag_bins (InputLayer) (None, 1)            0                                            
__________________________________________________________________________________________________
click_sec_lead_split_sec_bins ( (None, 1)            0                                            
__________________________________________________________________________________________________
count_in_next_hr_bins (InputLay (None, 1)            0                                            
__________________________________________________________________________________________________
count_in_next_ten_mins_bins (In (None, 1)            0                                            
__________________________________________________________________________________________________
qty_bins (InputLayer)           (None, 1)            0                                            
__________________________________________________________________________________________________
ip_app_count_bins (InputLayer)  (None, 1)            0                                            
__________________________________________________________________________________________________
ip_app_os_count_bins (InputLaye (None, 1)            0                                            
__________________________________________________________________________________________________
app (InputLayer)                (None, 1)            0                                            
__________________________________________________________________________________________________
channel (InputLayer)            (None, 1)            0                                            
__________________________________________________________________________________________________
device (InputLayer)             (None, 1)            0                                            
__________________________________________________________________________________________________
os (InputLayer)                 (None, 1)            0                                            
__________________________________________________________________________________________________
hour (InputLayer)               (None, 1)            0                                            
__________________________________________________________________________________________________
emb_click_sec_lead_bins (Embedd (None, 1, 300)       18600       click_sec_lead_bins[0][0]        
__________________________________________________________________________________________________
emb_click_sec_lag_bins (Embeddi (None, 1, 300)       18600       click_sec_lag_bins[0][0]         
__________________________________________________________________________________________________
emb_click_sec_lead_split_sec_bi (None, 1, 300)       60600       click_sec_lead_split_sec_bins[0][
__________________________________________________________________________________________________
emb_count_in_next_hr_bins (Embe (None, 1, 300)       5700        count_in_next_hr_bins[0][0]      
__________________________________________________________________________________________________
emb_count_in_next_ten_mins_bins (None, 1, 300)       3300        count_in_next_ten_mins_bins[0][0]
__________________________________________________________________________________________________
emb_qty_bins (Embedding)        (None, 1, 300)       18000       qty_bins[0][0]                   
__________________________________________________________________________________________________
emb_ip_app_count_bins (Embeddin (None, 1, 300)       18000       ip_app_count_bins[0][0]          
__________________________________________________________________________________________________
emb_ip_app_os_count_bins (Embed (None, 1, 300)       16200       ip_app_os_count_bins[0][0]       
__________________________________________________________________________________________________
emb_app (Embedding)             (None, 1, 200)       153800      app[0][0]                        
__________________________________________________________________________________________________
emb_channel (Embedding)         (None, 1, 200)       100200      channel[0][0]                    
__________________________________________________________________________________________________
emb_device (Embedding)          (None, 1, 200)       845600      device[0][0]                     
__________________________________________________________________________________________________
emb_os (Embedding)              (None, 1, 200)       191400      os[0][0]                         
__________________________________________________________________________________________________
emb_hour (Embedding)            (None, 1, 200)       4800        hour[0][0]                       
__________________________________________________________________________________________________
emb_sum_binned_cols (Lambda)    (None, 1, 300)       0           emb_click_sec_lead_bins[0][0]    
                                                                 emb_click_sec_lag_bins[0][0]     
                                                                 emb_click_sec_lead_split_sec_bins
                                                                 emb_count_in_next_hr_bins[0][0]  
                                                                 emb_count_in_next_ten_mins_bins[0
                                                                 emb_qty_bins[0][0]               
                                                                 emb_ip_app_count_bins[0][0]      
                                                                 emb_ip_app_os_count_bins[0][0]   
__________________________________________________________________________________________________
concatenate_1 (Concatenate)     (None, 1, 1300)      0           emb_app[0][0]                    
                                                                 emb_channel[0][0]                
                                                                 emb_device[0][0]                 
                                                                 emb_os[0][0]                     
                                                                 emb_hour[0][0]                   
                                                                 emb_sum_binned_cols[0][0]        
__________________________________________________________________________________________________
spatial_dropout1d_1 (SpatialDro (None, 1, 1300)      0           concatenate_1[0][0]              
__________________________________________________________________________________________________
conv1d_1 (Conv1D)               (None, 1, 200)       1040200     spatial_dropout1d_1[0][0]        
__________________________________________________________________________________________________
flatten_1 (Flatten)             (None, 1300)         0           spatial_dropout1d_1[0][0]        
__________________________________________________________________________________________________
flatten_2 (Flatten)             (None, 200)          0           conv1d_1[0][0]                   
__________________________________________________________________________________________________
ip_device_entropy (InputLayer)  (None, 1)            0                                            
__________________________________________________________________________________________________
ip_os_entropy (InputLayer)      (None, 1)            0                                            
__________________________________________________________________________________________________
ip_app_entropy (InputLayer)     (None, 1)            0                                            
__________________________________________________________________________________________________
ip_channel_entropy (InputLayer) (None, 1)            0                                            
__________________________________________________________________________________________________
ip_click_hr_entropy (InputLayer (None, 1)            0                                            
__________________________________________________________________________________________________
ip_click_min_entropy (InputLaye (None, 1)            0                                            
__________________________________________________________________________________________________
click_sec_lead_scale (InputLaye (None, 1)            0                                            
__________________________________________________________________________________________________
click_sec_lag_scale (InputLayer (None, 1)            0                                            
__________________________________________________________________________________________________
click_sec_lead_split_sec_scale  (None, 1)            0                                            
__________________________________________________________________________________________________
count_in_next_hr_scale (InputLa (None, 1)            0                                            
__________________________________________________________________________________________________
count_in_next_ten_mins_scale (I (None, 1)            0                                            
__________________________________________________________________________________________________
qty_scale (InputLayer)          (None, 1)            0                                            
__________________________________________________________________________________________________
ip_app_count_scale (InputLayer) (None, 1)            0                                            
__________________________________________________________________________________________________
ip_app_os_count_scale (InputLay (None, 1)            0                                            
__________________________________________________________________________________________________
concatenate_2 (Concatenate)     (None, 1514)         0           flatten_1[0][0]                  
                                                                 flatten_2[0][0]                  
                                                                 ip_device_entropy[0][0]          
                                                                 ip_os_entropy[0][0]              
                                                                 ip_app_entropy[0][0]             
                                                                 ip_channel_entropy[0][0]         
                                                                 ip_click_hr_entropy[0][0]        
                                                                 ip_click_min_entropy[0][0]       
                                                                 click_sec_lead_scale[0][0]       
                                                                 click_sec_lag_scale[0][0]        
                                                                 click_sec_lead_split_sec_scale[0]
                                                                 count_in_next_hr_scale[0][0]     
                                                                 count_in_next_ten_mins_scale[0][0
                                                                 qty_scale[0][0]                  
                                                                 ip_app_count_scale[0][0]         
                                                                 ip_app_os_count_scale[0][0]      
__________________________________________________________________________________________________
dense_1 (Dense)                 (None, 1000)         1515000     concatenate_2[0][0]              
__________________________________________________________________________________________________
dropout_1 (Dropout)             (None, 1000)         0           dense_1[0][0]                    
__________________________________________________________________________________________________
dense_2 (Dense)                 (None, 100)          100100      dropout_1[0][0]                  
__________________________________________________________________________________________________
dropout_2 (Dropout)             (None, 100)          0           dense_2[0][0]                    
__________________________________________________________________________________________________
dense_3 (Dense)                 (None, 1)            101         dropout_2[0][0]                  
==================================================================================================
Total params: 4,110,201
Trainable params: 4,110,201
Non-trainable params: 0
__________________________________________________________________________________________________
[2802.566202878952] Start fitting
Epoch 1/1
2018-04-15 06:09:42.056483: I tensorflow/core/platform/cpu_feature_guard.cc:140] Your CPU supports instructions that this TensorFlow binary was not compiled to use: AVX2 FMA
2018-04-15 06:09:44.780295: I tensorflow/stream_executor/cuda/cuda_gpu_executor.cc:898] successful NUMA node read from SysFS had negative value (-1), but there must be at least one NUMA node, so returning NUMA node zero
2018-04-15 06:09:44.782362: I tensorflow/core/common_runtime/gpu/gpu_device.cc:1344] Found device 0 with properties: 
name: Tesla K80 major: 3 minor: 7 memoryClockRate(GHz): 0.8235
pciBusID: 0000:00:1e.0
totalMemory: 11.17GiB freeMemory: 11.10GiB
2018-04-15 06:09:44.782391: I tensorflow/core/common_runtime/gpu/gpu_device.cc:1423] Adding visible gpu devices: 0
2018-04-15 06:09:46.780247: I tensorflow/core/common_runtime/gpu/gpu_device.cc:911] Device interconnect StreamExecutor with strength 1 edge matrix:
2018-04-15 06:09:46.780298: I tensorflow/core/common_runtime/gpu/gpu_device.cc:917]      0 
2018-04-15 06:09:46.780309: I tensorflow/core/common_runtime/gpu/gpu_device.cc:930] 0:   N 
2018-04-15 06:09:46.781931: I tensorflow/core/common_runtime/gpu/gpu_device.cc:1041] Created TensorFlow device (/job:localhost/replica:0/task:0/device:GPU:0 with 10765 MB memory) -> physical GPU (device: 0, name: Tesla K80, pci bus id: 0000:00:1e.0, compute capability: 3.7)
 - 3423s - loss: 0.0014 - acc: 0.9868
Epoch 1/1
 - 3405s - loss: 0.0013 - acc: 0.9879
Epoch 1/1
 - 3406s - loss: 0.0013 - acc: 0.9879
[13336.294263839722] Predicting
Epoch 1/1
 - 3405s - loss: 0.0013 - acc: 0.9881
[16965.42036962509] Predicting
Epoch 1/1
 - 3406s - loss: 0.0013 - acc: 0.9882
[20594.93491625786] Predicting
Epoch 1/1
 - 3405s - loss: 0.0013 - acc: 0.9882
[24224.252193927765] Predicting
Epoch 1/1
 - 3407s - loss: 0.0013 - acc: 0.9883
[27855.300743341446] Predicting
Epoch 1/1
 - 3406s - loss: 0.0013 - acc: 0.9883
[31485.328966856003] Predicting
Epoch 1/1
 - 3406s - loss: 0.0013 - acc: 0.9883
[35115.56564116478] Predicting
Epoch 1/1
 - 3404s - loss: 0.0013 - acc: 0.9883
[38743.48141336441] Predicting
[38868.15793585777] Build sub and write
<class 'pandas.core.frame.DataFrame'>
Int64Index: 18790469 entries, 184903890 to 203694358
Data columns (total 2 columns):
click_id         int32
is_attributed    float32
dtypes: float32(1), int32(1)
memory usage: 286.7 MB
None
[39069.447934389114] All done ...
