nohup: ignoring input
neural network....
Using TensorFlow backend.
load train....
[2.5033950805664062e-05] Load Train
[34.25530791282654] Load Test
[45.76952886581421] Load Lead/Lag Features
Transform col : click_sec_lead
Transform col : click_sec_lag
[126.08925104141235] Load Lead/Lag Split Sec Features
Transform col : click_sec_lead_split_sec
[175.5619945526123] Load Lead Count next period
Transform col : count_in_next_hr
Transform col : count_in_next_ten_mins
[236.6378529071808] Load Previous Day Clicks
Transform col : qty
Transform col : prevday_qty
Transform col : prevhour_qty
[355.76513719558716] Load Entropy Features
[358.13059401512146] Concat Features
[360.9812445640564] Add entropy
[389.79515743255615] hour, day, wday....
[458.8576421737671] grouping by ip-day-hour combination
[506.5503056049347] group by ip-app combination
[562.5041723251343] group by ip-app-os combination
[645.5021915435791] vars and data type....
Transform col : qty
Transform col : ip_app_count
Transform col : ip_app_os_count
[808.5459258556366] Split train/val
[811.9234354496002] Create model
WARNING:tensorflow:From /home/ubuntu/anaconda3/lib/python3.6/site-packages/tensorflow/python/util/deprecation.py:497: calling conv1d (from tensorflow.python.ops.nn_ops) with data_format=NHWC is deprecated and will be removed in a future version.
Instructions for updating:
`NHWC` for data_format is deprecated, use `NWC` instead
__________________________________________________________________________________________________
Layer (type)                    Output Shape         Param #     Connected to                     
==================================================================================================
click_sec_lead_bins (InputLayer (None, 1)            0                                            
__________________________________________________________________________________________________
click_sec_lag_bins (InputLayer) (None, 1)            0                                            
__________________________________________________________________________________________________
click_sec_lead_split_sec_bins ( (None, 1)            0                                            
__________________________________________________________________________________________________
count_in_next_hr_bins (InputLay (None, 1)            0                                            
__________________________________________________________________________________________________
count_in_next_ten_mins_bins (In (None, 1)            0                                            
__________________________________________________________________________________________________
qty_bins (InputLayer)           (None, 1)            0                                            
__________________________________________________________________________________________________
ip_app_count_bins (InputLayer)  (None, 1)            0                                            
__________________________________________________________________________________________________
ip_app_os_count_bins (InputLaye (None, 1)            0                                            
__________________________________________________________________________________________________
app (InputLayer)                (None, 1)            0                                            
__________________________________________________________________________________________________
channel (InputLayer)            (None, 1)            0                                            
__________________________________________________________________________________________________
device (InputLayer)             (None, 1)            0                                            
__________________________________________________________________________________________________
os (InputLayer)                 (None, 1)            0                                            
__________________________________________________________________________________________________
hour (InputLayer)               (None, 1)            0                                            
__________________________________________________________________________________________________
emb_click_sec_lead_bins (Embedd (None, 1, 100)       6200        click_sec_lead_bins[0][0]        
__________________________________________________________________________________________________
emb_click_sec_lag_bins (Embeddi (None, 1, 100)       6200        click_sec_lag_bins[0][0]         
__________________________________________________________________________________________________
emb_click_sec_lead_split_sec_bi (None, 1, 100)       20200       click_sec_lead_split_sec_bins[0][
__________________________________________________________________________________________________
emb_count_in_next_hr_bins (Embe (None, 1, 100)       2000        count_in_next_hr_bins[0][0]      
__________________________________________________________________________________________________
emb_count_in_next_ten_mins_bins (None, 1, 100)       1100        count_in_next_ten_mins_bins[0][0]
__________________________________________________________________________________________________
emb_qty_bins (Embedding)        (None, 1, 100)       6000        qty_bins[0][0]                   
__________________________________________________________________________________________________
emb_ip_app_count_bins (Embeddin (None, 1, 100)       6000        ip_app_count_bins[0][0]          
__________________________________________________________________________________________________
emb_ip_app_os_count_bins (Embed (None, 1, 100)       4800        ip_app_os_count_bins[0][0]       
__________________________________________________________________________________________________
emb_app (Embedding)             (None, 1, 200)       153800      app[0][0]                        
__________________________________________________________________________________________________
emb_channel (Embedding)         (None, 1, 200)       100200      channel[0][0]                    
__________________________________________________________________________________________________
emb_device (Embedding)          (None, 1, 200)       844800      device[0][0]                     
__________________________________________________________________________________________________
emb_os (Embedding)              (None, 1, 200)       191000      os[0][0]                         
__________________________________________________________________________________________________
emb_hour (Embedding)            (None, 1, 200)       4800        hour[0][0]                       
__________________________________________________________________________________________________
emb_sum_binned_cols (Lambda)    (None, 1, 100)       0           emb_click_sec_lead_bins[0][0]    
                                                                 emb_click_sec_lag_bins[0][0]     
                                                                 emb_click_sec_lead_split_sec_bins
                                                                 emb_count_in_next_hr_bins[0][0]  
                                                                 emb_count_in_next_ten_mins_bins[0
                                                                 emb_qty_bins[0][0]               
                                                                 emb_ip_app_count_bins[0][0]      
                                                                 emb_ip_app_os_count_bins[0][0]   
__________________________________________________________________________________________________
emb_sum_cat_cols (Lambda)       (None, 1, 200)       0           emb_app[0][0]                    
                                                                 emb_channel[0][0]                
                                                                 emb_device[0][0]                 
                                                                 emb_os[0][0]                     
                                                                 emb_hour[0][0]                   
__________________________________________________________________________________________________
concatenate_1 (Concatenate)     (None, 1, 300)       0           emb_sum_binned_cols[0][0]        
                                                                 emb_sum_cat_cols[0][0]           
__________________________________________________________________________________________________
spatial_dropout1d_1 (SpatialDro (None, 1, 300)       0           concatenate_1[0][0]              
__________________________________________________________________________________________________
conv1d_1 (Conv1D)               (None, 1, 200)       240200      spatial_dropout1d_1[0][0]        
__________________________________________________________________________________________________
flatten_1 (Flatten)             (None, 300)          0           spatial_dropout1d_1[0][0]        
__________________________________________________________________________________________________
flatten_2 (Flatten)             (None, 200)          0           conv1d_1[0][0]                   
__________________________________________________________________________________________________
ip_device_entropy (InputLayer)  (None, 1)            0                                            
__________________________________________________________________________________________________
ip_os_entropy (InputLayer)      (None, 1)            0                                            
__________________________________________________________________________________________________
ip_app_entropy (InputLayer)     (None, 1)            0                                            
__________________________________________________________________________________________________
ip_channel_entropy (InputLayer) (None, 1)            0                                            
__________________________________________________________________________________________________
ip_click_hr_entropy (InputLayer (None, 1)            0                                            
__________________________________________________________________________________________________
ip_click_min_entropy (InputLaye (None, 1)            0                                            
__________________________________________________________________________________________________
click_sec_lead_scale (InputLaye (None, 1)            0                                            
__________________________________________________________________________________________________
click_sec_lag_scale (InputLayer (None, 1)            0                                            
__________________________________________________________________________________________________
click_sec_lead_split_sec_scale  (None, 1)            0                                            
__________________________________________________________________________________________________
count_in_next_hr_scale (InputLa (None, 1)            0                                            
__________________________________________________________________________________________________
count_in_next_ten_mins_scale (I (None, 1)            0                                            
__________________________________________________________________________________________________
qty_scale (InputLayer)          (None, 1)            0                                            
__________________________________________________________________________________________________
ip_app_count_scale (InputLayer) (None, 1)            0                                            
__________________________________________________________________________________________________
ip_app_os_count_scale (InputLay (None, 1)            0                                            
__________________________________________________________________________________________________
concatenate_2 (Concatenate)     (None, 514)          0           flatten_1[0][0]                  
                                                                 flatten_2[0][0]                  
                                                                 ip_device_entropy[0][0]          
                                                                 ip_os_entropy[0][0]              
                                                                 ip_app_entropy[0][0]             
                                                                 ip_channel_entropy[0][0]         
                                                                 ip_click_hr_entropy[0][0]        
                                                                 ip_click_min_entropy[0][0]       
                                                                 click_sec_lead_scale[0][0]       
                                                                 click_sec_lag_scale[0][0]        
                                                                 click_sec_lead_split_sec_scale[0]
                                                                 count_in_next_hr_scale[0][0]     
                                                                 count_in_next_ten_mins_scale[0][0
                                                                 qty_scale[0][0]                  
                                                                 ip_app_count_scale[0][0]         
                                                                 ip_app_os_count_scale[0][0]      
__________________________________________________________________________________________________
dense_1 (Dense)                 (None, 1000)         515000      concatenate_2[0][0]              
__________________________________________________________________________________________________
dropout_1 (Dropout)             (None, 1000)         0           dense_1[0][0]                    
__________________________________________________________________________________________________
dense_2 (Dense)                 (None, 100)          100100      dropout_1[0][0]                  
__________________________________________________________________________________________________
dropout_2 (Dropout)             (None, 100)          0           dense_2[0][0]                    
__________________________________________________________________________________________________
dense_3 (Dense)                 (None, 1)            101         dropout_2[0][0]                  
==================================================================================================
Total params: 2,202,501
Trainable params: 2,202,501
Non-trainable params: 0
__________________________________________________________________________________________________
[818.2961885929108] Start fitting
Train on 62080001 samples, validate on 20870003 samples
Epoch 1/1
2018-04-14 16:07:20.248583: I tensorflow/core/platform/cpu_feature_guard.cc:140] Your CPU supports instructions that this TensorFlow binary was not compiled to use: AVX2 FMA
2018-04-14 16:07:22.981445: I tensorflow/stream_executor/cuda/cuda_gpu_executor.cc:898] successful NUMA node read from SysFS had negative value (-1), but there must be at least one NUMA node, so returning NUMA node zero
2018-04-14 16:07:22.981774: I tensorflow/core/common_runtime/gpu/gpu_device.cc:1344] Found device 0 with properties: 
name: Tesla K80 major: 3 minor: 7 memoryClockRate(GHz): 0.8235
pciBusID: 0000:00:1e.0
totalMemory: 11.17GiB freeMemory: 11.10GiB
2018-04-14 16:07:22.981795: I tensorflow/core/common_runtime/gpu/gpu_device.cc:1423] Adding visible gpu devices: 0
2018-04-14 16:07:23.179392: I tensorflow/core/common_runtime/gpu/gpu_device.cc:911] Device interconnect StreamExecutor with strength 1 edge matrix:
2018-04-14 16:07:23.179436: I tensorflow/core/common_runtime/gpu/gpu_device.cc:917]      0 
2018-04-14 16:07:23.179446: I tensorflow/core/common_runtime/gpu/gpu_device.cc:930] 0:   N 
2018-04-14 16:07:23.179710: I tensorflow/core/common_runtime/gpu/gpu_device.cc:1041] Created TensorFlow device (/job:localhost/replica:0/task:0/device:GPU:0 with 10765 MB memory) -> physical GPU (device: 0, name: Tesla K80, pci bus id: 0000:00:1e.0, compute capability: 3.7)
 - 598s - loss: 0.0016 - acc: 0.9839 - val_loss: 0.0552 - val_acc: 0.9856
Train on 62080001 samples, validate on 20870003 samples
Epoch 1/1
 - 593s - loss: 0.0013 - acc: 0.9886 - val_loss: 0.0511 - val_acc: 0.9872
Train on 62080001 samples, validate on 20870003 samples
Epoch 1/1
 - 594s - loss: 0.0013 - acc: 0.9888 - val_loss: 0.0528 - val_acc: 0.9870
[3289.7503888607025] Predicting
Auc for all hours in testval : 0.9820314079508023
Train on 62080001 samples, validate on 20870003 samples
Epoch 1/1
 - 593s - loss: 0.0013 - acc: 0.9889 - val_loss: 0.0511 - val_acc: 0.9869
[4183.983273267746] Predicting
Auc for all hours in testval : 0.9821682810777389
[4261.020240068436] Build sub and write
Auc for all hours in testval : 0.9822230743766729
[4498.738149166107] All done ...
