nohup: ignoring input
neural network....
Using TensorFlow backend.
load train....
[2.8133392333984375e-05] Load Train
[33.40995669364929] Load Test
[44.65111207962036] Load Lead/Lag Features
Transform col : click_sec_lead
Transform col : click_sec_lag
[124.57656574249268] Load Lead/Lag Split Sec Features
Transform col : click_sec_lead_split_sec
[173.9062888622284] Load Lead Count next period
Transform col : count_in_next_hr
Transform col : count_in_next_ten_mins
[234.47812223434448] Load Previous Day Clicks
Transform col : qty
Transform col : prevday_qty
Transform col : prevhour_qty
[353.1656472682953] Load Entropy Features
[355.49296283721924] Concat Features
[358.34975504875183] Add entropy
[386.8510994911194] hour, day, wday....
[456.18427062034607] grouping by ip-day-hour combination
[504.05503845214844] group by ip-app combination
[559.916032075882] group by ip-app-os combination
[642.0350606441498] vars and data type....
Transform col : qty
Transform col : ip_app_count
Transform col : ip_app_os_count
[749.4338064193726] Get the outersections and label encode
outsersect cols : app
outsersect cols : device
outsersect cols : os
outsersect cols : channel
outsersect cols : hour
[831.1947832107544] Split train/val
[837.3183608055115] Create model
WARNING:tensorflow:From /home/ubuntu/anaconda3/lib/python3.6/site-packages/tensorflow/python/util/deprecation.py:497: calling conv1d (from tensorflow.python.ops.nn_ops) with data_format=NHWC is deprecated and will be removed in a future version.
Instructions for updating:
`NHWC` for data_format is deprecated, use `NWC` instead
__________________________________________________________________________________________________
Layer (type)                    Output Shape         Param #     Connected to                     
==================================================================================================
click_sec_lead_bins (InputLayer (None, 1)            0                                            
__________________________________________________________________________________________________
click_sec_lag_bins (InputLayer) (None, 1)            0                                            
__________________________________________________________________________________________________
click_sec_lead_split_sec_bins ( (None, 1)            0                                            
__________________________________________________________________________________________________
count_in_next_hr_bins (InputLay (None, 1)            0                                            
__________________________________________________________________________________________________
count_in_next_ten_mins_bins (In (None, 1)            0                                            
__________________________________________________________________________________________________
qty_bins (InputLayer)           (None, 1)            0                                            
__________________________________________________________________________________________________
ip_app_count_bins (InputLayer)  (None, 1)            0                                            
__________________________________________________________________________________________________
ip_app_os_count_bins (InputLaye (None, 1)            0                                            
__________________________________________________________________________________________________
app (InputLayer)                (None, 1)            0                                            
__________________________________________________________________________________________________
channel (InputLayer)            (None, 1)            0                                            
__________________________________________________________________________________________________
device (InputLayer)             (None, 1)            0                                            
__________________________________________________________________________________________________
os (InputLayer)                 (None, 1)            0                                            
__________________________________________________________________________________________________
hour (InputLayer)               (None, 1)            0                                            
__________________________________________________________________________________________________
emb_click_sec_lead_bins (Embedd (None, 1, 100)       6200        click_sec_lead_bins[0][0]        
__________________________________________________________________________________________________
emb_click_sec_lag_bins (Embeddi (None, 1, 100)       6200        click_sec_lag_bins[0][0]         
__________________________________________________________________________________________________
emb_click_sec_lead_split_sec_bi (None, 1, 100)       20200       click_sec_lead_split_sec_bins[0][
__________________________________________________________________________________________________
emb_count_in_next_hr_bins (Embe (None, 1, 100)       2000        count_in_next_hr_bins[0][0]      
__________________________________________________________________________________________________
emb_count_in_next_ten_mins_bins (None, 1, 100)       1100        count_in_next_ten_mins_bins[0][0]
__________________________________________________________________________________________________
emb_qty_bins (Embedding)        (None, 1, 100)       6000        qty_bins[0][0]                   
__________________________________________________________________________________________________
emb_ip_app_count_bins (Embeddin (None, 1, 100)       6000        ip_app_count_bins[0][0]          
__________________________________________________________________________________________________
emb_ip_app_os_count_bins (Embed (None, 1, 100)       4800        ip_app_os_count_bins[0][0]       
__________________________________________________________________________________________________
emb_app (Embedding)             (None, 1, 50)        18800       app[0][0]                        
__________________________________________________________________________________________________
emb_channel (Embedding)         (None, 1, 50)        8750        channel[0][0]                    
__________________________________________________________________________________________________
emb_device (Embedding)          (None, 1, 50)        66200       device[0][0]                     
__________________________________________________________________________________________________
emb_os (Embedding)              (None, 1, 50)        14950       os[0][0]                         
__________________________________________________________________________________________________
emb_hour (Embedding)            (None, 1, 50)        450         hour[0][0]                       
__________________________________________________________________________________________________
emb_sum_binned_cols (Lambda)    (None, 1, 100)       0           emb_click_sec_lead_bins[0][0]    
                                                                 emb_click_sec_lag_bins[0][0]     
                                                                 emb_click_sec_lead_split_sec_bins
                                                                 emb_count_in_next_hr_bins[0][0]  
                                                                 emb_count_in_next_ten_mins_bins[0
                                                                 emb_qty_bins[0][0]               
                                                                 emb_ip_app_count_bins[0][0]      
                                                                 emb_ip_app_os_count_bins[0][0]   
__________________________________________________________________________________________________
concatenate_1 (Concatenate)     (None, 1, 350)       0           emb_app[0][0]                    
                                                                 emb_channel[0][0]                
                                                                 emb_device[0][0]                 
                                                                 emb_os[0][0]                     
                                                                 emb_hour[0][0]                   
                                                                 emb_sum_binned_cols[0][0]        
__________________________________________________________________________________________________
spatial_dropout1d_1 (SpatialDro (None, 1, 350)       0           concatenate_1[0][0]              
__________________________________________________________________________________________________
conv1d_1 (Conv1D)               (None, 1, 200)       280200      spatial_dropout1d_1[0][0]        
__________________________________________________________________________________________________
flatten_1 (Flatten)             (None, 350)          0           spatial_dropout1d_1[0][0]        
__________________________________________________________________________________________________
flatten_2 (Flatten)             (None, 200)          0           conv1d_1[0][0]                   
__________________________________________________________________________________________________
ip_device_entropy (InputLayer)  (None, 1)            0                                            
__________________________________________________________________________________________________
ip_os_entropy (InputLayer)      (None, 1)            0                                            
__________________________________________________________________________________________________
ip_app_entropy (InputLayer)     (None, 1)            0                                            
__________________________________________________________________________________________________
ip_channel_entropy (InputLayer) (None, 1)            0                                            
__________________________________________________________________________________________________
ip_click_hr_entropy (InputLayer (None, 1)            0                                            
__________________________________________________________________________________________________
ip_click_min_entropy (InputLaye (None, 1)            0                                            
__________________________________________________________________________________________________
click_sec_lead_scale (InputLaye (None, 1)            0                                            
__________________________________________________________________________________________________
click_sec_lag_scale (InputLayer (None, 1)            0                                            
__________________________________________________________________________________________________
click_sec_lead_split_sec_scale  (None, 1)            0                                            
__________________________________________________________________________________________________
count_in_next_hr_scale (InputLa (None, 1)            0                                            
__________________________________________________________________________________________________
count_in_next_ten_mins_scale (I (None, 1)            0                                            
__________________________________________________________________________________________________
qty_scale (InputLayer)          (None, 1)            0                                            
__________________________________________________________________________________________________
ip_app_count_scale (InputLayer) (None, 1)            0                                            
__________________________________________________________________________________________________
ip_app_os_count_scale (InputLay (None, 1)            0                                            
__________________________________________________________________________________________________
concatenate_2 (Concatenate)     (None, 564)          0           flatten_1[0][0]                  
                                                                 flatten_2[0][0]                  
                                                                 ip_device_entropy[0][0]          
                                                                 ip_os_entropy[0][0]              
                                                                 ip_app_entropy[0][0]             
                                                                 ip_channel_entropy[0][0]         
                                                                 ip_click_hr_entropy[0][0]        
                                                                 ip_click_min_entropy[0][0]       
                                                                 click_sec_lead_scale[0][0]       
                                                                 click_sec_lag_scale[0][0]        
                                                                 click_sec_lead_split_sec_scale[0]
                                                                 count_in_next_hr_scale[0][0]     
                                                                 count_in_next_ten_mins_scale[0][0
                                                                 qty_scale[0][0]                  
                                                                 ip_app_count_scale[0][0]         
                                                                 ip_app_os_count_scale[0][0]      
__________________________________________________________________________________________________
dense_1 (Dense)                 (None, 1000)         565000      concatenate_2[0][0]              
__________________________________________________________________________________________________
dropout_1 (Dropout)             (None, 1000)         0           dense_1[0][0]                    
__________________________________________________________________________________________________
dense_2 (Dense)                 (None, 100)          100100      dropout_1[0][0]                  
__________________________________________________________________________________________________
dropout_2 (Dropout)             (None, 100)          0           dense_2[0][0]                    
__________________________________________________________________________________________________
dense_3 (Dense)                 (None, 1)            101         dropout_2[0][0]                  
==================================================================================================
Total params: 1,107,051
Trainable params: 1,107,051
Non-trainable params: 0
__________________________________________________________________________________________________
[846.8075132369995] Start fitting
Train on 62080001 samples, validate on 20870003 samples
Epoch 1/1
2018-04-14 14:56:00.269481: I tensorflow/core/platform/cpu_feature_guard.cc:140] Your CPU supports instructions that this TensorFlow binary was not compiled to use: AVX2 FMA
2018-04-14 14:56:02.817917: I tensorflow/stream_executor/cuda/cuda_gpu_executor.cc:898] successful NUMA node read from SysFS had negative value (-1), but there must be at least one NUMA node, so returning NUMA node zero
2018-04-14 14:56:02.818249: I tensorflow/core/common_runtime/gpu/gpu_device.cc:1344] Found device 0 with properties: 
name: Tesla K80 major: 3 minor: 7 memoryClockRate(GHz): 0.8235
pciBusID: 0000:00:1e.0
totalMemory: 11.17GiB freeMemory: 11.10GiB
2018-04-14 14:56:02.818271: I tensorflow/core/common_runtime/gpu/gpu_device.cc:1423] Adding visible gpu devices: 0
2018-04-14 14:56:03.015842: I tensorflow/core/common_runtime/gpu/gpu_device.cc:911] Device interconnect StreamExecutor with strength 1 edge matrix:
2018-04-14 14:56:03.015891: I tensorflow/core/common_runtime/gpu/gpu_device.cc:917]      0 
2018-04-14 14:56:03.015902: I tensorflow/core/common_runtime/gpu/gpu_device.cc:930] 0:   N 
2018-04-14 14:56:03.016174: I tensorflow/core/common_runtime/gpu/gpu_device.cc:1041] Created TensorFlow device (/job:localhost/replica:0/task:0/device:GPU:0 with 10765 MB memory) -> physical GPU (device: 0, name: Tesla K80, pci bus id: 0000:00:1e.0, compute capability: 3.7)
 - 603s - loss: 0.0016 - acc: 0.9835 - val_loss: 0.0537 - val_acc: 0.9863
Train on 62080001 samples, validate on 20870003 samples
Epoch 1/1
 - 598s - loss: 0.0013 - acc: 0.9885 - val_loss: 0.0491 - val_acc: 0.9872
Train on 62080001 samples, validate on 20870003 samples
Epoch 1/1
 - 598s - loss: 0.0013 - acc: 0.9888 - val_loss: 0.0556 - val_acc: 0.9864
[3275.28311920166] Predicting
Auc for all hours in testval : 0.9818041278254999
Train on 62080001 samples, validate on 20870003 samples
Epoch 1/1
 - 598s - loss: 0.0013 - acc: 0.9888 - val_loss: 0.0558 - val_acc: 0.9864
[4159.169386148453] Predicting
Auc for all hours in testval : 0.9817162929403056
