nohup: ignoring input
/home/ubuntu/anaconda3/lib/python3.6/site-packages/sklearn/cross_validation.py:41: DeprecationWarning: This module was deprecated in version 0.18 in favor of the model_selection module into which all the refactored classes and functions are moved. Also note that the interface of the new CV iterators are different from that of this module. This module will be removed in 0.20.
  "This module will be removed in 0.20.", DeprecationWarning)
[9.5367431640625e-06] Load Train
[37.32274293899536] Load Test
[49.83354139328003] Load Features
[226.91520428657532] Load Entropy Features
[227.5271761417389] Load up the kanber features
(62080001, 9)
(20870003, 9)
    X0   X1  X2  X3  X4  X5  X6    X7  X8
0  110   10  23  45  16   9   5  1299  17
1  102    0   7  54  39  12  50     2  31
2  100  236  23  48  27  10  40   944  30
3  115  346  22  52  20   7  11  1138  36
4  121  374  24  63  40  19  33  1899  35
    X0   X1  X2  X3  X4  X5  X6    X7  X8
0  110   10  23  45  16   9   5  1299  17
1  102    0   7  54  39  12  50     2  31
2  100  236  23  48  27  10  40   944  30
3  115  346  22  52  20   7  11  1138  36
4  121  374  24  63  40  19  33  1899  35
           X0    X1  X2   X3  X4   X5  X6     X7  X8
20869998  134  7401  24   79  58   30  47  37046  43
20869999  141  2124  24  151  69  162  20  59943  33
20870000  134    83  24   95  62   37  20  26847  19
20870001   80    17  16   30  19    2  33    858   9
20870002  129  3536  24   72  40   18  33  14244  43
           X0    X1  X2   X3  X4   X5  X6     X7  X8
20869998  134  7401  24   79  58   30  47  37046  43
20869999  141  2124  24  151  69  162  20  59943  33
20870000  134    83  24   95  62   37  20  26847  19
20870001   80    17  16   30  19    2  33    858   9
20870002  129  3536  24   72  40   18  33  14244  43
(62080001, 2)
(20870003, 2)
   nextClick  nextClick_shift
0      73092               11
1      17533            73092
2        656            17533
3       2149              656
4       1517             2149
   nextClick  nextClick_shift
0      73092               11
1      17533            73092
2        656            17533
3       2149              656
4       1517             2149
           nextClick  nextClick_shift
20869998         513            55885
20869999         590              513
20870000         935              590
20870001  1489760397              935
20870002           6       1489760397
           nextClick  nextClick_shift
20869998         513            55885
20869999         590              513
20870000         935              590
20870001  1489760397              935
20870002           6       1489760397
(62080001, 7)
(20870003, 7)
   ip_tcount  ip_tchan_count  ip_app_count  ip_app_os_count  ip_app_os_var  \
0         18       30.346464            86                3       1.000000   
1         23        0.000000           357               75      34.301983   
2        107       39.025642           195               41      38.469513   
3        106       24.722221            79               28      31.739418   
4         29       31.132008          1168              233      43.542252   

   ip_app_channel_var_day  ip_app_channel_mean_hour  
0                1.200000                  8.422222  
1                0.245156                  8.973913  
2                1.209360                  9.310345  
3                1.656605                 10.341772  
4                1.644011                  5.851562  
   ip_tcount  ip_tchan_count  ip_app_count  ip_app_os_count  ip_app_os_var  \
0         18       30.346464            86                3       1.000000   
1         23        0.000000           357               75      34.301983   
2        107       39.025642           195               41      38.469513   
3        106       24.722221            79               28      31.739418   
4         29       31.132008          1168              233      43.542252   

   ip_app_channel_var_day  ip_app_channel_mean_hour  
0                1.200000                  8.422222  
1                0.245156                  8.973913  
2                1.209360                  9.310345  
3                1.656605                 10.341772  
4                1.644011                  5.851562  
          ip_tcount  ip_tchan_count  ip_app_count  ip_app_os_count  \
20869998        722       39.785332          5652             1369   
20869999        873       40.576790          6526              253   
20870000        761       31.959663          3216               10   
20870001         40       15.564102           127                7   
20870002        104      999.000000          2150              510   

          ip_app_os_var  ip_app_channel_var_day  ip_app_channel_mean_hour  
20869998      34.970737                0.259630                 12.617318  
20869999      44.829536                1.404081                 10.016629  
20870000       4.455555                1.350326                 10.864779  
20870001      25.142857                0.000000                  9.250000  
20870002      37.983009              999.000000                 15.000000  
          ip_tcount  ip_tchan_count  ip_app_count  ip_app_os_count  \
20869998        722       39.785332          5652             1369   
20869999        873       40.576790          6526              253   
20870000        761       31.959663          3216               10   
20870001         40       15.564102           127                7   
20870002        104      999.000000          2150              510   

          ip_app_os_var  ip_app_channel_var_day  ip_app_channel_mean_hour  
20869998      34.970737                0.259630                 12.617318  
20869999      44.829536                1.404081                 10.016629  
20870000       4.455555                1.350326                 10.864779  
20870001      25.142857                0.000000                  9.250000  
20870002      37.983009              999.000000                 15.000000  
[231.8448691368103] Finished Loading Features, start concatenate
(62080001, 20)
(20870003, 20)
   click_sec_lead_app  click_sec_lag_app   X0   X1  X2  X3  X4  X5  X6    X7  \
0                -1.0               -1.0  110   10  23  45  16   9   5  1299   
1             17533.0               -1.0  102    0   7  54  39  12  50     2   
2               656.0              466.0  100  236  23  48  27  10  40   944   
3              2149.0             3192.0  115  346  22  52  20   7  11  1138   
4              1517.0             2349.0  121  374  24  63  40  19  33  1899   

   X8  nextClick  nextClick_shift  ip_tcount  ip_tchan_count  ip_app_count  \
0  17      73092               11         18       30.346464            86   
1  31      17533            73092         23        0.000000           357   
2  30        656            17533        107       39.025642           195   
3  36       2149              656        106       24.722221            79   
4  35       1517             2149         29       31.132008          1168   

   ip_app_os_count  ip_app_os_var  ip_app_channel_var_day  \
0                3       1.000000                1.200000   
1               75      34.301983                0.245156   
2               41      38.469513                1.209360   
3               28      31.739418                1.656605   
4              233      43.542252                1.644011   

   ip_app_channel_mean_hour  
0                  8.422222  
1                  8.973913  
2                  9.310345  
3                 10.341772  
4                  5.851562  
   click_sec_lead_app  click_sec_lag_app   X0   X1  X2  X3  X4  X5  X6    X7  \
0                -1.0               -1.0  110   10  23  45  16   9   5  1299   
1             17533.0               -1.0  102    0   7  54  39  12  50     2   
2               656.0              466.0  100  236  23  48  27  10  40   944   
3              2149.0             3192.0  115  346  22  52  20   7  11  1138   
4              1517.0             2349.0  121  374  24  63  40  19  33  1899   

   X8  nextClick  nextClick_shift  ip_tcount  ip_tchan_count  ip_app_count  \
0  17      73092               11         18       30.346464            86   
1  31      17533            73092         23        0.000000           357   
2  30        656            17533        107       39.025642           195   
3  36       2149              656        106       24.722221            79   
4  35       1517             2149         29       31.132008          1168   

   ip_app_os_count  ip_app_os_var  ip_app_channel_var_day  \
0                3       1.000000                1.200000   
1               75      34.301983                0.245156   
2               41      38.469513                1.209360   
3               28      31.739418                1.656605   
4              233      43.542252                1.644011   

   ip_app_channel_mean_hour  
0                  8.422222  
1                  8.973913  
2                  9.310345  
3                 10.341772  
4                  5.851562  
          click_sec_lead_app  click_sec_lag_app   X0    X1  X2   X3  X4   X5  \
20869998                 513              424.0  134  7401  24   79  58   30   
20869999                 590              850.0  141  2124  24  151  69  162   
20870000                 935            86464.0  134    83  24   95  62   37   
20870001                  -1            19145.0   80    17  16   30  19    2   
20870002                   6              864.0  129  3536  24   72  40   18   

          X6     X7  X8   nextClick  nextClick_shift  ip_tcount  \
20869998  47  37046  43         513            55885        722   
20869999  20  59943  33         590              513        873   
20870000  20  26847  19         935              590        761   
20870001  33    858   9  1489760397              935         40   
20870002  33  14244  43           6       1489760397        104   

          ip_tchan_count  ip_app_count  ip_app_os_count  ip_app_os_var  \
20869998       39.785332          5652             1369      34.970737   
20869999       40.576790          6526              253      44.829536   
20870000       31.959663          3216               10       4.455555   
20870001       15.564102           127                7      25.142857   
20870002      999.000000          2150              510      37.983009   

          ip_app_channel_var_day  ip_app_channel_mean_hour  
20869998                0.259630                 12.617318  
20869999                1.404081                 10.016629  
20870000                1.350326                 10.864779  
20870001                0.000000                  9.250000  
20870002              999.000000                 15.000000  
          click_sec_lead_app  click_sec_lag_app   X0    X1  X2   X3  X4   X5  \
20869998                 513              424.0  134  7401  24   79  58   30   
20869999                 590              850.0  141  2124  24  151  69  162   
20870000                 935            86464.0  134    83  24   95  62   37   
20870001                  -1            19145.0   80    17  16   30  19    2   
20870002                   6              864.0  129  3536  24   72  40   18   

          X6     X7  X8   nextClick  nextClick_shift  ip_tcount  \
20869998  47  37046  43         513            55885        722   
20869999  20  59943  33         590              513        873   
20870000  20  26847  19         935              590        761   
20870001  33    858   9  1489760397              935         40   
20870002  33  14244  43           6       1489760397        104   

          ip_tchan_count  ip_app_count  ip_app_os_count  ip_app_os_var  \
20869998       39.785332          5652             1369      34.970737   
20869999       40.576790          6526              253      44.829536   
20870000       31.959663          3216               10       4.455555   
20870001       15.564102           127                7      25.142857   
20870002      999.000000          2150              510      37.983009   

          ip_app_channel_var_day  ip_app_channel_mean_hour  
20869998                0.259630                 12.617318  
20869999                1.404081                 10.016629  
20870000                1.350326                 10.864779  
20870001                0.000000                  9.250000  
20870002              999.000000                 15.000000  
(62080001, 7)
(20870003, 7)
(62080001, 29)
(20870003, 29)
   click_sec_lead_app  click_sec_lag_app   X0   X1  X2  X3  X4  X5  X6    X7  \
0                  -1                 -1  110   10  23  45  16   9   5  1299   
1               17533                 -1  102    0   7  54  39  12  50     2   
2                 656                466  100  236  23  48  27  10  40   944   
3                2149               3192  115  346  22  52  20   7  11  1138   
4                1517               2349  121  374  24  63  40  19  33  1899   

           ...            ip_app_channel_mean_hour  click_sec_lead_split_sec  \
0          ...                                   8             999999.000000   
1          ...                                   8              17533.275391   
2          ...                                   9                656.420776   
3          ...                                  10               2149.581787   
4          ...                                   5               1517.196045   

   click_sec_lead_split_sec_ip_only  cumsum10  cumsum50  click_sec_lead_chl  \
0                       9999.000000         0         0                -1.0   
1                       2386.263184         0         0             31355.0   
2                        656.420776         0         0              3448.0   
3                       2149.581787         0         0              1177.0   
4                       1517.196045         0         0             29499.0   

   click_sec_lag_chl  click_sec_lead_os  click_sec_lag_os  \
0               14.0               16.0               6.0   
1               -1.0                0.0              -1.0   
2              466.0                5.0               0.0   
3             3192.0                6.0               8.0   
4             2349.0                0.0               0.0   

   click_sec_lead_shift2  
0                   -1.0  
1                31355.0  
2                  730.0  
3                 2515.0  
4                 4954.0  

[5 rows x 29 columns]
   click_sec_lead_app  click_sec_lag_app   X0   X1  X2  X3  X4  X5  X6    X7  \
0                  -1                 -1  110   10  23  45  16   9   5  1299   
1               17533                 -1  102    0   7  54  39  12  50     2   
2                 656                466  100  236  23  48  27  10  40   944   
3                2149               3192  115  346  22  52  20   7  11  1138   
4                1517               2349  121  374  24  63  40  19  33  1899   

           ...            ip_app_channel_mean_hour  click_sec_lead_split_sec  \
0          ...                                   8             999999.000000   
1          ...                                   8              17533.275391   
2          ...                                   9                656.420776   
3          ...                                  10               2149.581787   
4          ...                                   5               1517.196045   

   click_sec_lead_split_sec_ip_only  cumsum10  cumsum50  click_sec_lead_chl  \
0                       9999.000000         0         0                -1.0   
1                       2386.263184         0         0             31355.0   
2                        656.420776         0         0              3448.0   
3                       2149.581787         0         0              1177.0   
4                       1517.196045         0         0             29499.0   

   click_sec_lag_chl  click_sec_lead_os  click_sec_lag_os  \
0               14.0               16.0               6.0   
1               -1.0                0.0              -1.0   
2              466.0                5.0               0.0   
3             3192.0                6.0               8.0   
4             2349.0                0.0               0.0   

   click_sec_lead_shift2  
0                   -1.0  
1                31355.0  
2                  730.0  
3                 2515.0  
4                 4954.0  

[5 rows x 29 columns]
          click_sec_lead_app  click_sec_lag_app   X0    X1  X2   X3  X4   X5  \
20869998                 513                424  134  7401  24   79  58   30   
20869999                 590                850  141  2124  24  151  69  162   
20870000                 935              18000  134    83  24   95  62   37   
20870001                  -1              18000   80    17  16   30  19    2   
20870002                   6                864  129  3536  24   72  40   18   

          X6     X7          ...            ip_app_channel_mean_hour  \
20869998  47  18000          ...                                  12   
20869999  20  18000          ...                                  10   
20870000  20  18000          ...                                  10   
20870001  33    858          ...                                   9   
20870002  33  14244          ...                                  15   

          click_sec_lead_split_sec  click_sec_lead_split_sec_ip_only  \
20869998                512.888977                          3.683500   
20869999                589.909180                         23.711100   
20870000                935.049377                         30.399000   
20870001             999999.000000                       1595.973633   
20870002                  6.149900                          6.149900   

          cumsum10  cumsum50  click_sec_lead_chl  click_sec_lag_chl  \
20869998     25586     25586                2134              362.0   
20869999     22803         0                 590              850.0   
20870000         0         0                  -1            86881.0   
20870001         0         0                  -1               -1.0   
20870002     22564         0                  -1               -1.0   

          click_sec_lead_os  click_sec_lag_os  click_sec_lead_shift2  
20869998                281                10                    664  
20869999                216               318                   1485  
20870000                 26                28                     -1  
20870001                  2             15160                     -1  
20870002                  0               690                     -1  

[5 rows x 29 columns]
          click_sec_lead_app  click_sec_lag_app   X0    X1  X2   X3  X4   X5  \
20869998                 513                424  134  7401  24   79  58   30   
20869999                 590                850  141  2124  24  151  69  162   
20870000                 935              18000  134    83  24   95  62   37   
20870001                  -1              18000   80    17  16   30  19    2   
20870002                   6                864  129  3536  24   72  40   18   

          X6     X7          ...            ip_app_channel_mean_hour  \
20869998  47  18000          ...                                  12   
20869999  20  18000          ...                                  10   
20870000  20  18000          ...                                  10   
20870001  33    858          ...                                   9   
20870002  33  14244          ...                                  15   

          click_sec_lead_split_sec  click_sec_lead_split_sec_ip_only  \
20869998                512.888977                          3.683500   
20869999                589.909180                         23.711100   
20870000                935.049377                         30.399000   
20870001             999999.000000                       1595.973633   
20870002                  6.149900                          6.149900   

          cumsum10  cumsum50  click_sec_lead_chl  click_sec_lag_chl  \
20869998     25586     25586                2134              362.0   
20869999     22803         0                 590              850.0   
20870000         0         0                  -1            86881.0   
20870001         0         0                  -1               -1.0   
20870002     22564         0                  -1               -1.0   

          click_sec_lead_os  click_sec_lag_os  click_sec_lead_shift2  
20869998                281                10                    664  
20869999                216               318                   1485  
20870000                 26                28                     -1  
20870001                  2             15160                     -1  
20870002                  0               690                     -1  

[5 rows x 29 columns]
[267.55766201019287] Concat Train/Test
(62080001, 45)
(20870003, 45)
Index(['ip', 'app', 'device', 'os', 'channel', 'click_time', 'is_attributed',
       'click_sec_lead_app', 'click_sec_lag_app', 'X0', 'X1', 'X2', 'X3', 'X4',
       'X5', 'X6', 'X7', 'X8', 'nextClick', 'nextClick_shift', 'ip_tcount',
       'ip_tchan_count', 'ip_app_count', 'ip_app_os_count', 'ip_app_os_var',
       'ip_app_channel_var_day', 'ip_app_channel_mean_hour',
       'click_sec_lead_split_sec', 'click_sec_lead_split_sec_ip_only',
       'cumsum10', 'cumsum50', 'click_sec_lead_chl', 'click_sec_lag_chl',
       'click_sec_lead_os', 'click_sec_lag_os', 'click_sec_lead_shift2',
       'same_next_app', 'same_prev_app', 'same_next_chl', 'same_prev_chl',
       'qty', 'prevday_qty', 'prevhour_qty', 'count_in_next_hr',
       'count_in_next_ten_mins'],
      dtype='object')
Index(['ip', 'app', 'device', 'os', 'channel', 'click_time', 'is_attributed',
       'click_sec_lead_app', 'click_sec_lag_app', 'X0', 'X1', 'X2', 'X3', 'X4',
       'X5', 'X6', 'X7', 'X8', 'nextClick', 'nextClick_shift', 'ip_tcount',
       'ip_tchan_count', 'ip_app_count', 'ip_app_os_count', 'ip_app_os_var',
       'ip_app_channel_var_day', 'ip_app_channel_mean_hour',
       'click_sec_lead_split_sec', 'click_sec_lead_split_sec_ip_only',
       'cumsum10', 'cumsum50', 'click_sec_lead_chl', 'click_sec_lag_chl',
       'click_sec_lead_os', 'click_sec_lag_os', 'click_sec_lead_shift2',
       'same_next_app', 'same_prev_app', 'same_next_chl', 'same_prev_chl',
       'qty', 'prevday_qty', 'prevhour_qty', 'count_in_next_hr',
       'count_in_next_ten_mins'],
      dtype='object')
[296.09084844589233] Time prep
[347.52880811691284] Add entropy
[384.7076234817505] Split data
Device 3032 shape : 0
[412.4172394275665] Get common train and test
Get common to train and test : app
explore/lgb_cts_2204C.py:272: SettingWithCopyWarning: 
A value is trying to be set on a copy of a slice from a DataFrame

See the caveats in the documentation: http://pandas.pydata.org/pandas-docs/stable/indexing.html#indexing-view-versus-copy
  train_df[col][~train_df[col].isin(keep)] = np.nan
Length remaining for app : 376
Get common to train and test : channel
Length remaining for channel : 175
Get common to train and test : os
Length remaining for os : 299
Get common to train and test : hour
Length remaining for hour : 9
Get common to train and test : device
Length remaining for device : 1324
[541.4548919200897] Data split complete
train size:  62080001
valid size:  0
test size :  20870003
**************************************************
['app', 'click_sec_lag_app', 'ip_device_entropy', 'click_sec_lead_chl', 'count_in_next_ten_mins', 'channel', 'ip_app_entropy', 'X7', 'hour', 'ip', 'click_sec_lag_chl', 'X5', 'X4', 'X2', 'X3', 'click_sec_lead_split_sec', 'click_sec_lead_os', 'ip_click_hr_entropy', 'device', 'X6', 'cumsum10', 'click_sec_lead_split_sec_ip_only', 'X1', 'click_sec_lead_shift2', 'nextClick', 'os', 'X0', 'ip_os_entropy', 'ip_channel_entropy', 'X8', 'count_in_next_hr', 'click_sec_lead_app', 'cumsum50', 'ip_click_min_entropy', 'qty', 'nextClick_shift', 'prevhour_qty', 'click_sec_lag_os', 'prevday_qty']
**************************************************
['app', 'device', 'os', 'channel', 'hour']
**************************************************
[541.4675188064575] Drop features complete
train size:  62080001
valid size:  20870003
test size :  20870003
[541.4675920009613] Training...
preparing validation datasets
/home/ubuntu/anaconda3/lib/python3.6/site-packages/lightgbm/basic.py:1036: UserWarning: Using categorical_feature in Dataset.
  warnings.warn('Using categorical_feature in Dataset.')
[LightGBM] [Info] Number of positive: 150942, number of negative: 61929059
[LightGBM] [Info] Total Bins 7686
[LightGBM] [Info] Number of data: 62080001, number of used features: 39
/home/ubuntu/anaconda3/lib/python3.6/site-packages/lightgbm/basic.py:681: UserWarning: categorical_feature in param dict is overrided.
  warnings.warn('categorical_feature in param dict is overrided.')
Training until validation scores don't improve for 100 rounds.
[10]	train's auc: 0.964917	valid's auc: 0.956417
[20]	train's auc: 0.965261	valid's auc: 0.956711
[30]	train's auc: 0.968338	valid's auc: 0.960464
[40]	train's auc: 0.971011	valid's auc: 0.963601
[50]	train's auc: 0.97312	valid's auc: 0.965951
[60]	train's auc: 0.974607	valid's auc: 0.967977
[70]	train's auc: 0.976732	valid's auc: 0.970625
[80]	train's auc: 0.977574	valid's auc: 0.971537
[90]	train's auc: 0.979027	valid's auc: 0.973602
[100]	train's auc: 0.980298	valid's auc: 0.975301
[110]	train's auc: 0.981012	valid's auc: 0.976226
[120]	train's auc: 0.981579	valid's auc: 0.977003
[130]	train's auc: 0.982108	valid's auc: 0.977624
[140]	train's auc: 0.982568	valid's auc: 0.978148
[150]	train's auc: 0.982826	valid's auc: 0.978445
[160]	train's auc: 0.983279	valid's auc: 0.979047
[170]	train's auc: 0.983692	valid's auc: 0.979541
[180]	train's auc: 0.984005	valid's auc: 0.979875
[190]	train's auc: 0.984313	valid's auc: 0.980225
[200]	train's auc: 0.984521	valid's auc: 0.980457
[210]	train's auc: 0.984697	valid's auc: 0.980645
[220]	train's auc: 0.984884	valid's auc: 0.980838
[230]	train's auc: 0.985087	valid's auc: 0.981077
[240]	train's auc: 0.985274	valid's auc: 0.981248
[250]	train's auc: 0.98542	valid's auc: 0.981418
[260]	train's auc: 0.985585	valid's auc: 0.981605
[270]	train's auc: 0.98573	valid's auc: 0.981709
[280]	train's auc: 0.985845	valid's auc: 0.98179
[290]	train's auc: 0.985956	valid's auc: 0.981906
[300]	train's auc: 0.986045	valid's auc: 0.981994
[310]	train's auc: 0.986145	valid's auc: 0.982071
[320]	train's auc: 0.986274	valid's auc: 0.982174
[330]	train's auc: 0.986387	valid's auc: 0.982283
[340]	train's auc: 0.986488	valid's auc: 0.982385
[350]	train's auc: 0.986586	valid's auc: 0.982453
[360]	train's auc: 0.986668	valid's auc: 0.982531
[370]	train's auc: 0.986738	valid's auc: 0.982595
[380]	train's auc: 0.986808	valid's auc: 0.98265
[390]	train's auc: 0.986879	valid's auc: 0.982686
[400]	train's auc: 0.986949	valid's auc: 0.98276
[410]	train's auc: 0.987018	valid's auc: 0.982819
[420]	train's auc: 0.987072	valid's auc: 0.982851
[430]	train's auc: 0.987134	valid's auc: 0.982903
[440]	train's auc: 0.987194	valid's auc: 0.982927
[450]	train's auc: 0.987253	valid's auc: 0.982952
[460]	train's auc: 0.987295	valid's auc: 0.982982
[470]	train's auc: 0.987363	valid's auc: 0.983031
[480]	train's auc: 0.98742	valid's auc: 0.983051
[490]	train's auc: 0.987486	valid's auc: 0.983084
[500]	train's auc: 0.987528	valid's auc: 0.983112
[510]	train's auc: 0.987583	valid's auc: 0.983137
[520]	train's auc: 0.987641	valid's auc: 0.98318
[530]	train's auc: 0.987688	valid's auc: 0.983218
[540]	train's auc: 0.987732	valid's auc: 0.983236
[550]	train's auc: 0.987784	valid's auc: 0.983263
[560]	train's auc: 0.987828	valid's auc: 0.983279
[570]	train's auc: 0.987865	valid's auc: 0.983291
[580]	train's auc: 0.987906	valid's auc: 0.983311
[590]	train's auc: 0.987956	valid's auc: 0.983332
[600]	train's auc: 0.987997	valid's auc: 0.983343
[610]	train's auc: 0.98804	valid's auc: 0.983368
[620]	train's auc: 0.988076	valid's auc: 0.983389
[630]	train's auc: 0.988133	valid's auc: 0.983409
[640]	train's auc: 0.98818	valid's auc: 0.983431
[650]	train's auc: 0.988225	valid's auc: 0.98345
[660]	train's auc: 0.988263	valid's auc: 0.983474
[670]	train's auc: 0.988298	valid's auc: 0.983472
[680]	train's auc: 0.988334	valid's auc: 0.983486
[690]	train's auc: 0.988374	valid's auc: 0.983502
[700]	train's auc: 0.988411	valid's auc: 0.983521
[710]	train's auc: 0.988445	valid's auc: 0.983533
[720]	train's auc: 0.98849	valid's auc: 0.983557
[730]	train's auc: 0.988545	valid's auc: 0.983577
[740]	train's auc: 0.988583	valid's auc: 0.983598
[750]	train's auc: 0.988625	valid's auc: 0.983615
[760]	train's auc: 0.988669	valid's auc: 0.983628
[770]	train's auc: 0.988701	valid's auc: 0.98364
[780]	train's auc: 0.988737	valid's auc: 0.983652
[790]	train's auc: 0.988773	valid's auc: 0.983662
[800]	train's auc: 0.988817	valid's auc: 0.983671
[810]	train's auc: 0.988855	valid's auc: 0.983691
[820]	train's auc: 0.988895	valid's auc: 0.9837
[830]	train's auc: 0.988923	valid's auc: 0.983711
[840]	train's auc: 0.988962	valid's auc: 0.983685
[850]	train's auc: 0.988998	valid's auc: 0.983694
[860]	train's auc: 0.989031	valid's auc: 0.983704
[870]	train's auc: 0.989065	valid's auc: 0.98372
[880]	train's auc: 0.989094	valid's auc: 0.98373
[890]	train's auc: 0.989124	valid's auc: 0.983743
[900]	train's auc: 0.989157	valid's auc: 0.983743
[910]	train's auc: 0.989177	valid's auc: 0.983747
[920]	train's auc: 0.989203	valid's auc: 0.983753
[930]	train's auc: 0.989232	valid's auc: 0.983755
[940]	train's auc: 0.989263	valid's auc: 0.983758
[950]	train's auc: 0.989285	valid's auc: 0.983762
[960]	train's auc: 0.98931	valid's auc: 0.983771
[970]	train's auc: 0.989338	valid's auc: 0.983774
[980]	train's auc: 0.989369	valid's auc: 0.983773
[990]	train's auc: 0.98939	valid's auc: 0.983782
[1000]	train's auc: 0.989417	valid's auc: 0.983793
[1010]	train's auc: 0.989455	valid's auc: 0.983793
[1020]	train's auc: 0.989484	valid's auc: 0.983787
[1030]	train's auc: 0.989515	valid's auc: 0.983791
[1040]	train's auc: 0.98954	valid's auc: 0.983804
[1050]	train's auc: 0.989562	valid's auc: 0.983808
[1060]	train's auc: 0.989586	valid's auc: 0.983815
[1070]	train's auc: 0.989618	valid's auc: 0.983813
[1080]	train's auc: 0.989645	valid's auc: 0.983822
[1090]	train's auc: 0.989668	valid's auc: 0.983825
[1100]	train's auc: 0.989695	valid's auc: 0.98383
[1110]	train's auc: 0.989725	valid's auc: 0.983828
[1120]	train's auc: 0.989754	valid's auc: 0.983828
[1130]	train's auc: 0.989786	valid's auc: 0.983835
[1140]	train's auc: 0.989812	valid's auc: 0.983841
[1150]	train's auc: 0.989833	valid's auc: 0.983846
[1160]	train's auc: 0.98986	valid's auc: 0.983843
[1170]	train's auc: 0.989883	valid's auc: 0.98385
[1180]	train's auc: 0.989914	valid's auc: 0.983851
[1190]	train's auc: 0.989935	valid's auc: 0.983859
[1200]	train's auc: 0.989967	valid's auc: 0.983861
[1210]	train's auc: 0.98999	valid's auc: 0.983864
[1220]	train's auc: 0.990017	valid's auc: 0.983867
[1230]	train's auc: 0.990043	valid's auc: 0.983869
[1240]	train's auc: 0.990067	valid's auc: 0.983874
[1250]	train's auc: 0.990096	valid's auc: 0.983877
[1260]	train's auc: 0.990121	valid's auc: 0.983883
[1270]	train's auc: 0.990141	valid's auc: 0.983887
[1280]	train's auc: 0.990162	valid's auc: 0.983888
[1290]	train's auc: 0.99019	valid's auc: 0.983884
[1300]	train's auc: 0.990211	valid's auc: 0.983886
[1310]	train's auc: 0.990232	valid's auc: 0.983886
[1320]	train's auc: 0.990257	valid's auc: 0.983891
[1330]	train's auc: 0.990282	valid's auc: 0.983901
[1340]	train's auc: 0.99031	valid's auc: 0.983902
[1350]	train's auc: 0.990332	valid's auc: 0.983903
[1360]	train's auc: 0.990359	valid's auc: 0.983901
[1370]	train's auc: 0.990384	valid's auc: 0.983898
[1380]	train's auc: 0.990406	valid's auc: 0.983903
[1390]	train's auc: 0.99043	valid's auc: 0.983906
[1400]	train's auc: 0.990452	valid's auc: 0.983905
[1410]	train's auc: 0.990476	valid's auc: 0.983916
[1420]	train's auc: 0.990504	valid's auc: 0.983916
[1430]	train's auc: 0.990522	valid's auc: 0.983917
[1440]	train's auc: 0.990549	valid's auc: 0.983916
[1450]	train's auc: 0.990574	valid's auc: 0.98392
[1460]	train's auc: 0.990599	valid's auc: 0.983921
[1470]	train's auc: 0.990621	valid's auc: 0.98392
[1480]	train's auc: 0.990642	valid's auc: 0.983922
[1490]	train's auc: 0.990658	valid's auc: 0.983922
[1500]	train's auc: 0.990686	valid's auc: 0.983921
[1510]	train's auc: 0.990707	valid's auc: 0.983915
[1520]	train's auc: 0.990735	valid's auc: 0.983912
[1530]	train's auc: 0.990756	valid's auc: 0.983914
[1540]	train's auc: 0.99078	valid's auc: 0.983913
[1550]	train's auc: 0.990804	valid's auc: 0.983914
[1560]	train's auc: 0.990824	valid's auc: 0.983916
[1570]	train's auc: 0.990841	valid's auc: 0.98392
[1580]	train's auc: 0.990858	valid's auc: 0.983919
Early stopping, best iteration is:
[1484]	train's auc: 0.99065	valid's auc: 0.983923

Model Report
n_estimators :  1484
auc: 0.9839234028321734
                                feat   imp
0                            channel  2254
1                                app  1860
2                                 os  1367
3                                 X1  1082
4                                 X4  1045
5   click_sec_lead_split_sec_ip_only  1031
6                                qty  1026
7                 ip_channel_entropy  1014
8                          nextClick   996
9                ip_click_hr_entropy   980
10                                X6   972
11                                X8   970
12             click_sec_lead_shift2   952
13                                X7   950
14                    ip_app_entropy   944
15              ip_click_min_entropy   940
16                     ip_os_entropy   936
17          click_sec_lead_split_sec   916
18                click_sec_lead_app   908
19                                X0   907
20                 ip_device_entropy   902
21                 click_sec_lag_app   900
22                      prevhour_qty   899
23                 click_sec_lag_chl   897
24                click_sec_lead_chl   895
25                 click_sec_lead_os   883
26                       prevday_qty   860
27                                ip   828
28                                X3   815
29                                X5   768
30                  click_sec_lag_os   685
31                              hour   653
32                   nextClick_shift   615
33                  count_in_next_hr   607
34                          cumsum10   556
35                                X2   495
36                            device   460
37            count_in_next_ten_mins   432
38                          cumsum50   416
Auc for all hours in testval : 0.9839234028321733
Auc for select hours in testval : 0.9683142185661191
writing...
