nohup: ignoring input
+ ' Aa' + df['app'].astype(str)
+ ' Ab' + df['device'].astype(str)
+ ' Ac' + df['os'].astype(str)
+ ' Ad' + df['channel'].astype(str)
+ ' Ae' + df['hour'].astype(str)
+ ' Af' + df['ip'].astype(str)
+ ' Ag' + df['qty'].astype(str)
+ ' Ah' + df['prevday_qty'].astype(str)
+ ' Ai' + df['prevhour_qty'].astype(str)
+ ' Aj' + df['count_in_next_ten_mins'].astype(str)
+ ' Ak' + df['click_sec_lead_chl'].astype(str)
+ ' Al' + df['click_sec_lag_chl'].astype(str)
+ ' Am' + df['click_sec_lead_os'].astype(str)
+ ' An' + df['click_sec_lag_os'].astype(str)
+ ' Ao' + df['click_sec_lead_app'].astype(str)
+ ' Ap' + df['click_sec_lag_app'].astype(str)
+ ' Aq' + df['click_sec_lead_sameappchl'].astype(str)
+ ' Ar' + df['click_sec_lead_shift2'].astype(str)
+ ' As' + df['click_sec_lead_split_sec'].astype(str)
+ ' At' + df['click_sec_lead_split_sec_ip_only'].astype(str)
+ ' Au' + df['ip_device_entropy'].astype(str)
+ ' Av' + df['ip_app_entropy'].astype(str)
+ ' Aw' + df['ip_os_entropy'].astype(str)
+ ' Ba' + df['ip_click_min_entropy'].astype(str)
+ ' Bb' + df['ip_click_hr_entropy'].astype(str)
+ ' Bc' + df['ip_channel_entropy'].astype(str)
+ ' Bd' + df['os_channel'].astype(str)
+ ' Be' + df['app_channel'].astype(str)
+ ' Bf' + df['app_device'].astype(str)
+ ' Bg' + df['app_os'].astype(str)
+ ' Bh' + df['app_hour'].astype(str)
+ ' Bi' + df['channel_hour'].astype(str)
+ ' Bj' + df['device_hour'].astype(str)
+ ' Bk' + df['ip_app'].astype(str)
[Generating str_array] done in 823 s
Training 20000000 1000.8058574199677
memory GB: 25.3731689453125
