nohup: ignoring input
/home/ubuntu/anaconda3/lib/python3.6/site-packages/sklearn/cross_validation.py:41: DeprecationWarning: This module was deprecated in version 0.18 in favor of the model_selection module into which all the refactored classes and functions are moved. Also note that the interface of the new CV iterators are different from that of this module. This module will be removed in 0.20.
  "This module will be removed in 0.20.", DeprecationWarning)
[7.152557373046875e-06] Load Train
[101.65879201889038] Load Test
[112.60915207862854] Load Features
[423.6494164466858] Finished Loading Features, start concatenate
(184903890, 7)
(18790469, 7)
[479.0649960041046] Concat Train/Test
(184903890, 25)
(18790469, 25)
[507.96450543403625] Time prep
[674.7328560352325] group by...unique app per ip/dev/os
merge...
[939.6982901096344] group by...count app per ip/dev/os/min
merge...
[1203.9786324501038] group by...unique app per ip/day/hr/chl
merge...
[1345.9344182014465] group by...unique app per ip/app/chl
[1510.1172592639923] group by...unique app per ip/app/os/chl
[1762.0815598964691] Add entropy
[1841.7068500518799] Data types
<class 'pandas.core.frame.DataFrame'>
Int64Index: 203694359 entries, 0 to 203694358
Data columns (total 39 columns):
app                          uint16
channel                      uint16
click_id                     float64
click_sec_lag_app            int32
click_sec_lag_chl            int32
click_sec_lag_os             int32
click_sec_lead_app           int32
click_sec_lead_chl           int32
click_sec_lead_os            int32
click_sec_lead_sameappchl    int32
click_sec_lead_shift2        int32
click_sec_lead_split_sec     float32
click_sec_lsum_chl           int32
click_sec_lsum_os            int32
device                       uint16
ip                           uint32
is_attributed                float64
os                           uint16
prevday_qty                  int32
prevhour_qty                 int32
qty                          uint16
same_next_app                int8
same_next_chl                int8
same_prev_app                int8
same_prev_chl                int8
hour                         uint8
minute                       uint8
unique_app_ipdevosmin        int64
qty_chl                      int64
ip_app_count                 uint16
ip_app_os_count              uint16
ip_device_entropy            float32
ip_os_entropy.x              float32
ip_app_entropy               float32
ip_channel_entropy           float32
ip_click_hr_entropy          float32
ip_click_min_entropy         float32
ip_os_entropy.y              float32
channel_app                  uint16
dtypes: float32(8), float64(2), int32(12), int64(2), int8(4), uint16(8), uint32(1), uint8(2)
memory usage: 27.7 GB
(203694359, 39)
[1876.6236803531647] Get common train and test
Get common to train and test : app
Get common to train and test : channel
Get common to train and test : channel_app
Get common to train and test : os
Get common to train and test : hour
Get common to train and test : device
[2206.399414539337] Data split complete
train size:  184893890
valid size:  10000
test size :  18790469
**************************************************
['click_sec_lead_chl', 'prevday_qty', 'click_sec_lead_os', 'click_sec_lead_shift2', 'same_next_app', 'qty', 'ip_os_entropy.x', 'app', 'click_sec_lead_sameappchl', 'hour', 'ip_app_entropy', 'os', 'ip', 'click_sec_lag_chl', 'same_next_chl', 'click_sec_lag_app', 'ip_click_min_entropy', 'ip_app_count', 'ip_app_os_count', 'click_sec_lead_app', 'ip_click_hr_entropy', 'click_sec_lead_split_sec', 'unique_app_ipdevosmin', 'ip_device_entropy', 'channel', 'qty_chl', 'ip_channel_entropy', 'prevhour_qty', 'click_sec_lag_os', 'ip_os_entropy.y', 'device']
**************************************************
['app', 'device', 'os', 'channel', 'hour']
**************************************************
[2227.1848320961] Drop features complete
train size:  184893890
valid size:  10000
test size :  18790469
[2227.184900999069] Training...
preparing validation datasets
/home/ubuntu/anaconda3/lib/python3.6/site-packages/lightgbm/basic.py:1036: UserWarning: Using categorical_feature in Dataset.
  warnings.warn('Using categorical_feature in Dataset.')
/home/ubuntu/anaconda3/lib/python3.6/site-packages/lightgbm/basic.py:681: UserWarning: categorical_feature in param dict is overrided.
  warnings.warn('categorical_feature in param dict is overrided.')
Training until validation scores don't improve for 750 rounds.
[10]	train's auc: 0.965284	valid's auc: 1
[20]	train's auc: 0.969969	valid's auc: 1
[30]	train's auc: 0.973018	valid's auc: 1
[40]	train's auc: 0.975146	valid's auc: 1
[50]	train's auc: 0.977626	valid's auc: 1
[60]	train's auc: 0.979233	valid's auc: 1
[70]	train's auc: 0.980218	valid's auc: 1
[80]	train's auc: 0.980766	valid's auc: 1
[90]	train's auc: 0.981305	valid's auc: 1
[100]	train's auc: 0.981662	valid's auc: 1
[110]	train's auc: 0.981944	valid's auc: 1
[120]	train's auc: 0.982272	valid's auc: 1
[130]	train's auc: 0.98248	valid's auc: 1
[140]	train's auc: 0.982733	valid's auc: 1
[150]	train's auc: 0.982871	valid's auc: 1
[160]	train's auc: 0.983055	valid's auc: 1
[170]	train's auc: 0.983212	valid's auc: 1
[180]	train's auc: 0.983354	valid's auc: 1
[190]	train's auc: 0.983489	valid's auc: 1
[200]	train's auc: 0.983612	valid's auc: 1
[210]	train's auc: 0.983714	valid's auc: 1
[220]	train's auc: 0.983806	valid's auc: 1
[230]	train's auc: 0.983906	valid's auc: 1
[240]	train's auc: 0.984014	valid's auc: 1
[250]	train's auc: 0.984099	valid's auc: 1
[260]	train's auc: 0.984163	valid's auc: 1
[270]	train's auc: 0.984218	valid's auc: 1
[280]	train's auc: 0.984304	valid's auc: 1
[290]	train's auc: 0.984375	valid's auc: 1
[300]	train's auc: 0.984436	valid's auc: 1
[310]	train's auc: 0.984495	valid's auc: 1
[320]	train's auc: 0.984564	valid's auc: 1
[330]	train's auc: 0.984617	valid's auc: 1
[340]	train's auc: 0.984671	valid's auc: 1
[350]	train's auc: 0.984723	valid's auc: 1
[360]	train's auc: 0.984785	valid's auc: 1
[370]	train's auc: 0.984828	valid's auc: 1
[380]	train's auc: 0.984872	valid's auc: 1
[390]	train's auc: 0.984922	valid's auc: 1
[400]	train's auc: 0.984954	valid's auc: 1
[410]	train's auc: 0.985004	valid's auc: 1
[420]	train's auc: 0.985033	valid's auc: 1
[430]	train's auc: 0.985084	valid's auc: 1
[440]	train's auc: 0.98512	valid's auc: 1
[450]	train's auc: 0.985151	valid's auc: 1
[460]	train's auc: 0.985182	valid's auc: 1
[470]	train's auc: 0.985217	valid's auc: 1
[480]	train's auc: 0.985253	valid's auc: 1
[490]	train's auc: 0.985284	valid's auc: 1
[500]	train's auc: 0.985312	valid's auc: 1
[510]	train's auc: 0.985334	valid's auc: 1
[520]	train's auc: 0.985362	valid's auc: 1
[530]	train's auc: 0.985388	valid's auc: 1
[540]	train's auc: 0.98542	valid's auc: 1
[550]	train's auc: 0.98544	valid's auc: 1
[560]	train's auc: 0.985466	valid's auc: 1
[570]	train's auc: 0.98549	valid's auc: 1
[580]	train's auc: 0.985515	valid's auc: 1
[590]	train's auc: 0.985554	valid's auc: 1
[600]	train's auc: 0.985575	valid's auc: 1
[610]	train's auc: 0.9856	valid's auc: 1
[620]	train's auc: 0.985623	valid's auc: 1
[630]	train's auc: 0.985642	valid's auc: 1
[640]	train's auc: 0.985673	valid's auc: 1
[650]	train's auc: 0.985688	valid's auc: 1
[660]	train's auc: 0.98571	valid's auc: 1
[670]	train's auc: 0.985734	valid's auc: 1
[680]	train's auc: 0.985754	valid's auc: 1
[690]	train's auc: 0.985769	valid's auc: 1
[700]	train's auc: 0.985788	valid's auc: 1
[710]	train's auc: 0.985801	valid's auc: 1
[720]	train's auc: 0.985818	valid's auc: 1
[730]	train's auc: 0.985833	valid's auc: 1
[740]	train's auc: 0.985851	valid's auc: 1
[750]	train's auc: 0.98587	valid's auc: 1
Did not meet early stopping. Best iteration is:
[750]	train's auc: 0.98587	valid's auc: 1

Model Report
n_estimators :  750
auc: 1.0
                         feat  imp
0                     channel  898
1                         app  879
2                          os  506
3    click_sec_lead_split_sec  288
4                ip_app_count  157
5                        hour  133
6                     qty_chl  129
7             ip_os_entropy.x  122
8              ip_app_entropy  109
9           ip_device_entropy  105
10         click_sec_lead_app  103
11      unique_app_ipdevosmin   99
12                        qty   98
13         ip_channel_entropy   98
14       ip_click_min_entropy   93
15      click_sec_lead_shift2   89
16                     device   77
17               prevhour_qty   69
18            ip_app_os_count   66
19        ip_click_hr_entropy   60
20          click_sec_lag_app   57
21                         ip   54
22          click_sec_lead_os   54
23           click_sec_lag_os   41
24            ip_os_entropy.y   33
25                prevday_qty   27
26              same_next_app   17
27              same_next_chl   12
28          click_sec_lag_chl   11
29         click_sec_lead_chl   11
30  click_sec_lead_sameappchl    5
Predicting...
writing...
done...
<class 'pandas.core.frame.DataFrame'>
Int64Index: 18790469 entries, 184903890 to 203694358
Data columns (total 2 columns):
click_id         int64
is_attributed    float64
dtypes: float64(1), int64(1)
memory usage: 430.1 MB
None
preparing validation datasets
Training until validation scores don't improve for 750 rounds.
[10]	train's auc: 0.965284	valid's auc: 1
[20]	train's auc: 0.969969	valid's auc: 1
[30]	train's auc: 0.973018	valid's auc: 1
[40]	train's auc: 0.975146	valid's auc: 1
[50]	train's auc: 0.977626	valid's auc: 1
[60]	train's auc: 0.979233	valid's auc: 1
[70]	train's auc: 0.980218	valid's auc: 1
[80]	train's auc: 0.980766	valid's auc: 1
[90]	train's auc: 0.981305	valid's auc: 1
[100]	train's auc: 0.981662	valid's auc: 1
[110]	train's auc: 0.981944	valid's auc: 1
[120]	train's auc: 0.982272	valid's auc: 1
[130]	train's auc: 0.98248	valid's auc: 1
[140]	train's auc: 0.982733	valid's auc: 1
[150]	train's auc: 0.982871	valid's auc: 1
[160]	train's auc: 0.983055	valid's auc: 1
[170]	train's auc: 0.983212	valid's auc: 1
[180]	train's auc: 0.983354	valid's auc: 1
[190]	train's auc: 0.983489	valid's auc: 1
[200]	train's auc: 0.983612	valid's auc: 1
[210]	train's auc: 0.983714	valid's auc: 1
[220]	train's auc: 0.983806	valid's auc: 1
[230]	train's auc: 0.983906	valid's auc: 1
[240]	train's auc: 0.984014	valid's auc: 1
[250]	train's auc: 0.984099	valid's auc: 1
[260]	train's auc: 0.984163	valid's auc: 1
[270]	train's auc: 0.984218	valid's auc: 1
[280]	train's auc: 0.984304	valid's auc: 1
[290]	train's auc: 0.984375	valid's auc: 1
[300]	train's auc: 0.984436	valid's auc: 1
[310]	train's auc: 0.984495	valid's auc: 1
[320]	train's auc: 0.984564	valid's auc: 1
[330]	train's auc: 0.984617	valid's auc: 1
[340]	train's auc: 0.984671	valid's auc: 1
[350]	train's auc: 0.984723	valid's auc: 1
[360]	train's auc: 0.984785	valid's auc: 1
[370]	train's auc: 0.984828	valid's auc: 1
[380]	train's auc: 0.984872	valid's auc: 1
[390]	train's auc: 0.984922	valid's auc: 1
[400]	train's auc: 0.984954	valid's auc: 1
[410]	train's auc: 0.985004	valid's auc: 1
[420]	train's auc: 0.985033	valid's auc: 1
[430]	train's auc: 0.985084	valid's auc: 1
[440]	train's auc: 0.98512	valid's auc: 1
[450]	train's auc: 0.985151	valid's auc: 1
[460]	train's auc: 0.985182	valid's auc: 1
[470]	train's auc: 0.985217	valid's auc: 1
[480]	train's auc: 0.985253	valid's auc: 1
[490]	train's auc: 0.985284	valid's auc: 1
[500]	train's auc: 0.985312	valid's auc: 1
[510]	train's auc: 0.985334	valid's auc: 1
[520]	train's auc: 0.985362	valid's auc: 1
[530]	train's auc: 0.985388	valid's auc: 1
[540]	train's auc: 0.98542	valid's auc: 1
[550]	train's auc: 0.98544	valid's auc: 1
[560]	train's auc: 0.985466	valid's auc: 1
[570]	train's auc: 0.98549	valid's auc: 1
[580]	train's auc: 0.985515	valid's auc: 1
[590]	train's auc: 0.985554	valid's auc: 1
[600]	train's auc: 0.985575	valid's auc: 1
[610]	train's auc: 0.9856	valid's auc: 1
[620]	train's auc: 0.985623	valid's auc: 1
[630]	train's auc: 0.985642	valid's auc: 1
[640]	train's auc: 0.985673	valid's auc: 1
[650]	train's auc: 0.985688	valid's auc: 1
[660]	train's auc: 0.98571	valid's auc: 1
[670]	train's auc: 0.985734	valid's auc: 1
[680]	train's auc: 0.985754	valid's auc: 1
[690]	train's auc: 0.985769	valid's auc: 1
[700]	train's auc: 0.985788	valid's auc: 1
[710]	train's auc: 0.985801	valid's auc: 1
[720]	train's auc: 0.985818	valid's auc: 1
[730]	train's auc: 0.985833	valid's auc: 1
[740]	train's auc: 0.985851	valid's auc: 1
[750]	train's auc: 0.98587	valid's auc: 1
Early stopping, best iteration is:
[1]	train's auc: 0.893192	valid's auc: 1

Model Report
n_estimators :  1
auc: 1.0
Predicting...
writing...
done...
<class 'pandas.core.frame.DataFrame'>
Int64Index: 18790469 entries, 184903890 to 203694358
Data columns (total 2 columns):
click_id         int64
is_attributed    float64
dtypes: float64(1), int64(1)
memory usage: 430.1 MB
None
