nohup: ignoring input
/home/ubuntu/anaconda3/lib/python3.6/site-packages/sklearn/cross_validation.py:41: DeprecationWarning: This module was deprecated in version 0.18 in favor of the model_selection module into which all the refactored classes and functions are moved. Also note that the interface of the new CV iterators are different from that of this module. This module will be removed in 0.20.
  "This module will be removed in 0.20.", DeprecationWarning)
[7.152557373046875e-06] Load Train
[32.288360595703125] Load Test
[43.16244196891785] Load Features
[185.03626608848572] Finished Loading Features, start concatenate
(62080001, 7)
(20870003, 7)
[208.18721866607666] Concat Train/Test
(62080001, 26)
(20870003, 26)
[219.99288296699524] Time prep
explore/lgb_cts_0604B.py:213: SettingWithCopyWarning: 
A value is trying to be set on a copy of a slice from a DataFrame

See the caveats in the documentation: http://pandas.pydata.org/pandas-docs/stable/indexing.html#indexing-view-versus-copy
  train_df['day_minute'][~train_df['hour'].isin([4, 5, 9, 10, 13, 14])] = 0
[293.72094321250916] group by...unique app per ip/dev/os
merge...
[386.3879132270813] group by...count app per ip/dev/os/min
merge...
[493.6221535205841] group by...unique app per ip/day/hr/chl
merge...
[540.6058402061462] group by...unique app per ip/app/chl
[599.6876058578491] group by...unique app per ip/app/os/chl
[701.8763203620911] Add entropy
[732.4578471183777] Data types
<class 'pandas.core.frame.DataFrame'>
Int64Index: 82950004 entries, 0 to 82950003
Data columns (total 41 columns):
ip                                  uint32
app                                 uint16
device                              uint16
os                                  uint16
channel                             uint16
click_time                          object
is_attributed                       uint8
click_sec_lead_chl                  int32
click_sec_lag_chl                   int32
click_sec_lead_os                   int32
click_sec_lag_os                    int32
click_sec_lead_app                  int32
click_sec_lag_app                   int32
click_sec_lsum_os                   int32
click_sec_lsum_chl                  int32
click_sec_lead_sameappchl           int32
click_sec_lead_shift2               int32
click_sec_lead_split_sec            float32
click_sec_lead_split_sec_ip_only    float32
same_next_app                       int8
same_prev_app                       int8
same_next_chl                       int8
same_prev_chl                       int8
qty                                 uint16
prevday_qty                         int32
prevhour_qty                        int32
hour                                uint8
day                                 uint8
minute                              uint8
day_minute                          uint8
unique_app_ipdevos                  int64
unique_app_ipdevosmin               int64
qty_chl                             int64
ip_app_count                        uint16
ip_app_os_count                     uint16
ip_device_entropy                   float32
ip_os_entropy                       float32
ip_app_entropy                      float32
ip_channel_entropy                  float32
ip_click_hr_entropy                 float32
ip_click_min_entropy                float32
dtypes: float32(8), int32(12), int64(3), int8(4), object(1), uint16(7), uint32(1), uint8(5)
memory usage: 11.4+ GB
(82950004, 41)
Device 3032 shape : 0
[752.80748295784] Get common train and test
Get common to train and test : app
explore/lgb_cts_0604B.py:298: SettingWithCopyWarning: 
A value is trying to be set on a copy of a slice from a DataFrame

See the caveats in the documentation: http://pandas.pydata.org/pandas-docs/stable/indexing.html#indexing-view-versus-copy
  train_df[col][~train_df[col].isin(keep)] = np.nan
Length remaining for app : 376
Get common to train and test : channel
Length remaining for channel : 175
Get common to train and test : os
Length remaining for os : 299
Get common to train and test : hour
Length remaining for hour : 9
Get common to train and test : device
Length remaining for device : 1324
[851.578873872757] Data split complete
train size:  62080001
valid size:  0
test size :  20870003
**************************************************
['click_sec_lag_os', 'prevday_qty', 'ip_app_os_count', 'prevhour_qty', 'ip_app_entropy', 'click_sec_lag_app', 'click_sec_lead_split_sec', 'ip_click_hr_entropy', 'qty_chl', 'day_minute', 'click_sec_lead_shift2', 'click_sec_lead_app', 'click_sec_lead_chl', 'qty', 'ip_os_entropy', 'ip_app_count', 'ip_click_min_entropy', 'app', 'ip_device_entropy', 'channel', 'hour', 'ip_channel_entropy', 'click_sec_lead_sameappchl', 'ip', 'os', 'click_sec_lag_chl', 'device', 'click_sec_lead_split_sec_ip_only', 'click_sec_lead_os', 'unique_app_ipdevosmin']
**************************************************
['app', 'device', 'os', 'channel', 'hour']
**************************************************
[851.5891778469086] Drop features complete
train size:  62080001
valid size:  20870003
test size :  20870003
[851.5892193317413] Training...
preparing validation datasets
/home/ubuntu/anaconda3/lib/python3.6/site-packages/lightgbm/basic.py:1036: UserWarning: Using categorical_feature in Dataset.
  warnings.warn('Using categorical_feature in Dataset.')
/home/ubuntu/anaconda3/lib/python3.6/site-packages/lightgbm/basic.py:681: UserWarning: categorical_feature in param dict is overrided.
  warnings.warn('categorical_feature in param dict is overrided.')
Training until validation scores don't improve for 100 rounds.
[10]	train's auc: 0.958641	valid's auc: 0.953369
[20]	train's auc: 0.972361	valid's auc: 0.965212
[30]	train's auc: 0.975282	valid's auc: 0.969035
[40]	train's auc: 0.977606	valid's auc: 0.971756
[50]	train's auc: 0.979547	valid's auc: 0.974108
[60]	train's auc: 0.981067	valid's auc: 0.975906
[70]	train's auc: 0.981835	valid's auc: 0.976732
[80]	train's auc: 0.982478	valid's auc: 0.977441
[90]	train's auc: 0.982944	valid's auc: 0.978076
[100]	train's auc: 0.983328	valid's auc: 0.978525
[110]	train's auc: 0.983673	valid's auc: 0.978922
[120]	train's auc: 0.983935	valid's auc: 0.979186
[130]	train's auc: 0.984194	valid's auc: 0.979543
[140]	train's auc: 0.984426	valid's auc: 0.979876
[150]	train's auc: 0.98458	valid's auc: 0.980037
[160]	train's auc: 0.984795	valid's auc: 0.980221
[170]	train's auc: 0.98493	valid's auc: 0.980383
[180]	train's auc: 0.985083	valid's auc: 0.980528
[190]	train's auc: 0.985212	valid's auc: 0.980644
[200]	train's auc: 0.985355	valid's auc: 0.980782
[210]	train's auc: 0.985492	valid's auc: 0.980917
[220]	train's auc: 0.9856	valid's auc: 0.98107
[230]	train's auc: 0.98571	valid's auc: 0.981142
[240]	train's auc: 0.985835	valid's auc: 0.981265
[250]	train's auc: 0.985919	valid's auc: 0.981335
[260]	train's auc: 0.98603	valid's auc: 0.981404
[270]	train's auc: 0.986113	valid's auc: 0.981458
[280]	train's auc: 0.986191	valid's auc: 0.981526
[290]	train's auc: 0.98625	valid's auc: 0.981611
[300]	train's auc: 0.986305	valid's auc: 0.981667
[310]	train's auc: 0.986395	valid's auc: 0.981745
[320]	train's auc: 0.986447	valid's auc: 0.981781
[330]	train's auc: 0.986511	valid's auc: 0.981844
[340]	train's auc: 0.986552	valid's auc: 0.981879
[350]	train's auc: 0.98661	valid's auc: 0.98193
[360]	train's auc: 0.986658	valid's auc: 0.98198
[370]	train's auc: 0.986707	valid's auc: 0.982013
[380]	train's auc: 0.986743	valid's auc: 0.982034
[390]	train's auc: 0.98679	valid's auc: 0.982044
[400]	train's auc: 0.986843	valid's auc: 0.982096
[410]	train's auc: 0.986885	valid's auc: 0.982148
[420]	train's auc: 0.986928	valid's auc: 0.982175
[430]	train's auc: 0.98697	valid's auc: 0.982231
[440]	train's auc: 0.987008	valid's auc: 0.982249
[450]	train's auc: 0.987033	valid's auc: 0.98227
[460]	train's auc: 0.987068	valid's auc: 0.982298
[470]	train's auc: 0.98711	valid's auc: 0.982339
[480]	train's auc: 0.987141	valid's auc: 0.982352
[490]	train's auc: 0.987178	valid's auc: 0.982383
[500]	train's auc: 0.987205	valid's auc: 0.982407
[510]	train's auc: 0.987235	valid's auc: 0.982411
[520]	train's auc: 0.98727	valid's auc: 0.98244
[530]	train's auc: 0.9873	valid's auc: 0.982451
[540]	train's auc: 0.987338	valid's auc: 0.982466
[550]	train's auc: 0.987367	valid's auc: 0.982484
[560]	train's auc: 0.987392	valid's auc: 0.982489
[570]	train's auc: 0.987422	valid's auc: 0.982501
[580]	train's auc: 0.987452	valid's auc: 0.982507
[590]	train's auc: 0.987479	valid's auc: 0.982535
[600]	train's auc: 0.987499	valid's auc: 0.982558
[610]	train's auc: 0.98753	valid's auc: 0.982566
[620]	train's auc: 0.987551	valid's auc: 0.982565
[630]	train's auc: 0.987575	valid's auc: 0.982564
[640]	train's auc: 0.987603	valid's auc: 0.982592
[650]	train's auc: 0.98763	valid's auc: 0.982621
[660]	train's auc: 0.987652	valid's auc: 0.982637
[670]	train's auc: 0.987675	valid's auc: 0.982643
[680]	train's auc: 0.98771	valid's auc: 0.982643
[690]	train's auc: 0.987731	valid's auc: 0.98265
[700]	train's auc: 0.987758	valid's auc: 0.982648
[710]	train's auc: 0.98779	valid's auc: 0.982667
[720]	train's auc: 0.98781	valid's auc: 0.982664
[730]	train's auc: 0.987832	valid's auc: 0.982671
[740]	train's auc: 0.987858	valid's auc: 0.982685
[750]	train's auc: 0.98788	valid's auc: 0.982689
[760]	train's auc: 0.987902	valid's auc: 0.982701
[770]	train's auc: 0.987924	valid's auc: 0.982711
[780]	train's auc: 0.987945	valid's auc: 0.982712
[790]	train's auc: 0.987962	valid's auc: 0.982728
[800]	train's auc: 0.987981	valid's auc: 0.98274
[810]	train's auc: 0.987997	valid's auc: 0.982744
[820]	train's auc: 0.988021	valid's auc: 0.982751
[830]	train's auc: 0.988043	valid's auc: 0.982752
[840]	train's auc: 0.988054	valid's auc: 0.982748
[850]	train's auc: 0.988076	valid's auc: 0.98276
[860]	train's auc: 0.988102	valid's auc: 0.982754
[870]	train's auc: 0.988118	valid's auc: 0.982772
[880]	train's auc: 0.988134	valid's auc: 0.982781
[890]	train's auc: 0.988152	valid's auc: 0.982777
[900]	train's auc: 0.988167	valid's auc: 0.982774
[910]	train's auc: 0.988188	valid's auc: 0.982777
[920]	train's auc: 0.988199	valid's auc: 0.982772
[930]	train's auc: 0.988219	valid's auc: 0.982778
[940]	train's auc: 0.988238	valid's auc: 0.982793
[950]	train's auc: 0.988255	valid's auc: 0.982793
[960]	train's auc: 0.988275	valid's auc: 0.982792
[970]	train's auc: 0.988294	valid's auc: 0.982785
[980]	train's auc: 0.988314	valid's auc: 0.98278
[990]	train's auc: 0.988327	valid's auc: 0.982781
[1000]	train's auc: 0.988345	valid's auc: 0.982777
[1010]	train's auc: 0.988358	valid's auc: 0.982776
[1020]	train's auc: 0.988377	valid's auc: 0.982796
[1030]	train's auc: 0.988391	valid's auc: 0.982792
[1040]	train's auc: 0.988407	valid's auc: 0.982792
[1050]	train's auc: 0.988422	valid's auc: 0.98279
[1060]	train's auc: 0.988443	valid's auc: 0.982787
[1070]	train's auc: 0.988456	valid's auc: 0.98279
[1080]	train's auc: 0.988471	valid's auc: 0.982804
[1090]	train's auc: 0.988483	valid's auc: 0.982805
[1100]	train's auc: 0.988499	valid's auc: 0.982809
[1110]	train's auc: 0.988517	valid's auc: 0.982819
[1120]	train's auc: 0.98853	valid's auc: 0.982823
[1130]	train's auc: 0.988538	valid's auc: 0.982822
[1140]	train's auc: 0.988555	valid's auc: 0.982824
[1150]	train's auc: 0.988567	valid's auc: 0.982817
[1160]	train's auc: 0.988581	valid's auc: 0.982815
[1170]	train's auc: 0.988595	valid's auc: 0.982813
[1180]	train's auc: 0.988607	valid's auc: 0.98282
[1190]	train's auc: 0.988615	valid's auc: 0.982813
[1200]	train's auc: 0.98863	valid's auc: 0.98281
[1210]	train's auc: 0.988646	valid's auc: 0.982807
[1220]	train's auc: 0.98866	valid's auc: 0.982815
[1230]	train's auc: 0.988669	valid's auc: 0.982807
Early stopping, best iteration is:
[1132]	train's auc: 0.988543	valid's auc: 0.982825

Model Report
n_estimators :  1132
auc: 0.982825106586
                                feat   imp
0                            channel  1714
1                                 os  1178
2                                app  1083
3           click_sec_lead_split_sec   304
4                               hour   206
5                 ip_channel_entropy   163
6                      ip_os_entropy   157
7                       ip_app_count   152
8                  ip_device_entropy   146
9                ip_click_hr_entropy   136
10                    ip_app_entropy   132
11  click_sec_lead_split_sec_ip_only   117
12              ip_click_min_entropy   117
13             unique_app_ipdevosmin   114
14                           qty_chl   106
15                               qty   101
16                click_sec_lead_app    91
17             click_sec_lead_shift2    91
18                                ip    86
19                   ip_app_os_count    83
20                            device    72
21                 click_sec_lag_app    69
22                 click_sec_lead_os    66
23                  click_sec_lag_os    59
24                       prevday_qty    54
25                      prevhour_qty    51
26                 click_sec_lag_chl    47
27                click_sec_lead_chl    45
28                        day_minute    40
29         click_sec_lead_sameappchl    12
Auc for all hours in testval : 0.982825106586
Auc for select hours in testval : 0.966034356013
writing...
